epoch,acc,loss
0,0.52903197920046408,0.68262898386759685
1,0.45285998485054174,0.68677644041102215
2,0.46159206847371709,0.67322954979860705
3,0.4375479670435749,0.67565861103543434
4,0.43790077867095234,0.67606279640331646
5,0.43174421847326622,0.67578732161440147
6,0.43305844112557113,0.67480975970287771
7,0.46892172666276827,0.67189572662782604
8,0.43257332546839772,0.67227496782771357
9,0.43156781273022243,0.67109298775543569
10,0.4538566769713735,0.6675833060727181
11,0.49146637912030522,0.66894401091382349
12,0.45860199132459822,0.66992516532145752
13,0.47059758113066708,0.66741636382863878
14,0.44603308271086861,0.66736754290977773
15,0.45348622499450697,0.67003939640634058
16,0.45039030465953539,0.54807008084047781
17,0.44115546438173525,0.64044922648499714
18,0.49997795555136826,0.66532646413469099
19,0.55564278430357794,0.65742699084830925
20,0.47044763619870833,0.65838412535819368
21,0.45232194732081932,0.5439108751850722
22,0.4836780661824257,0.26424357746537902
23,0.47062404201864011,0.37919341799500839
24,0.44435722857286541,0.66616734264889599
25,0.54476737091467686,0.33909477712743458
26,0.55917089867749581,0.25250811531232437
27,0.47952371106783898,0.50393679233755129
28,0.45021389869634215,0.63120262272793948
29,0.484586555641699,0.36861272400949613
30,0.48904962076504677,0.26589678045808468
31,0.49884895896438464,0.25077652028760722
32,0.52735612523266606,0.39139304987958562
33,0.55994708426272066,0.23612831097854653
34,0.48788534275752049,0.52497416815086462
35,0.51498126320828419,0.31436667984962835
36,0.49574421819870368,0.39814352376786405
37,0.48261963184705248,0.38020760613072607
38,0.48829107591375098,0.2774933397155433
39,0.4868180883114761,0.4979947310853991
40,0.48124366700517829,0.48670516285294485
41,0.46684895934251597,0.60097606471276499
42,0.48633297237500861,0.59820827209959526
43,0.50349725006039381,0.25094933550047827
44,0.49602646717294441,0.33314906928424332
45,0.47858876093088465,0.64328293616312082
46,0.49769350162743209,0.31174969044161893
47,0.48916428441709564,0.38853726684539863
48,0.52293716190668293,0.25822118470163558
49,0.48090849613341635,0.51775052724759019
50,0.47720397582324892,0.52988259044168395
51,0.48830871663059394,0.25989036441912211
52,0.48817641244176468,0.26800731632000996
53,0.56913782219179676,0.24901408814903711
54,0.52667696272590847,0.47382394387933752
55,0.49439471400559543,0.66255793026777787
56,0.51917089917168202,0.28056948352053779
57,0.57901654275538772,0.3570641342726682
58,0.6062976891183538,0.42959787689479589
59,0.52537156077966407,0.27758891931176832
60,0.46744873872928344,0.59506843379757401
61,0.5570363890506993,0.24740613695987757
62,0.46034840788441694,0.61089722397709534
63,0.48980816520233006,0.65411972688437547
64,0.44799118642375907,0.66021206363046581
65,0.5035942731073173,0.31172969193458661
66,0.51592503363860087,0.52197648348509662
67,0.48752371114367554,0.65957660744289992
68,0.49589416297820071,0.61196988738598146
69,0.52811466997027268,0.65270709194536858
70,0.52981698528211463,0.64970550766869462
71,0.5229900835682828,0.66189555520612053
72,0.49136935593143449,0.64278716539012359
73,0.49142227750957473,0.37577877672322585
74,0.46160970907752807,0.66011867729165374
75,0.44313120849274484,0.63780787153813245
76,0.43361411925844739,0.66272708087363319
77,0.47669239903560939,0.65828840206254291
78,0.47671886001624242,0.65397653622555119
79,0.50504962059273872,0.66046281369453008
80,0.50078060174790084,0.45557029095650481
81,0.5338302158987378,0.2621451891471181
82,0.52976406355019834,0.43520966701077768
83,0.5322513844679051,0.64997100617670489
84,0.44695921303090347,0.61029691930438101
85,0.45623815439173249,0.64860976576828733
86,0.45838148425734687,0.47641617916788764
87,0.44300772443430164,0.62932358429471424
88,0.47718633517803666,0.61716519392229785
89,0.47914443863069078,0.25517661470546282
90,0.46002205745913621,0.40280229835768583
91,0.47232635736399736,0.25188427924138851
92,0.46811908068309938,0.53477911232834618
93,0.43471665505800383,0.65138851011812926
94,0.43191180389666112,0.67311517356938744
95,0.43215877203654823,0.66005111378851278
96,0.42858655575157656,0.65862680544652064
97,0.43528115335280998,0.65873563718436878
98,0.45231312676393476,0.54299789772773766
99,0.47855347958854433,0.47379252859812004
100,0.44631533192168787,0.53882049671584509
101,0.47033297249540079,0.25337118742160314
102,0.47030651164160014,0.24902200636206642
103,0.45554135178915062,0.39781780898890534
104,0.44976406401744096,0.41360463198569031
105,0.48297244306436055,0.24870408462162996
106,0.4573230497445398,0.42555608254210725
107,0.45953694183942106,0.40043204715810049
108,0.45456230009338167,0.42874000176273835
109,0.44122602648482695,0.56495546569153909
110,0.44131422929293268,0.63993868626272976
111,0.44186990770050288,0.66027302020336154
112,0.44370452706974162,0.66361259432116215
113,0.43981478082042808,0.65949941673179691
114,0.44127012798778276,0.6593970172760899
115,0.43992944431475794,0.65374396558171743
116,0.43567806627219408,0.64738848551194972
117,0.47319074540640316,0.51386332039718852
118,0.44054686473577787,0.5843066058100711
119,0.43528997374146094,0.65844637887584123
120,0.44009702986235655,0.66040601475967531
121,0.50930981903118233,0.42121878426611531
122,0.46796031518768449,0.60400323385317556
123,0.46122161652050836,0.65614212884953194
124,0.43856230006196928,0.6362456996119672
125,0.44579493504834938,0.54726888927773998
126,0.44680044780952533,0.65546983356624511
127,0.44142889313161571,0.55591099575319547
128,0.51193826424510369,0.26938551014888534
129,0.43697464838706146,0.64843536603126861
130,0.47410805512289489,0.4501400366891124
131,0.54625799907147554,0.53260608074663429
132,0.59894157045205609,0.62643989022961533
133,0.5586064005088649,0.26857753501230752
134,0.50058655533270113,0.61184017591145146
135,0.43678060209343689,0.6592509222823103
136,0.43018302750232595,0.63979079230824809
137,0.43190298354546841,0.65947197912190791
138,0.43057112030643874,0.65914560706253433
139,0.43258214570655845,0.66062615393000901
140,0.44081147306480639,0.65911692269583566
141,0.46865711803341648,0.55119987684625738
142,0.48315766921708442,0.65103890346486737
143,0.47978831954341478,0.6590607545170698
144,0.50053363369870207,0.6089186713711453
145,0.4936097089721192,0.60889155363950631
146,0.46380596026367493,0.64705311390017661
147,0.59678941962737364,0.41091228143431041
148,0.75966482731578366,0.26873968220399042
149,0.53429769068792088,0.35154737411671644
