epoch,acc,loss
0,0.60575965117264741,0.34703866170665726
1,0.54429989555376235,0.27840708597350289
2,0.7232899673606753,0.22744902438877845
3,0.67596031129097334,0.21666315135141564
4,0.5866549114559293,0.20837721596869344
5,0.57137817538034297,0.16916714074277542
6,0.60058214329897763,0.21159629360003576
7,0.79489305257534382,0.20453868552328358
8,0.92056449292315934,0.24151469082327695
9,0.70082469843319783,0.21966699280795979
10,0.58204190159120006,0.23939927777748715
11,0.55823594791229403,0.23703617069959204
12,0.82519955509289888,0.24064033495933707
13,0.84484233308193313,0.24875695065187442
14,0.84111135177141771,0.25695693856211083
15,0.77962513547550882,0.25099142644892591
16,0.8561499399183341,0.2416883978798697
17,0.93577066692456912,0.24063773143255959
18,0.75023594208891364,0.25201111583906877
19,0.83785666591868779,0.27614453550256179
20,0.92332524252371595,0.2322682947898097
21,0.87325247774116255,0.25459093565092994
22,0.95806835232982301,0.24921672884429658
23,0.95581918005840782,0.25549786225671839
24,0.96454244228550201,0.22831331785381487
25,0.96282248621607303,0.16086497639195566
26,0.9357794867552891,0.17858888645887383
27,0.75760087972570545,0.21309178452088207
28,0.77048731808231319,0.19350938874884174
29,0.66651378247940296,0.26470807023566056
30,0.79139139648243506,0.31422545597952639
31,0.69198676890417388,0.25367795218344591
32,0.54708710528129778,0.23910423803630027
33,0.51372878158302793,0.28631072765579901
34,0.60477177738814791,0.28065597320023833
35,0.50503197919507536,0.29897371716464105
36,0.54034840601216072,0.2859833822167086
37,0.69066372634557538,0.28480780212746032
38,0.87719514247995223,0.17334634675658586
39,0.55416979454318116,0.29679433331894883
40,0.79495479232946853,0.25029746347203541
41,0.5967453171058158,0.24628466042792738
42,0.4990077236843477,0.27561614673216744
43,0.56758545045750142,0.27785743092118459
44,0.49857552995229637,0.2726833832783096
45,0.55475193362580377,0.28463923281034526
46,0.83603968646521076,0.27501871989349408
47,0.821812564527581,0.26306927664015195
48,0.7677265688339957,0.25728109579346281
49,0.57807277127952539,0.2445734072916689
50,0.50214774608414914,0.25182343714518701
51,0.63071223997097159,0.25429327759282144
52,0.55095039040868832,0.25342329504961303
53,0.59641896634012492,0.24578271823037623
54,0.75115325038067693,0.23855001306775142
55,0.88059095267292686,0.23551383404898099
56,0.65766703533166826,0.26329522134957822
57,0.85249834071052111,0.25736017074741541
58,0.85243659873781552,0.20843262729034637
59,0.77597353618686493,0.18963604850299348
60,0.83138257532621829,0.27836506940757505
61,0.73749944782112509,0.25576946458802713
62,0.80810583979581396,0.18127964180373096
63,0.55074752458992449,0.19721591321071255
64,0.54525248560450701,0.25883141129399134
65,0.56011466848876534,0.25619816800941769
66,0.63150606585114111,0.24993278708990185
67,0.56648291527830652,0.27227358208749031
68,0.60501874644083387,0.27774421622519629
69,0.50770452647185504,0.24972405629839439
70,0.49078721692898569,0.25282482481536356
71,0.77353913715485045,0.18663321263918101
72,0.67763616460620901,0.23416765946631396
73,0.55015656546826142,0.24963065051578021
74,0.79892392146285074,0.25131039188113002
75,0.7521940444395061,0.20425244408101279
76,0.49834620276188774,0.2727892413848978
77,0.61568247284095368,0.2739938273730223
78,0.52169350115637791,0.24370388454637332
79,0.70786328497637463,0.23748066471216014
80,0.84543329139134327,0.21359157673802651
81,0.80509812190093699,0.16898184592376131
82,0.7787607476131656,0.15883591094164287
83,0.64845865705507466,0.2091084118956324
84,0.6967938254364533,0.19234155369864281
85,0.67431091571130197,0.17157922032905984
86,0.82167144029642547,0.19280169766964861
87,0.63759206344234909,0.23655657977579361
88,0.82631973221520205,0.21355146739859457
89,0.8397265678473318,0.20939630065093989
90,0.66874531508872104,0.22899826552907498
91,0.61744652931259114,0.24770532038187393
92,0.74664608417955758,0.22299446569423984
93,0.65897243770309688,0.23804762873816127
94,0.79902094438819926,0.24397177076203144
95,0.86405291559677799,0.17077349178080381
96,0.87170010385597418,0.16022123082584858
97,0.72495699997379337,0.246618974361971
98,0.74108930362558945,0.20003407206171922
99,0.81080484700833821,0.2279356906617169
100,0.60730319982063941,0.24888468844654787
101,0.70793384668714021,0.24656506398336872
102,0.65114884320207045,0.26837121970183569
103,0.56429548329463208,0.25062857523024268
104,0.84564497808242978,0.21820887381320295
105,0.85256008248870663,0.23781738877834194
106,0.78554354681595417,0.23645837102253733
107,0.90301212030839761,0.17219555948548779
108,0.68824696788977102,0.25816600980831594
109,0.46496141785494943,0.25952427235424302
110,0.52306064498135374,0.24698402611225279
111,0.76645644685859327,0.20535872072245376
112,0.74627563190696788,0.2270162716715256
113,0.76578610516632795,0.14305355829921132
114,0.85271884727372882,0.14889324501237811
115,0.82624034816401271,0.12898049240970219
116,0.83409922318986918,0.23991126612116764
117,0.52887321342115501,0.24113711117580228
118,0.63557221811622089,0.26625282923148352
119,0.72364277744897798,0.19373697460427602
120,0.72127011974367838,0.19344167114903943
121,0.82881587130560763,0.24662037307101703
122,0.50838368800929779,0.25000791819945906
123,0.4857420127197295,0.24872974855340782
124,0.493865496553686,0.2680246113407645
125,0.58448511859219288,0.24106737716505267
126,0.48792062339275383,0.23605900957489184
127,0.54382359833083838,0.262672372778053
128,0.68093495017506978,0.26842467921223434
129,0.85825798766024186,0.17998549630643118
130,0.81617640114474588,0.33013522999423922
131,0.87026239713602582,0.18716268288378421
132,0.63523704661884017,0.24676617914876139
133,0.8834487254518395,0.19798243954147526
134,0.88636824000368042,0.17925246026528438
135,0.82462623576082228,0.24022155226954078
136,0.72154354873868043,0.23605541506137573
137,0.62093054222298294,0.22440332107913699
138,0.63297023326782831,0.23757412693338431
139,0.49025799952504917,0.24439251813360088
140,0.63960308841005575,0.27504438315997265
141,0.68808820266050696,0.25798477395932862
142,0.88484233133453782,0.2277107258881039
143,0.86081587032551543,0.2462981136953539
144,0.88730319026155269,0.228392798499714
145,0.86852480095960072,0.2210909393621317
146,0.75932083535877848,0.23419925152455132
147,0.90196250771740172,0.15667886909699599
148,0.83736273083757806,0.19767889579379164
149,0.60492172309818715,0.24200379072200978
