epoch,acc,loss
0,0.56129658783546754,0.31002121220737971
1,0.7162337374956631,0.28522557815680283
2,0.80019404374317671,0.19185415191682109
3,0.76859977812330671,0.16267282477992989
4,0.85950164887318936,0.1847879231945059
5,0.69876075148582462,0.15694298521605052
6,0.63283793073636296,0.16713344144714623
7,0.57277178019646646,0.16766895195406734
8,0.64552150227071958,0.17551573042055352
9,0.52871444956470348,0.19416342071860665
10,0.67937376109544345,0.21456173008220311
11,0.74226240316522951,0.14227502559374572
12,0.65370672839544841,0.16083829660529289
13,0.65262183303935528,0.17638546644981382
14,0.61953693893804829,0.1824624970868258
15,0.58149504345727732,0.21069442673543171
16,0.62766042340682382,0.17480233786557872
17,0.62429989405937469,0.15342421226413541
18,0.55385226620991679,0.14914944715156209
19,0.66235060905279897,0.14286274308433808
20,0.67796251525886797,0.17893739923645091
21,0.76797353706588556,0.16389237218899586
22,0.73306284421071199,0.20488347827654679
23,0.53993385380920533,0.20452145564306445
24,0.56854686266072141,0.24635974220451409
25,0.71530760834340623,0.15915473912377817
26,0.72013230450229582,0.24396860207899301
27,0.59302315663279348,0.27530657921541013
28,0.53986329098126329,0.27556124520090253
29,0.49144873821682811,0.31729308233439057
30,0.51397574974262994,0.30888110263336133
31,0.56475413880445469,0.26945008152596489
32,0.63820948398297261,0.20162158346539663
33,0.69599118006071681,0.18527295544176942
34,0.55101213292552464,0.26438114009692093
35,0.61147519567506969,0.28103117637509101
36,0.59280264974100461,0.28153493331878421
37,0.65556780785749347,0.26906523395077092
38,0.79805953405854979,0.15591335352727168
39,0.6061212826241732,0.14935741033037095
40,0.55885336808424935,0.18023806160423364
41,0.59686880167947454,0.16785462515285246
42,0.6898346200483505,0.20649385077763602
43,0.77582359189892547,0.25653101733994482
44,0.80132304008963873,0.23479044953657613
45,0.72157001117229991,0.18569465321113968
46,0.69939581078231794,0.22093440791328808
47,0.75611907255688993,0.21202910689879442
48,0.49750827497329314,0.26849857473310185
49,0.46969791183858089,0.26373536952991739
50,0.46857773536621145,0.27042512757904297
51,0.4971290030631893,0.27354826259734394
52,0.52164057907485117,0.26394768026126264
53,0.4966703479470071,0.25774956943456451
54,0.53177508812557905,0.26566670756972904
55,0.59911797512129628,0.2534582508645144
56,0.5035060701290065,0.27244982181315797
57,0.493777294007131,0.25594755126198859
58,0.73356559938803534,0.25751293514660661
59,0.54826020324966218,0.27394398600289233
60,0.59449614506900772,0.27116688758665641
61,0.51140904704817336,0.26197779084002631
62,0.53091070016466135,0.26749757439506294
63,0.55145314696473879,0.26422257932075999
64,0.49592062369465434,0.2731932759002097
65,0.51240573870439121,0.26634787278424382
66,0.75705402228443208,0.17222069270501716
67,0.82983902521866815,0.16146921014003945
68,0.78712237895980819,0.20003368709373953
69,0.62100992545403355,0.1511393529378596
70,0.7410804833795428,0.14878437391328
71,0.81046967624632238,0.15744595619068133
72,0.68877618601001478,0.20580521788259587
73,0.70213891932693573,0.14065246760245279
74,0.48176406362813784,0.17975777301471837
75,0.47753032597383566,0.25896852173960927
76,0.49900772360417389,0.26147116278759408
77,0.59053583649119579,0.2291856738371095
78,0.75966482780996991,0.14835743812717442
79,0.59539581419154586,0.19288369813286527
80,0.60638589097488804,0.19391592949476261
81,0.70071885362546793,0.13545303359337046
82,0.74087761750426284,0.18782928972916321
83,0.69669680356913655,0.22555844400121758
84,0.72976405739587091,0.15003873998467585
85,0.60825579182578549,0.21018108637635327
86,0.58057773328865769,0.21811066157304673
87,0.61213671823912186,0.23642048025531351
88,0.69523263612090558,0.22284803959655039
89,0.67772436765877919,0.16979016851436182
90,0.85533847315243083,0.15378224514971511
91,0.77963395613556796,0.23006830070167841
92,0.59046527444724872,0.237883300915708
93,0.73754354965594793,0.18490926843927641
94,0.71910032978328609,0.14563624096335592
95,0.71605733119994563,0.16489556151025767
96,0.58249173526727116,0.23514110385340734
97,0.64665931912017893,0.21091099924378501
98,0.51611908020691943,0.21240795099973353
99,0.47544873879000527,0.23392752232732461
100,0.51232635666083348,0.206381576847566
101,0.50282690790285745,0.20949325428893625
102,0.47960309370612886,0.23424456233839563
103,0.50050717277261358,0.23717202322395187
104,0.47798898128322359,0.25619848478105917
105,0.49274532058996035,0.24636008443583751
106,0.47999118658975837,0.2421167356712644
107,0.47757442791709037,0.24315052403822601
108,0.47987652259532776,0.2483384445185195
109,0.49782580569205764,0.20244553868052423
110,0.51416979682944974,0.23865039262361107
111,0.5416185285546945,0.24166603097812306
112,0.52208159362599504,0.21561034835031881
113,0.49735833063738089,0.24878392968708735
114,0.4814818146446968,0.25813102840827351
115,0.48364278491894491,0.2425863371993971
116,0.503850061601683,0.22913981589472759
117,0.51838589405803193,0.23917601192698956
118,0.48881147294020838,0.23411814527397967
119,0.60013230739709689,0.26141098181590067
120,0.66076295715642741,0.24170964130312103
121,0.56092613451076057,0.23784565481240091
122,0.49470342373900533,0.26297210778854241
123,0.51037707293375323,0.24200530126693562
124,0.47363175947256098,0.26585199649944774
125,0.5900860008081501,0.28483099494548825
126,0.54648732589058735,0.29376811174868611
127,0.54488203380113132,0.2481941341435796
128,0.5188445483961337,0.29978704482975027
129,0.5680352851948901,0.21864031318769603
130,0.86908047938754307,0.15884383133250854
131,0.71433737496951188,0.26751574994052579
132,0.48199339116618545,0.27933124569774093
133,0.8608776143906266,0.15282139441985093
134,0.5724101477736544,0.2514066499891765
135,0.48309592708665983,0.25976124839654913
136,0.48433076732411012,0.25310271056091693
137,0.47667475851722957,0.25374758306833162
138,0.46739581709265576,0.24960864903453658
139,0.49453583865076334,0.24212868829178225
140,0.50133627965602745,0.22070724205033837
141,0.65309812806867051,0.17297472240221726
142,0.53764057840178525,0.33605134488972832
143,0.51169129517270295,0.2663724339193454
144,0.52008820837887282,0.22296067924831567
145,0.468692399073462,0.27605310559870394
146,0.46109813235954783,0.2577002003288506
147,0.52797354445962164,0.22867704602270186
148,0.50010143972875787,0.24659077134694568
149,0.5160220566828958,0.23289122211570759
