epoch,acc,loss
0,0.57883131201396043,0.31242556402602673
1,0.51286438808840717,0.3736214322134721
2,0.52040573318238559,0.28803678164791313
3,0.5007541345059543,0.26917852027791467
4,0.49712899668713523,0.28262748766324125
5,0.55020066151624214,0.28559273394362339
6,0.55867695700478259,0.2894336268210983
7,0.70002205071717405,0.2556170657335759
8,0.92836163175303199,0.24762953638731447
9,0.87244983461436787,0.24466310838436608
10,0.57883131201396043,0.25440089758497059
11,0.62764277838293747,0.24465398082064205
12,0.8501433296603168,0.14725153907839428
13,0.78365600881555508,0.21449228369255674
14,0.61638809260722693,0.24463359058822495
15,0.58792502755656129,0.26321127149427787
16,0.78022491730402954,0.28230634800107307
17,0.65543550165012365,0.26617922391547988
18,0.57384785004986949,0.29582438787807891
19,0.59456670341391815,0.23842824213623348
20,0.52903197354019149,0.2456605507722833
21,0.92139360528428604,0.17771763154371439
22,0.8966262403493942,0.20816551109601342
23,0.9184564498346196,0.15945053117606448
24,0.95235281145848671,0.1065614855777731
25,0.9523969128917833,0.12096482943989081
26,0.94881587650810084,0.12300273518678306
27,0.91455788312594444,0.16264053474424167
28,0.88956119073975048,0.1497417724388749
29,0.88157883130413173,0.15522082935723805
30,0.95613671443533343,0.11917182599019584
31,0.88971113561295889,0.095190270611755515
32,0.75534288863704646,0.099416458758272958
33,0.67534288863862357,0.090670756704033309
34,0.75535170892370573,0.11855873540585579
35,0.67771554575786574,0.10367552309367054
36,0.66083351708299665,0.076112691273042044
37,0.63499889746732197,0.088693777609698668
38,0.65283351708247095,0.099245016446240578
39,0.67394928335538906,0.12003647459448492
40,0.70072767364308486,0.13388804158469705
41,0.74972436603795334,0.22393373017952817
42,0.55326130098544779,0.24220223663233698
43,0.6735611907408019,0.098492523635802284
44,0.66240352811729242,0.12577855836057547
45,0.63509592062057441,0.10779055688728485
46,0.60575082689766846,0.077861473975293416
47,0.68082028666194505,0.095955647417635764
48,0.7028269018695793,0.11203194808106472
49,0.68320176405260025,0.10803497997044084
50,0.68563616316899445,0.12629746889015156
51,0.63340242557357396,0.072650122366488282
52,0.66907166483173564,0.074934128211754714
53,0.63835060639838792,0.094642170371350143
54,0.56359867695279531,0.28334220089893963
55,0.59857111356434511,0.12527137141109354
56,0.66788974641886145,0.09139334960260799
57,0.65724366041475779,0.10544472809161944
58,0.62691069459284288,0.14167430692139238
59,0.67535170892423146,0.13334709569456388
60,0.6062271223777973,0.087843050939034537
61,0.68215214993961593,0.091838870310656878
62,0.64673869900377479,0.088291186873618283
63,0.66939801542971866,0.086039805636841854
64,0.69173980154512738,0.16071167863988653
65,0.84039691290019491,0.18326061739123201
66,0.84325468576992757,0.087360516600181418
67,0.81952811466582953,0.077868188374927899
68,0.76907607496717934,0.098915912728650898
69,0.61607056228854296,0.18722570969889163
70,0.59666593163752113,0.12940883020891641
71,0.53757883131569772,0.10759147260253767
72,0.51535170892659732,0.1086157895236388
73,0.54951267916522717,0.069371133723864567
74,0.53954575523073645,0.066202795846661902
75,0.53318632855173509,0.075232385988748207
76,0.53149283352076937,0.077054304622360209
77,0.52026460859636225,0.14671055303866715
78,0.53262183020553888,0.087475209050019376
79,0.528061742003198,0.2020882172202445
80,0.49917530319209663,0.18130915353788923
81,0.51308489526277601,0.089814189909977887
82,0.57203087099936467,0.078353987433352063
83,0.56285777287341265,0.074480708645572505
84,0.54959206173832653,0.18424921095527272
85,0.55185887541713108,0.11166133119146336
86,0.52942006614741832,0.069917330468363306
87,0.5139933847807997,0.067972790705393832
88,0.51244101432875999,0.070689346957273566
89,0.52802646085629779,0.071999158540385078
90,0.50339140021656414,0.070504527520048876
91,0.49261300992545115,0.077580893482789071
92,0.52606835721845535,0.078183470893889731
93,0.50900992281776014,0.06608133154797656
94,0.51287320838190098,0.071485766629932307
95,0.51736273428518431,0.066282612486494974
96,0.51536934949860158,0.071360673280759346
97,0.55368467474719785,0.059272473602254322
98,0.53256008819892364,0.069496128440453636
99,0.54356780595001342,0.066231807879210264
100,0.52274310915472755,0.069334661466334435
101,0.53272767364413631,0.079158868116571524
102,0.51830650495773112,0.074703460525178386
103,0.51174421168214823,0.10346467500807051
104,0.50655788313435612,0.14102136868093823
105,0.50479382579460685,0.093593526135420629
106,0.53001102535490685,0.085177924384843479
107,0.49718191841602849,0.077243638996640551
108,0.5211201764015273,0.11182412055453189
109,0.51818302095186097,0.10797733561993066
110,0.50999779492360364,0.066146945486892594
111,0.50831312017377706,0.10628244423440028
112,0.56695920617682927,0.12847827866259304
113,0.59187651598939817,0.070117375008346153
114,0.58987431091878484,0.10626211345791067
115,0.58334729879036495,0.14644890830612919
116,0.57056670342154114,0.07336712067920223
117,0.53022271223341622,0.15666973975474102
118,0.55048291068986599,0.092030974399226514
119,0.54745755236782334,0.094286873421476194
120,0.52435722160444498,0.12734172875062252
121,0.57671444321546161,0.079692220558651883
122,0.63475192943928394,0.078896440899364095
123,0.61375082689661697,0.13267217858737626
124,0.648141124580766,0.18093679955667613
125,0.69165159868063708,0.20096145716423677
126,0.63237927232109326,0.18459005385538041
127,0.69082249172572396,0.18339079990284596
128,0.88173759647188532,0.14064012806831275
129,0.96173759646399937,0.20147853779270547
130,0.94956560087466846,0.17051309218822158
131,0.93277177508321596,0.091865957008853402
132,0.89640573317844263,0.074094264945092317
133,0.95238809260512403,0.089764215975182235
134,0.84744432194256603,0.11303515810577369
135,0.68070562293537396,0.14376825044161559
136,0.86175082689609128,0.13092036010810409
137,0.86582579934058146,0.087130144238723561
138,0.68767364938782227,0.073361481606188897
139,0.72575964718275054,0.10386713975536932
140,0.74224476294901298,0.11938844344387053
141,0.69336273428413286,0.062238277330981515
142,0.54543770672310277,0.092150485506504787
143,0.55243219403999777,0.073188140769710905
144,0.61668798235311795,0.054893842694948222
145,0.62374421168845706,0.061531292047380733
146,0.73893715545965533,0.13224850733756474
147,0.64830871002939594,0.0666638484185956
148,0.59591620727883943,0.060761185377150313
149,0.5629988974678477,0.068191644753637495
150,0.5352679162033338,0.062413641308660207
151,0.50160088203024311,0.073375868922406232
152,0.58865711135927345,0.078394445490593892
153,0.54113340683256783,0.063378703268017811
154,0.61352149944400047,0.074905152362645541
155,0.52388092612326476,0.06683177947752432
156,0.59078280043707132,0.060579459047308729
157,0.50890407937863691,0.066438615509224294
158,0.51128555677586385,0.086603344479433797
159,0.47349944873523819,0.16714253233497423
160,0.48913781697432024,0.13073512072937429
161,0.48285777287393838,0.19380838457284386
162,0.48405733186591421,0.1975562278922979
163,0.49933406835301575,0.2037699309021358
164,0.5752061741959299,0.22789943995404052
165,0.5986152149876528,0.22963018504274912
166,0.52459536934740092,0.2073189455560252
167,0.4671929437667296,0.19754538865150262
168,0.50653142226701797,0.18527362915841689
169,0.47489305402031279,0.18998654160381676
170,0.48277839029479314,0.19768842570580084
171,0.489014332962667,0.18737058408715088
172,0.47574862182652938,0.21339782926956063
173,0.48725909591825162,0.19171199236243391
174,0.47229988974299952,0.18574833189886356
175,0.47457552370057743,0.18201804992036733
176,0.47615435501233222,0.18877542987538956
177,0.55936493936368359,0.21357868794046081
178,0.64914663726150534,0.21202922284569131
179,0.56123484012862423,0.20463725683722317
180,0.4789062844510904,0.20750798882462626
181,0.48478941565232869,0.2001992757954123
182,0.51688643881294138,0.19265910115793383
183,0.530990077172251,0.17760864233679796
184,0.60826460860135667,0.18222130541752318
185,0.55216758545020717,0.18273791472501541
186,0.5194884233703424,0.19363856479799726
187,0.58862183021211045,0.18715989242644843
188,0.55975303196985904,0.18357887485819968
189,0.56334288864098936,0.18278845841256755
190,0.50379713340341847,0.17349012894541782
191,0.6408908489494366,0.20975954020707968
192,0.61957221609124014,0.19894581535124592
193,0.49784343990706559,0.19938727640469539
194,0.63565159867117393,0.17616640601323466
195,0.61631753031237513,0.15086463401880004
196,0.77146637265343121,0.15356627080629687
197,0.61599999999369126,0.11232170517695529
198,0.69944873208536995,0.088057754362396184
199,0.69438588753556207,0.071990870517757932
200,0.65426240352916609,0.078817738972958531
201,0.7892657111293031,0.10491139610999961
202,0.6712414553415158,0.13726067361245783
203,0.63842998897832182,0.088998753482880569
204,0.56805292171364719,0.096744687889504383
205,0.58302976847010379,0.19525365557093849
206,0.56906725468157149,0.20700889298300013
207,0.55433737596077592,0.19881061923902485
208,0.53917530319341089,0.19824678434115486
209,0.51666593163699537,0.19753530168301009
210,0.56804410142856498,0.20934820829956485
211,0.5356471885294215,0.19813207322531673
212,0.50446747518926371,0.19250545245544962
213,0.54454685777603196,0.1879873393964932
214,0.51682469680580045,0.18989842627556697
215,0.5107651598648042,0.20165301952023759
216,0.49667034178216507,0.19277900599589742
217,0.47142668136372717,0.2135825105133988
218,0.4851863285517351,0.18586364493161095
219,0.48305181917991763,0.18451419049838344
220,0.48507166482437536,0.19431920402398697
221,0.48489525909197762,0.21065751551241374
222,0.49843439912165144,0.19207942902509409
223,0.52944652701580797,0.19032643708219979
224,0.50474972436972199,0.18228542942870274
225,0.47901212789152792,0.18483020000935066
226,0.49040793825431328,0.18081851795590545
227,0.49082249172835263,0.20299740596442353
228,0.4941918412314229,0.18482640831661876
229,0.4893759647146475,0.18405114124694785
230,0.52912017640836184,0.18854941948658563
231,0.51184123484381239,0.18656167194440748
232,0.54917750826560152,0.18383645558561562
233,0.51678941565232872,0.18322713410259639
234,0.50695479603402538,0.18281557548015692
235,0.53323042998529457,0.18951466845087203
236,0.51074751929069695,0.19022096064707233
237,0.62162734289074684,0.088110704828100683
238,0.57388313120491841,0.092300309847735115
239,0.53095479602666518,0.083777810957268412
240,0.51775082690555441,0.11295552299585493
241,0.5104211686853537,0.18481013824011081
242,0.70546416758018926,0.12284632105079517
243,0.54277398014962341,0.2251492868880495
244,0.52403969129312133,0.20903895991548341
245,0.48608599779098538,0.20493719378141342
246,0.49400661521867462,0.20602151282181652
247,0.49808158764739285,0.21023008922463135
248,0.52659757442379729,0.17710858634757667
249,0.59903858875781457,0.12066740989904849
250,0.62011025358376715,0.20675277973216102
251,0.52573318632513844,0.24720162670881674
252,0.48706504961122093,0.24264764927278987
253,0.47615435501259507,0.24325382766275513
254,0.4795060639507584,0.23654899647969665
255,0.53529437706094596,0.21216975268115143
256,0.60530099227751766,0.19682241277083365
257,0.56993164278101893,0.2070757708914801
258,0.56064388092928452,0.2111797468095496
259,0.55402866592691125,0.20264463406820477
260,0.52742668136320148,0.20293113881520322
261,0.56882028665458484,0.21867158496950145
262,0.56206394707249696,0.19308600071874471
263,0.59070341785713754,0.19442453407059382
264,0.5453583241413289,0.18296305750251532
265,0.56779713340157845,0.19843737082543966
266,0.54132745313880992,0.19723251939678149
267,0.54154796030397845,0.20575831485235738
268,0.55710694596943544,0.21112878173585856
269,0.5561367144463738,0.20230717655418476
270,0.55124145534335578,0.2010319595488195
271,0.50951267915839271,0.20096428635084945
272,0.4936538037517762,0.20293369829460062
273,0.53437706724995415,0.22645993896337102
274,0.50430871003623046,0.23842791314851036
275,0.49517089305034412,0.24135526178312738
276,0.5161543550123322,0.26011177753112891
277,0.71192061741533463,0.20266454139793702
278,0.72123484012599559,0.19424536019121155
279,0.67820066151571645,0.17772315370780545
280,0.72065270120700642,0.1210338146639518
281,0.84437486217566071,0.095527272632082313
282,0.84078500550531898,0.18438030197422273
283,0.80277839029085019,0.16490805288043814
284,0.75956780594633322,0.18312735414680334
285,0.75427563395284636,0.19895877669284187
286,0.74696361631227304,0.1834658314091574
287,0.7377640573255545,0.18157328420410704
288,0.72199338478605701,0.1880429979156294
289,0.74012789414972557,0.18821725852776175
290,0.71596912899038367,0.1828418385350834
291,0.68412789415130282,0.18822949125673269
292,0.75131201763321309,0.19369469803069794
293,0.73832855568016242,0.19377481347865586
294,0.73680264608967794,0.20233369903492407
295,0.59304079382054209,0.20424885228103362
296,0.57623814773559567,0.18761657705120935
297,0.587960308712136,0.20026587911939714
298,0.64306945975218477,0.21256797273120254
299,0.72666813670918595,0.26268050135401549
300,0.74591400219823722,0.23373839499718238
301,0.77340683572584112,0.2810274864707985
302,0.75528996692550221,0.19461882245050821
303,0.55028886439124702,0.19410528046494327
304,0.57874310914684157,0.2060967367737207
305,0.65948401323305861,0.29540627994481783
306,0.58667254686145298,0.21580675416657522
307,0.55989415655430519,0.20074693438359109
308,0.56916427783377244,0.19515064851156666
309,0.51868577728355603,0.20326743628155491
310,0.48822932745682235,0.19937403722059469
311,0.48166703417466783,0.32029570056583967
312,0.4735435501614374,0.20758150563820954
313,0.67973539140179773,0.317564289352049
314,0.7591620727694679,0.3216560933880368
315,0.69010804851525676,0.28883002568351962
316,0.49027563395521212,0.21053400320698659
317,0.48648291069039173,0.20269102249359447
318,0.50736934949965307,0.20425949267678695
319,0.52639470782511288,0.21885202070657589
320,0.46360308709559916,0.21925849725502464
321,0.49323042998476879,0.20731347074965087
322,0.50282690186957935,0.21966149617839506
323,0.50775744211897167,0.19995821848327805
324,0.53876957000708237,0.19793100663887633
325,0.49768467475508382,0.2024868722130953
326,0.48201984564209194,0.19006533173066098
327,0.63282028665537349,0.12209306294015376
328,0.59740683571900655,0.20317664931813145
329,0.52724145534309297,0.2743950166029232
330,0.54828665931117049,0.29875224507083131
331,0.51700992281776015,0.31766850948814651
332,0.51758324145009005,0.2749756557603184
333,0.59207056229537747,0.25187610391432136
334,0.59220286659053567,0.19216746025605086
335,0.5591973539103221,0.16676895032638636
336,0.53006394707407423,0.20318905090169606
337,0.53784343990653982,0.20477916054454134
338,0.5272767364965647,0.19887456191171554
339,0.57539140021524982,0.19210367382573573
340,0.6135920617456867,0.10048836720828025
341,0.57428004409775324,0.084347523846283537
342,0.49306284453903038,0.20255916759221254
343,0.4630738698968288,0.19830335012943606
344,0.48642116868272506,0.19215022481022043
345,0.4966174200627349,0.15642383161144655
346,0.47506945975376202,0.19741828533407302
347,0.55062403527431214,0.17965076518690884
348,0.56373980153960723,0.14473190665708485
349,0.49656449834987637,0.18064809428550707
350,0.49035501653540886,0.20025784479786771
351,0.4769481808190309,0.20166740303619565
352,0.47436383682837691,0.2018257419249877
353,0.46787210584133698,0.19188655782852201
354,0.48253142226728085,0.20165350801118506
355,0.49916648290701449,0.21220071184978531
356,0.49589415656324259,0.23241061493114984
357,0.49841675854123546,0.23864653901812077
358,0.47671003307292059,0.19564469530048867
359,0.46911576625898627,0.19272230780032909
360,0.46977728775659494,0.20705307930095473
361,0.49654685777550628,0.21278068581770396
362,0.51798897463747007,0.19713716937283093
363,0.46259757442432309,0.31254536029235269
364,0.45538257992911629,0.32439742383857006
365,0.44980815876226837,0.32347931234389976
366,0.4574818081548222,0.30385989513899997
367,0.46833958104006379,0.23160479716085292
368,0.50203307607812686,0.29682332802981043
369,0.54757221609229156,0.20081894175782108
370,0.5245689084868973,0.28710284131148667
371,0.50906284453929329,0.27734620651230524
372,0.5042116868745663,0.29020072995935559
373,0.4841631752989915,0.23100611230169266
374,0.47263506063526495,0.24457515291182783
375,0.5103858875381907,0.18462919016969009
376,0.50439691289625199,0.18071798690336924
377,0.49100771774609531,0.21967358095224515
378,0.4968291069417699,0.2117382807028218
379,0.47195589856276043,0.19982180207254391
380,0.48071444321677598,0.20401892743263017
381,0.48060859977528697,0.20088311847959164
382,0.46772216096655145,0.22621699574720106
383,0.46917750826560151,0.20432830827144799
384,0.5000308710001532,0.19572135433988369
385,0.46985667033758027,0.19460388690707331
386,0.48149062844174434,0.20244696823012814
387,0.57602646086365805,0.19499337387611196
388,0.47235281146348113,0.19951813950821126
389,0.46041896361342599,0.19693206907037802
390,0.46272987871737831,0.19704573961653718
391,0.48425137816584757,0.1981792136771722
392,0.4839162072727935,0.22390984801433184
393,0.46386769569669301,0.2033156639252551
394,0.46077177507927292,0.20587190863514404
395,0.51330540242873324,0.19552186340575151
396,0.53294818081245932,0.20016719433884564
397,0.55394046306136946,0.24607492219364782
398,0.4702712238184541,0.2516227508980538
399,0.46781036383288171,0.21781564901349129
400,0.46199779492465504,0.30127953764591781
401,0.45668798235574659,0.31994028635690469
402,0.53829327453405096,0.29839063222737622
403,0.54763395809943249,0.30817447378618623
404,0.58461742006194628,0.2814492737060022
405,0.56292833517299601,0.20850198518550239
406,0.59670121278415833,0.19909470717166358
407,0.59001543549587077,0.18479238851537763
408,0.48484233737964483,0.19007366992058086
409,0.55215876515671336,0.2049181379786435
410,0.56056449834304189,0.20538671980136486
411,0.51928555677770383,0.19917300727775797
412,0.52570672546384611,0.18927498235455031
413,0.64108489526119883,0.20553532245306785
414,0.72227563396020655,0.20287229922919789
415,0.71381697905497354,0.20442006116239725
416,0.67006835722318692,0.1949406219240416
417,0.67624255788628562,0.18843983948771773
418,0.67790077177035113,0.19500650383778753
419,0.64241675854149827,0.20426656882904054
420,0.55606615214705335,0.19259036211383193
421,0.6461389195175129,0.17835804954468984
422,0.77457111355751063,0.18520917720893859
423,0.61157221610070323,0.19880932862821146
424,0.56620948180421582,0.31229475822199637
425,0.51588092612615621,0.30900010620441226
426,0.57544432193573147,0.20664754684229203
427,0.57943109150626826,0.18015373645392743
428,0.51147960308315732,0.1940293729737233
429,0.51773318633171006,0.18386727976352449
430,0.56631532524570483,0.17802475633324047
431,0.50645203968655839,0.19629430632003997
432,0.6040661521460019,0.19390907494479415
433,0.60086438808682996,0.19573791097226842
434,0.5441764057300319,0.18061113707132162
435,0.54432635060271461,0.18736374761205929
436,0.5473781697836837,0.18007776534089678
437,0.64755016537643184,0.17589133477886792
438,0.57857552370767473,0.17943930966955021
439,0.55061521498975574,0.18265289390403233
440,0.52833517089068827,0.20650163563332533
441,0.47910915105108914,0.20584698489046058
442,0.53771113560717587,0.1798112425497839
443,0.51097684674357635,0.18361133742814101
444,0.49499448731663209,0.19392832745790334
445,0.48740904079014569,0.19576342753304915
446,0.48333406835354148,0.19829077243945786
447,0.5438412348359265,0.19423847869881034
448,0.49397133406362564,0.18956055943735198
449,0.50262403527641508,0.18302378181288503
450,0.55611907386753501,0.18033838359006787
451,0.5473252480674079,0.18546270637130266
452,0.5162778390329229,0.18456796267448924
453,0.52930540241979585,0.18392167953135241
454,0.57627342888354727,0.2071751122272609
455,0.53808158764739289,0.18605324895686254
456,0.50693715546123252,0.18305644863136705
457,0.51198235942352699,0.1762054245557696
458,0.46760749723971745,0.18434721330683007
459,0.52528335170551332,0.18183077489489652
460,0.50268577728355601,0.18915219290794427
461,0.48916427783508681,0.18589103072906182
462,0.492048511573209,0.1860026291920161
463,0.53160749723998035,0.18762464115043098
464,0.47944432193757153,0.18934041189511044
465,0.46684013230009402,0.18425729776078881
466,0.48261080484695185,0.26312668220273733
467,0.5440264608568236,0.18069605553893001
468,0.53161631752558813,0.18243976090886183
469,0.49511797133722274,0.18449867552820087
470,0.58488202866067429,0.18875175303312136
471,0.6598632855504718,0.17739927693955315
472,0.57116648291384897,0.1863953612706834
473,0.62160970231847967,0.17161538608483004
474,0.61326571113035455,0.17582185489898383
475,0.57108710032497767,0.18727741397233719
476,0.56057331862812398,0.18835692278260535
477,0.49900771774714681,0.17785285328169914
478,0.46310033076232693,0.2007581430124287
479,0.49794928335433758,0.20350984597189783
480,0.51392282248778798,0.19527601894651983
481,0.57136052921141656,0.19391883147311142
482,0.57671444322150756,0.17738557145206049
483,0.5625049614059886,0.17187724032954829
484,0.5646218302058017,0.093513324984566992
485,0.57906945976112223,0.12158535489039249
486,0.58888643880505542,0.076946937949792502
487,0.53393605291751411,0.093472006682069592
488,0.51136493936315786,0.096309674940570009
489,0.53244542447997556,0.17950049601471496
490,0.53530319735759413,0.089728210497877145
491,0.54393825798970463,0.13277300775079637
492,0.52206394707433712,0.29013279099767586
493,0.52575082690555441,0.20668211504423828
494,0.49921058433925963,0.21136129471311763
495,0.4736758544618529,0.20491835451691451
496,0.53361852260513898,0.16521003571375326
497,0.54755457551949871,0.11525299251217153
498,0.53757001102167823,0.16272177907394769
499,0.52946416758071491,0.16779105577385553
