epoch,acc,loss
0,0.48377082228025509,0.48265263318787299
1,0.55282423680678705,0.27973571673526088
2,0.5970223024432294,0.19645656587852176
3,0.73211261601222255,0.19824208489595618
4,0.72659116609609786,0.1829520140574912
5,0.76928979556152199,0.23861094077841527
6,0.93070843324263408,0.17646822731128817
7,0.88954451950997715,0.24249504563597257
8,0.90907246105684658,0.18990927699001167
9,0.64327547554677966,0.21345881800401767
10,0.77892146373326399,0.18967292042212291
11,0.76231301081861802,0.19395029772118952
12,0.92777130398738972,0.17268790623248276
13,0.86637383145604818,0.17242360585465777
14,0.89846174949803759,0.22514733545838753
15,0.93984617033146367,0.22508704054897985
16,0.95188575549876031,0.1308436360959398
17,0.87507055625645436,0.18335133395157255
18,0.79692350856690652,0.19964802965431669
19,0.69332133816576702,0.23606779268415642
20,0.69780200461202757,0.25402890313795834
21,0.83886360002047067,0.22059985780390903
22,0.76793148287990176,0.22349505112750825
23,0.71502787127329603,0.24496925693913366
24,0.62765488523799073,0.18169789647299525
25,0.54770851478828608,0.20388267176500025
26,0.67185295128121325,0.20286813372717605
27,0.85149414101568233,0.16032245843900506
28,0.62797241392494141,0.19809284207759684
29,0.82469834602034942,0.24451642771946519
30,0.70383502684103549,0.22259202662127719
31,0.86077299862947587,0.2499870277839828
32,0.72301898045886459,0.2565755595686896
33,0.56152096149810515,0.27968015594009193
34,0.53209674557368136,0.27462381284036103
35,0.59599915683409344,0.29282260324775722
36,0.50321938221955598,0.2807190552304093
37,0.78024449440680343,0.28008339836872198
38,0.87086331867501177,0.2649834161990583
39,0.81336437890160485,0.22484803705122416
40,0.53882656515765992,0.25583326445556537
41,0.5545353564960005,0.270320754877858
42,0.60757127000600408,0.26892580029685409
43,0.65131068485861288,0.26625430839836811
44,0.63246189937825625,0.26741692742923145
45,0.796094409085499,0.28861349666967789
46,0.84580510491365946,0.22784956817074145
47,0.86017322501918392,0.24729268875064048
48,0.85990861841789468,0.2694688974834229
49,0.80893663229444968,0.27109130107971602
50,0.63380257101627524,0.27729039775257019
51,0.53953218108859002,0.27863426807522507
52,0.5357394913332908,0.27472901415658496
53,0.5243878834121215,0.27166014845260938
54,0.52380574912959443,0.27176472372356658
55,0.47203994452461262,0.27804274258077799
56,0.47174887760152506,0.30751276996554366
57,0.46026496577026405,0.34888663879323217
58,0.45154177942522228,0.36876724689512119
59,0.4710432607696331,0.33267492275777877
60,0.53837673385363916,0.29253795000953048
61,0.47469482714462224,0.28146326600875887
62,0.48361205836787458,0.28612437462976276
63,0.50485994107929255,0.27825915070486656
64,0.4906153041720096,0.29647213361466118
65,0.58701136512177143,0.19628731791368528
66,0.55764006952603484,0.23488287720978518
67,0.6770127721183683,0.267833682688424
68,0.5309412981702355,0.23206616306812433
69,0.6988868901555747,0.26892420053119698
70,0.70716906593604667,0.22427083284600338
71,0.54037010110073547,0.16088302289865183
72,0.65066680957248046,0.20585459431075448
73,0.58645569083785298,0.18972187101571714
74,0.47494179290970889,0.30174986533159404
75,0.50910246125841685,0.28019092531980477
76,0.57545689069223049,0.27556342638614006
77,0.72740262336061645,0.24256265027133728
78,0.49510478971049193,0.28031278165732815
79,0.47486241122196721,0.2895013811709119
80,0.5428573995174889,0.28289014409705476
81,0.55261255005735199,0.39257742203013812
82,0.50859970920512854,0.3403800438243364
83,0.57482183562994382,0.26172376795198921
84,0.54696761662610482,0.28686122564044247
85,0.65834921075022224,0.28948046401415095
86,0.62843988339986834,0.30962672321862394
87,0.51241003992227874,0.28939273573276747
88,0.54027307963993942,0.26049322045328266
89,0.47885796577124767,0.27555326577258671
90,0.54951665759130774,0.27738925926174191
91,0.50505398591031925,0.29398510690071844
92,0.46484265420133747,0.28111585961390473
93,0.47375106493866997,0.27706593989839845
94,0.50444539126643295,0.31858823551034615
95,0.47839049510476411,0.28927259789652399
96,0.45410846015769646,0.3159686295542945
97,0.4555196933870998,0.29473551276910404
98,0.45412610050300284,0.33126469806211312
99,0.50072326300394465,0.26836227958292019
100,0.51375953173853672,0.26226628810709635
101,0.46037962854475273,0.32446382114278771
102,0.4593035630106867,0.38352139094942089
103,0.47479184958602755,0.31080040998059377
104,0.48661974968739335,0.25630288520061445
105,0.47637066702210434,0.38868451888963063
106,0.48458228146498578,0.27473576390491267
107,0.45660457904827806,0.29021205391982846
108,0.50502752533696138,0.28051709828005816
109,0.4808866139260814,0.34114492349996467
110,0.52737793422165036,0.29973575935086055
111,0.60421077085021724,0.28760611141091696
112,0.68236663888137328,0.23517257010394962
113,0.7028471626788998,0.28761667660836177
114,0.58413597590200894,0.27047303371446191
115,0.48368262021962449,0.39184387390289466
116,0.5441627899804391,0.35582193659642508
117,0.51976609337184343,0.30919370970948784
118,0.73339154505986548,0.26723671858598674
119,0.63626340876635445,0.28510219990060737
120,0.56233241990187066,0.31288390766753732
121,0.48488216801351208,0.34625396754017024
122,0.46840601830461726,0.3603720360575019
123,0.5024343831840542,0.3361106130873428
124,0.56804791508445418,0.35377140040708394
125,0.57082628100009591,0.31240482218770421
126,0.47272792075911285,0.36318858150114974
127,0.47341589698033848,0.39410026018399247
128,0.51084004251763215,0.39636854958509465
129,0.49455793738137011,0.38849497240372577
130,0.50825572183730006,0.33541826533190816
131,0.47579735343210711,0.38842017735223378
132,0.46468389033456364,0.36531896436240757
133,0.48181273576201811,0.37835072321528052
134,0.50895251819904397,0.27636232668934135
135,0.56945914974093914,0.27443768456519729
136,0.4970893374248086,0.29933136588253184
137,0.48328571051247199,0.37141900740072109
138,0.54726750382403344,0.34445982906160066
139,0.47891970744962148,0.26439032028140502
140,0.47168713613291569,0.26210948259540889
141,0.52329417730169281,0.26588888067748412
142,0.54074937067865469,0.27993536946257308
143,0.59860111822708262,0.26009332326790613
144,0.48457346111798888,0.28402866643371366
145,0.468282535735012,0.28182986232957508
146,0.56750106254280785,0.26646378150049316
147,0.55137772106670946,0.27447153447031153
148,0.541260941353509,0.28964914261499858
149,0.85023284758576001,0.18560166373535966
150,0.61863181160144132,0.23990623493651642
151,0.54011431445044056,0.28452454498285479
152,0.65912538872873494,0.25660622818119311
153,0.69260690058666963,0.25311969988378075
154,0.51112228862451292,0.27401988881077416
155,0.55176581019738591,0.26655048589327568
156,0.68225197565844087,0.26812657010497737
157,0.80962460765322275,0.28335530166070644
158,0.54979890451371993,0.30892850040546965
159,0.50977279789900376,0.32523798468229431
160,0.47393628940311655,0.33541136355482098
161,0.4513565547799262,0.32923502511730607
162,0.45077442121580286,0.32665901360658567
163,0.45046571395950058,0.32608272442169739
164,0.44991886087425415,0.34446401892382805
165,0.44558813825032545,0.40632628754791222
166,0.4498924002588382,0.41524638977626255
167,0.45161234104197295,0.33898487946338118
168,0.44913386226340712,0.33615380917881177
169,0.45157706017471638,0.3252109649805669
170,0.45843036225312156,0.32348683152266061
171,0.45306767540637666,0.389549626536004
172,0.51794913051820268,0.39699005052781156
173,0.66998306698999899,0.25175650836941976
174,0.81924745723139358,0.252951923324225
175,0.89059412255362747,0.26367673810717102
176,0.80022226541634045,0.25996902116035969
177,0.81622212576029829,0.24826460211862983
178,0.65215742565410739,0.24589904531236081
179,0.90036691815718262,0.25268762798331829
180,0.79595328785369723,0.2577512207363824
181,0.96316680421954426,0.19583711655407188
182,0.96543359782453708,0.22039691894243318
183,0.86201665063241184,0.23587775553671342
184,0.54592683225830174,0.29689636355024873
185,0.73917760436796121,0.25272975761235705
186,0.65123130387100603,0.31975238301422498
187,0.95552850310130011,0.18845461678584829
188,0.97502998451142664,0.1842036915569624
189,0.97193409128728625,0.196338197179696
190,0.94135442811411141,0.18394197259162656
191,0.65845505480549127,0.2563549755621663
192,0.67498412520634954,0.23693542163757753
193,0.7215019063203959,0.26137695052489901
194,0.95994742760553564,0.26922902117383357
195,0.97282493277091453,0.27732601766646814
196,0.89974950349014626,0.33202665038124535
197,0.83259243442830211,0.27351360044714412
198,0.811538596798419,0.20539266471290143
199,0.93559483046841374,0.13007429921172542
200,0.80985393362435754,0.13107569874479116
201,0.61134631970251729,0.12636533851392701
202,0.79926086295208931,0.15734144297817967
203,0.88915642853531873,0.15847346726911735
204,0.65059624745563349,0.19021898701076476
205,0.49869461521527864,0.27302765806434703
206,0.51848716316195298,0.2527405561066009
207,0.83298052313116955,0.2083251923168791
208,0.94684059514695396,0.28488703346661354
209,0.89572748637974009,0.18786864345782742
210,0.94958367985125181,0.23517666947413771
211,0.88934165409682286,0.21710088208122344
212,0.86997247644196207,0.1886069086586423
213,0.85618649020824178,0.35077703670472676
214,0.66597869181784719,0.26391074557233157
215,0.78733594213106894,0.20934557655268085
216,0.8656152938321735,0.15135444599337652
217,0.52746613578809909,0.27193322832998601
218,0.61133749945645965,0.2815035416877093
219,0.55607889245392772,0.27785491617074692
220,0.85630115330539436,0.33640173646231364
221,0.53790926226082747,0.27710506588520878
222,0.47076983427307656,0.27776586596881392
223,0.46241709687913979,0.27910634304902859
224,0.4648691146808534,0.27766137595903245
225,0.53079135397398136,0.27672041684359666
226,0.49616321466556657,0.2838085606541933
227,0.47092859776776819,0.28349175591462245
228,0.51787856839938418,0.26430565644416137
229,0.63250600020439296,0.1615593932087859
230,0.59639606599107431,0.22584365505890389
231,0.91994777962727348,0.27181614311972863
232,0.72315128437973375,0.28629437077836362
233,0.65178697638020688,0.27967959444902246
234,0.63194150623536582,0.32679982654523471
235,0.55711967678690155,0.29372660302586429
236,0.48905412681903371,0.28740054250127517
237,0.57269616577563476,0.27650142022808472
238,0.50398674024037138,0.27666391671401303
239,0.46250529885972869,0.2803923525485259
240,0.55794877694794054,0.24340503358378857
241,0.6646997617888063,0.26665887875785882
242,0.53020040049605888,0.26788501240660029
243,0.71623623976260509,0.21078282548122557
244,0.53460168449858458,0.27251197205999783
245,0.48334745231846565,0.26338255936793586
246,0.4849880108756473,0.26807257042870863
