epoch,acc,loss
0,0.55484013777517827,0.31975106119580038
1,0.53980154931085245,0.27919906315747489
2,0.60932304675550153,0.26851747555059935
3,0.73929878677593708,0.20653012857536729
4,0.77928114468233856,0.18342172975611906
5,0.65593826067749961,0.24293096684083482
6,0.59495479976263432,0.27822762116916072
7,0.90912458006181684,0.17550470550710134
8,0.8270782772091021,0.23205833567920262
9,0.7005600892511723,0.25815085317098241
10,0.85425357939258562,0.25645391972618037
11,0.6938037488708948,0.27383812241515998
12,0.75042116767253475,0.24340410619977712
13,0.80605953441565192,0.24578878005763055
14,0.67451378320254463,0.23976396247262535
15,0.71540463017852196,0.2868949472900757
16,0.91580153712101253,0.18277443969157786
17,0.88802645599763208,0.21099196516287821
18,0.80501874025759124,0.14751105811384874
19,0.82781035902416034,0.20354303120497946
20,0.82045424056421168,0.2552305442094126
21,0.80461300666434765,0.25360536207465251
22,0.9564101378900608,0.25062274223265063
23,0.91724806623264343,0.24085661574185291
24,0.97290407470463391,0.19372425629536297
25,0.97155457087099351,0.22930276369324967
26,0.78121278803101446,0.24038849624619868
27,0.87335832081661202,0.27703201281834022
28,0.87415214731320001,0.25048242952677052
29,0.86893053531909592,0.24155645996836611
30,0.70938037493328798,0.25152645302130366
31,0.5795281190100684,0.24622857215107918
32,0.51141786721010318,0.24589998028526494
33,0.544882034397835,0.24871916392612867
34,0.53003749244005438,0.25469232234879141
35,0.49673209018980657,0.258512214343179
36,0.51149725005211355,0.24921854230401333
37,0.50527012772176338,0.23961137839418109
38,0.50721059070992491,0.24245497918857628
39,0.49347740449019539,0.24791504110036885
40,0.48792944429530594,0.25457477597041012
41,0.48882911343821617,0.28426878766678421
42,0.48952591624057545,0.24486997041356059
43,0.51490188052990737,0.23971088071979046
44,0.50509372188408819,0.25191614056539879
45,0.48105844100951622,0.25575617404282225
46,0.47558986329256897,0.25017222039200782
47,0.49770232191488001,0.25375069852687704
48,0.4728467542327357,0.26011050732044949
49,0.49308931198640588,0.25390171410210871
50,0.60531863651438611,0.24245155542876345
51,0.52209041391738586,0.25613355986175679
52,0.59625138224419838,0.29341897498262692
53,0.6325556817943232,0.2433199057505625
54,0.67927673873196892,0.24738651738292172
55,0.55747740386339373,0.25823636469185945
56,0.53148401927461697,0.2446267166946762
57,0.69226019969980146,0.2520947951294441
58,0.65994267101521786,0.26165554806921382
59,0.61448291424748125,0.2425847865398357
60,0.50319736038179619,0.24161771639552496
61,0.53559427273115745,0.23786853762102544
62,0.61297464605860308,0.23827687558894192
63,0.55088864950912919,0.24898483431591378
64,0.5623726625446448,0.24202026101499197
65,0.69853142349630626,0.25432125763340185
66,0.61390959489831853,0.2870350016486129
67,0.75173539044707194,0.26448693012023816
68,0.76201102368689688,0.24070928048320664
69,0.76433075869425127,0.25192777554066553
70,0.8227739756740835,0.23317475722139155
71,0.61577067621159054,0.23675950794677228
72,0.69395369455070455,0.24598348888124133
73,0.57531202240053325,0.25394965398116848
74,0.65875193128906506,0.22976997735030813
75,0.53999559560842003,0.262997294334049
76,0.49745535372241989,0.27498204843045804
77,0.50029548600923923,0.2749758106217694
78,0.48878501190568802,0.28652923196399727
79,0.49135171548074241,0.30091127724198574
80,0.49937817618497282,0.28548575223096573
81,0.52696803220577515,0.27037967990998074
82,0.48469239913641815,0.26283441448358852
83,0.56304300318610712,0.27303823340425065
84,0.61731422602998909,0.25364609413011907
85,0.51424917940662351,0.26689034984847321
86,0.52566263013269832,0.26786697944009102
87,0.69939581047739452,0.24060289979390376
88,0.70863947126344917,0.24414058022509677
89,0.54315325821444904,0.26154906994027599
90,0.50843661061852607,0.25824358835684308
91,0.57591180181293,0.25451556835211364
92,0.58065711627984384,0.24629752501597707
93,0.78295038393931715,0.25326181371960782
94,0.52812348933177855,0.31276348665114395
95,0.49352150559096775,0.27120795598567005
96,0.49388313731915895,0.27767892103976727
97,0.63932966022599225,0.2683634887953647
98,0.53593826303868464,0.26401884778291479
99,0.68658875527034913,0.2616470497877596
100,0.48736494577180722,0.26906840586357988
101,0.85924586325982444,0.2205074711937639
102,0.97025798962160925,0.13797095147137037
103,0.91301432892335155,0.18509871986224133
104,0.85850495767501378,0.25992131872466895
105,0.74149503743963963,0.23863646553990187
106,0.76461300844591529,0.21907268285990103
107,0.81089305142320633,0.21103721424903893
108,0.92583020235106861,0.23982826553823486
109,0.88497463547013688,0.23421389626533853
110,0.67763616466535359,0.22186128236414931
111,0.77885777029733538,0.19293562595759753
112,0.78440572996518054,0.21816173554627091
113,0.72633296441151263,0.23867311586591769
114,0.86853362254494471,0.21401688850906536
115,0.93219845180540395,0.16829940240215044
116,0.84662403224912997,0.1396712485044932
117,0.59983241843414936,0.14184530040775167
118,0.86252700851008279,0.13649281694322821
119,0.68861742109027424,0.2204772020479028
120,0.66692833672613394,0.20248662736491968
121,0.61180154684688715,0.14263924449283566
122,0.57701433732333496,0.15744573725326944
123,0.50079824251074512,0.23591173089177492
124,0.50760750345516104,0.26101567339027659
125,0.68626240545820116,0.268843816939908
126,0.69332745503761539,0.23037832525947696
127,0.65977508542687524,0.25625600797029141
128,0.74002205194159931,0.25832272121272021
129,0.67716868991888612,0.25586342764913989
130,0.49593826420909121,0.25397732892485841
131,0.71353473099681741,0.25684230227349802
132,0.77633516981491313,0.25618035674330319
133,0.78338257956662538,0.25993063695430429
134,0.89450054737475371,0.2027109610583607
135,0.92787650933010712,0.15616408850978583
136,0.91436382977478825,0.16555486318964563
137,0.88829988313089259,0.19186744458473493
138,0.54873649986865369,0.17705075876307402
139,0.48971114209560468,0.26060448111178908
140,0.48752371073886341,0.27723395136152662
141,0.57592062244670261,0.17796849774138687
142,0.54445866036309953,0.14676117627468466
143,0.47940022690819273,0.26579296099614791
144,0.49675855086025883,0.25767969250977424
145,0.88921719449160508,0.1950441981400563
146,0.74947739595417939,0.24009146284952779
147,0.88598014710625062,0.15002464308586774
148,0.80993163881385999,0.24373013355440651
149,0.80071443987392144,0.17604029341717817
