epoch,acc,loss
0,0.51216759097089837,0.62502695069820013
1,0.43584565173764739,0.7350260230349257
2,0.43953253138354492,0.72474829154145604
3,0.43823594954797163,0.72498168289180875
4,0.43926792309657481,0.72054287212243873
5,0.43828005089320843,0.72166544124179521
6,0.43850055793877341,0.7241246439081267
7,0.43932966495164832,0.72540299925961027
8,0.44128776849630519,0.72458128167390967
9,0.47618964285677035,0.72278258528197603
10,0.49540022688900359,0.72299128053219852
11,0.4837221676236082,0.72464514803184377
12,0.49145755902212013,0.72138854872343339
13,0.49046086659767923,0.72156504219629858
14,0.48470121944423811,0.72069196763405163
15,0.48502756999109387,0.72078988472492556
16,0.48819405288128498,0.71853949067632494
17,0.4877001168939481,0.7177713811003571
18,0.46472327012408526,0.70419898787285862
19,0.4751929505479901,0.71384297093903215
20,0.47356119732083929,0.71224252242017805
21,0.47130320395695202,0.71428499208055973
22,0.46902757015551594,0.71446350752399046
23,0.45835502343443291,0.7152314390687422
24,0.45448291736834628,0.71238234099292486
25,0.45009923492994697,0.71119766715781485
26,0.44823815451041604,0.71173752083961062
27,0.45020507852192621,0.70947679028401922
28,0.4518456517276585,0.70952825667943065
29,0.4420022117881291,0.71900205256475802
30,0.46174201318092617,0.70688269461203657
31,0.46442338045534515,0.70695985675677886
32,0.50202426218276774,0.70562341449916988
33,0.45188975318066998,0.70448495303462599
34,0.45596472551436251,0.70366014062897975
35,0.45609702979125155,0.70446148139772147
36,0.45317751505146214,0.70273604505022236
37,0.45181919083048516,0.70670923011038556
38,0.45132525488323516,0.707589985947085
39,0.52175524345175039,0.69778499315414833
40,0.54317971927459863,0.69812642301299777
41,0.55649835211768039,0.70063857580463873
42,0.56649173691622345,0.69749637814326748
43,0.58564057876480191,0.69781135543620509
44,0.59248512098781325,0.69805789037701749
45,0.56313120741894118,0.69531344524238348
46,0.571113566677389,0.6975474176823736
47,0.59274090935731805,0.69549073383851734
48,0.59861522020026636,0.6968816526491427
49,0.6101874360760885,0.69709323680123392
50,0.55019184694597711,0.69629786849979491
51,0.44922602662506544,0.70090623632341564
52,0.45478280720334857,0.70513414600080304
53,0.44797354583506283,0.69777917549772817
54,0.45143109829449468,0.70683295502746579
55,0.44389857339490996,0.71394526710295536
56,0.44854686453297749,0.71077061172228417
57,0.44373980809927249,0.70544056867164395
58,0.45031974203137082,0.70611491315582131
59,0.45413010599134773,0.70466002164528341
60,0.46515546415711712,0.70295509335775619
61,0.46629328104272039,0.70356202228040976
62,0.53525028163963539,0.70479929143273656
63,0.74160088064849305,0.70689036583405118
64,0.58343550587765047,0.70034774701787417
65,0.6321587685207285,0.70625679160176758
66,0.58014553984641504,0.69749935698431997
67,0.73190738623828322,0.69744896455915273
68,0.73392723160646978,0.69514667815808595
69,0.75693053848556802,0.69772167879265679
70,0.73903417804735372,0.70799559014925939
71,0.80892612781979412,0.69865220405623241
72,0.94582579227897534,0.69519754804598177
73,0.94846305820881471,0.6917420861061373
74,0.91101212069901505,0.36026281240446956
75,0.87259095241374196,0.19354687227595438
76,0.85440352250617557,0.18842895385922193
77,0.85540021486818596,0.17937952411941191
78,0.81048731739623547,0.18048463263956557
79,0.78685777068795282,0.17516858414474715
80,0.76901433130740593,0.18229858902004745
81,0.7642337363728352,0.17862111222159113
82,0.75355236999846609,0.15572700997634842
83,0.74183902964045223,0.15331536470526763
84,0.6996957018961586,0.15194202620011116
85,0.67962955050063634,0.1714266125033399
86,0.67863285831934561,0.17664325098591305
87,0.66821610018923105,0.20222214840658526
88,0.64299008111509492,0.19928231863192022
89,0.62229768935414365,0.19688395402597031
90,0.6134685827083598,0.19856455492994993
91,0.61597354400315651,0.1911928282337699
92,0.614862187596114,0.18906307306382991
93,0.59970893567820238,0.18421471003455317
94,0.58513782241510059,0.18757171674092771
95,0.58044542997911197,0.18697960899280777
96,0.58220948755478252,0.18613897345983693
97,0.58519074421536177,0.18640981884727417
98,0.58242999415216268,0.18476965605876686
99,0.58012789976241963,0.18226978472153921
100,0.57906946530152836,0.18430909536467993
101,0.56912018218271787,0.18029890104726387
102,0.56524807650698583,0.18593745166236789
103,0.56664168147294236,0.1779424116399784
104,0.56651819787057001,0.18227884987000906
105,0.56623594873663874,0.18448280041266474
106,0.56762955374662516,0.18114132992089152
107,0.56521279521327561,0.18011235855188296
108,0.56450717207418122,0.17910799622529391
109,0.56375744807352168,0.17966728317092265
110,0.56148181406245079,0.17620805118483332
111,0.56306064529613464,0.1742220947620565
112,0.5613847910766433,0.17455209364516142
113,0.56265491216684782,0.1707186515180957
114,0.55590739297301661,0.17273125085042201
115,0.54587872696685158,0.16737091982229776
116,0.54103638968170675,0.16565878593013461
117,0.53725248669644832,0.16428878975883116
118,0.53246307136402637,0.1710578942153278
119,0.52898787826201088,0.16318569057417137
120,0.52720618036182343,0.15944056795898057
121,0.52381037004661668,0.16380251052758232
122,0.52147299416798609,0.17104584964183123
123,0.52671224451117638,0.16794755897518518
124,0.53597354537728337,0.16144451334440377
125,0.51953253127905608,0.16443547984983578
126,0.53607056859441204,0.16233761372017688
127,0.5298787270504427,0.18250467271050289
128,0.59545755649414711,0.25182524552286062
129,0.73855788303315306,0.27228324663691145
130,0.56636825190555173,0.27081507585913417
131,0.86613450515756529,0.26538252144152741
132,0.79089746233712488,0.26687766481260777
133,0.77412127754654092,0.26529817687710711
134,0.6453715570594668,0.26503435186088176
135,0.54662845105162794,0.26518922178158982
136,0.54418523136809749,0.27354378513280303
137,0.58661080917029296,0.26518645160998466
138,0.59431091893074139,0.31402601574619954
139,0.51353473618971601,0.26298165225537545
140,0.55910915621848989,0.26484886320063944
141,0.55353473549312371,0.26437679050117435
142,0.5329570070970413,0.26356316843969746
143,0.51641897008923743,0.26429529551281494
144,0.51629548620034216,0.26858723496141135
145,0.5023682534674957,0.32126494883145995
146,0.52423374364236752,0.26612397225881562
147,0.51527233279789686,0.26885413647917611
148,0.51423153903413366,0.26380661419222068
149,0.51450496785893063,0.26351968649063329
