epoch,acc,loss
0,0.90566702723963122,0.67803879981141424
1,0.90904519755627378,0.72848248585464781
2,0.91318191191130205,0.72213066276284732
3,0.92166702750762219,0.72576183054293963
4,0.92957882462091979,0.72180347137206979
5,0.87775964205491108,0.71611700293563263
6,0.94202424868464862,0.71428882995524334
7,0.94123042288005287,0.68582531190345797
8,0.74489966761776738,0.70548368250128102
9,0.77786989823263031,0.45357500994484523
10,0.52231092033141768,0.45992163343952103
11,0.52747078770642242,0.46577951345823204
12,0.47319074533674393,0.40426779017531073
13,0.49160750351180843,0.40780405005363579
14,0.47666593826329695,0.41949993901337163
15,0.48545094363810343,0.39883507021926645
16,0.467113568021155,0.3904776559517712
17,0.548877622797313,0.3207788424684212
18,0.69929878730429573,0.28971665196081692
19,0.50326792206233228,0.2948107111899595
20,0.47993826443660087,0.30181502163157037
21,0.47965601557079196,0.34106844459200292
22,0.4745843507022553,0.3359870530894617
23,0.48203749289849102,0.28971714020638401
24,0.48177288435128451,0.28724278869436909
25,0.45929879393375167,0.51889993449872718
26,0.45607056899922421,0.55016493461564464
27,0.47970011687462755,0.29422496437005208
28,0.50896582662533507,0.46757074680670657
29,0.48867916856014476,0.28996952439884716
30,0.46915105410881314,0.43545462160917986
31,0.46805733865650645,0.44109472854209203
32,0.48271665506615263,0.28791597106249089
33,0.48450717322487291,0.28945305460810833
34,0.46705182586378668,0.45834618125868076
35,0.47771555218636136,0.34752176736957879
36,0.46885116416275041,0.42722912779116357
37,0.48276957660026298,0.30308764764985124
38,0.47506946635351421,0.40096687731735026
39,0.46530540912587692,0.48304505109040968
40,0.51104741559796196,0.54930131923275283
41,0.56307828596237608,0.28640816390104623
42,0.51154135157544134,0.51447710939843139
43,0.48760309365053295,0.52250861860021025
44,0.47783021623402211,0.3301112215631139
45,0.48895259759129078,0.27745656359227361
46,0.48800882685473629,0.31083290093219751
47,0.49928115314133509,0.29146682029956533
48,0.56359868272596836,0.27528146465398284
49,0.50748401960503831,0.2762330225033755
50,0.57196913330531307,0.2759236617876667
51,0.6502491755049179,0.27448552528989423
52,0.71618963608799591,0.29368708857601333
53,0.84395148466019809,0.2748974372835955
54,0.68762954880016247,0.49905589197609779
55,0.94856008137468462,0.69352345762454159
56,0.948436597326756,0.2875697960812274
57,0.87725688597793217,0.38031172937994329
58,0.93939580375133569,0.31116137622922579
59,0.94874530745512065,0.2808285950811894
60,0.92051157062279743,0.36255506752495748
61,0.94930098559391141,0.2755273512904422
62,0.89250716134495089,0.51144769398651801
63,0.93312458015723687,0.48090002337968624
64,0.93517088654351466,0.46136424236843049
65,0.94940682888556738,0.29963612411879914
66,0.94929216513165826,0.27377199221493237
67,0.94960969550081231,0.27202627777258509
68,0.94774861494524876,0.27871477755228369
69,0.94973317949616787,0.27280987224941017
70,0.94885997126357424,0.26921962563128654
71,0.94964497680832294,0.27110299472092747
72,0.9496096955691572,0.27387600161274556
73,0.94969789838843466,0.28139106677597386
74,0.94968907837305205,0.27500699073625046
75,0.83341124297042668,0.58880068789038509
76,0.9496537969341089,0.27449641786030515
77,0.9493627274995865,0.47946216878067344
78,0.85179271934773715,0.69246379494672639
79,0.95010363165572564,0.66971152864373351
80,0.95005953027500212,0.2655497244474927
81,0.94983902312166246,0.25397000935901543
82,0.94987430424779618,0.27298006310228029
83,0.94932744647071277,0.27545656704337157
84,0.94603747954376483,0.66167594419897247
85,0.95013891279237406,0.29003410454209771
86,0.95013009250624048,0.27688085614417113
87,0.9501124519444879,0.18505013912604032
88,0.95014773327302771,0.24304716966132908
89,0.95013009260350056,0.1884588734050463
90,0.95011245195500249,0.23422695310626568
91,0.94920396244118466,0.36519993845129967
92,0.95042116197756399,0.19404090637906399
93,0.95002424907263738,0.29560824002516617
94,0.94980374199552864,0.19247550034869357
95,0.9489922754294029,0.1920608337563687
96,0.94914222021744299,0.18522681775341651
97,0.94997132734006395,0.18394032844029368
98,0.94990076501945153,0.17853704487140948
99,0.94611686216825419,0.17342556836448525
100,0.94542005973324883,0.17081004223580917
101,0.94888643231649517,0.1696532517861469
102,0.63661301342431609,0.42244148415637933
103,0.88529216630719065,0.20866868153254739
104,0.94950385205669463,0.22773457131727171
105,0.94942446947886372,0.1917005316363421
106,0.94597573746919894,0.27427653419990039
107,0.94457331154811741,0.29923331593754737
108,0.94703417188671746,0.27719559436507973
109,0.94756338902318882,0.3656449766062419
110,0.93550605668779774,0.45867283636099748
111,0.92649172337341734,0.27310414740871675
112,0.94537595773347816,0.25383243705028363
113,0.95014773340183156,0.26876656207468552
114,0.95051818513291941,0.27243770807276829
115,0.95031531846510142,0.27468376943190553
116,0.9502447564020966,0.27387359154068974
117,0.95018301424932849,0.27354449925454655
118,0.95053582547649396,0.27341341602758074
119,0.95035941992468453,0.27334281307608066
120,0.95036824021870403,0.27220144734238749
121,0.94965379702348296,0.27121755616230303
122,0.95045644317992861,0.26981187589211642
123,0.95006835055062111,0.26644953872854449
124,0.95029767809524035,0.38758475429833811
125,0.95038588101966381,0.27252156803288924
126,0.95062402886618858,0.27574533267986956
127,0.9504740837784823,0.27255348608946378
128,0.95005953038540536,0.25999099782691659
129,0.95047408359973407,0.26214625382728912
130,0.95063284893414413,0.26920254863944909
131,0.949988967943875,0.26589377935681457
132,0.9500066084451686,0.21258696069393113
133,0.95042998235307163,0.18541924162060089
134,0.95039470118487945,0.1820288196137449
135,0.95057992724362916,0.23940801778868176
136,0.95051818510663288,0.22731231929052792
137,0.9502094750735568,0.22333827585436278
138,0.94996250705918772,0.22036284342767554
139,0.95056228657147324,0.20363729921399323
140,0.9494685709515901,0.25465938222175483
141,0.94990958522409696,0.27044110367583629
142,0.95034177940236164,0.2668914941964044
143,0.95022711544078919,0.25823663932043212
144,0.94864828408618751,0.18657158184975237
145,0.94971553904481865,0.19876588010101581
146,0.94691950809337866,0.18092132890731499
147,0.95036824025550515,0.19668789968062689
148,0.950324138751235,0.21867089156080252
149,0.95023593590041378,0.17378471131362597
