epoch,acc,loss
0,0.57049614475080956,0.61570139257241197
1,0.44553032655963037,0.68201198073991709
2,0.4488555746113978,0.61797888292875536
3,0.47221169353057163,0.41642452905822225
4,0.45746417442519449,0.51341710298204768
5,0.47327012796386203,0.42439369858592646
6,0.44745314898406791,0.63898853096130603
7,0.43985888222612385,0.65857207789980532
8,0.43825359003940778,0.65948106675540408
9,0.45308931219275494,0.55782764353049918
10,0.44782360099642121,0.64647218936505235
11,0.45001985239943176,0.66871563589406258
12,0.4716383749686896,0.34214254805436906
13,0.44615656681728466,0.63139045218283174
14,0.46497023823834305,0.55724969397234281
15,0.45079603751741409,0.64340462345742266
16,0.44115546431076169,0.66724240680746971
17,0.43368468142002659,0.66616778765142592
18,0.43980596051589393,0.66464873371277189
19,0.43380816546072637,0.66745464054491566
20,0.43276737175873647,0.66486452008157071
21,0.45297464855450648,0.65143634233158598
22,0.44269901465751899,0.64715623938690126
23,0.45524146214078254,0.5758962543968128
24,0.44149063524495413,0.57634539882377567
25,0.43556340257545817,0.65166322001461552
26,0.4311532591255392,0.66257849464740737
27,0.42972437293421734,0.6614082391918652
28,0.4345490696950679,0.65447219409552726
29,0.43063286228900183,0.65871502517581626
30,0.44807938929692387,0.65152344911742588
31,0.45124587206685424,0.55715619148939211
32,0.43553694175517282,0.66207904250258887
33,0.43340243244710014,0.6473114746802584
34,0.4572348469620634,0.66376935088635258
35,0.46023374413970813,0.64144703739043496
36,0.45792282898870296,0.56806176290372379
37,0.4781565669648834,0.345579420061839
38,0.43860640163458431,0.66238951643297095
39,0.44528335843551514,0.55904118809358294
40,0.46349725036991735,0.34005761586230548
41,0.43248512251834492,0.65157762523157026
42,0.43183242136548872,0.66252943297949762
43,0.44370452712625758,0.66186094721566879
44,0.43224697484136809,0.66192787795980146
45,0.43486659983487219,0.66182623845261268
46,0.45548842993171634,0.52621587466030328
47,0.45679383241749127,0.60787317863604429
48,0.45560309371585489,0.44779124881272958
49,0.47201764714954442,0.26109539928376302
50,0.46663727234716323,0.38136957315281633
51,0.45202205745098739,0.66209116956146363
52,0.45488865048580424,0.66586351855153558
53,0.45164278513409994,0.59666517258244745
54,0.44501874976410494,0.64980699805016273
55,0.4699625203088994,0.3691721479893999
56,0.45512679830604247,0.6594085439901054
57,0.46654024924635229,0.40388806724368603
58,0.46158324828024344,0.45874821566473134
59,0.47050055788528039,0.39803566112911754
60,0.48242558537993702,0.2719108163437734
61,0.4498875481153139,0.66094856865620377
62,0.44000882718699769,0.66022723249131743
63,0.44371334758325343,0.62824516471895508
64,0.44024697475882851,0.65951889816049003
65,0.4302976913580952,0.66265756030403755
66,0.4378654973410982,0.6676660014299699
67,0.44798236639851902,0.65184615473081231
68,0.44370452716437303,0.6669485829977676
69,0.44305182596354398,0.66117683491470636
70,0.44245204646243019,0.66303230991927353
71,0.45089306084297459,0.65130614611979232
72,0.43613672119911345,0.64185316022340633
73,0.44235502321047188,0.55557951817697659
74,0.445733193270821,0.65420282065923541
75,0.45079603758115883,0.66054130495443697
76,0.42960088895989096,0.68516019924266391
77,0.42925689757856011,0.66322528203359443
78,0.44940243225310578,0.45004898563827067
79,0.48291952145467654,0.25514493672677163
80,0.46657553049997563,0.52595265857464091
81,0.43125910267677431,0.66077306022393556
82,0.43133848525066226,0.6756465180439899
83,0.43045645663073201,0.67163136171752302
84,0.42878060212077485,0.6541712295207246
85,0.43633076742505028,0.65481002233832741
86,0.43528997361857152,0.66147657533220716
87,0.427184130307595,0.66212899314756535
88,0.42809261989830083,0.67045263603751803
89,0.42833076748196058,0.66199696326886714
90,0.45901654485830795,0.35276620682699428
91,0.45569129664290703,0.46186602736272148
92,0.44687101015576719,0.44684738722562894
93,0.43689526586114635,0.66059458652852832
94,0.43349063521906189,0.66887367513439933
95,0.43341125283969406,0.66098064440532689
96,0.43078280724593271,0.65612511812627206
97,0.44941125255763992,0.50232854619156664
98,0.44314002887088122,0.65344446959589397
99,0.44590959883511661,0.52650506276254905
100,0.45817861750081196,0.34931522932006925
101,0.44521279620493392,0.63191913360568275
102,0.42776626925549932,0.66191909117031023
103,0.42711356795938171,0.65016974425304641
104,0.42900110926491425,0.66353127008823365
105,0.43181478076496355,0.65792973351568151
106,0.44556560759244707,0.62520196232795788
107,0.55404631190289477,0.4940462996645425
108,0.63944432562083631,0.25023806002971766
109,0.61045204472055514,0.26104972074795291
110,0.57719074442473373,0.62653703560641338
111,0.54550827470609087,0.66135283553251956
112,0.43774201333917095,0.66073582330706748
113,0.45818743775474458,0.66722818152230579
114,0.44073209057832108,0.65958117768801161
115,0.43090629112694201,0.66419509385597908
116,0.45841676534142228,0.62699683638254478
117,0.44602426248782262,0.66368124342084944
118,0.46448512255554031,0.66290525364027597
119,0.44784124166989142,0.42942493831935113
120,0.43465491304455411,0.57417380741556034
121,0.43020066839528848,0.66489514269639449
122,0.42848071236923224,0.66811892474399004
123,0.42728997358085041,0.65451918948403831
124,0.4327144500110483,0.61615987256146054
125,0.43709813234627315,0.64575627840717831
126,0.44681808814587115,0.64090758986201002
127,0.45031092166243475,0.48265863084733368
128,0.46029548626093247,0.66035204187640728
129,0.4436692458805202,0.66014541497847501
130,0.51318192454459521,0.66212063148271016
131,0.50300331401982668,0.49937388028733976
132,0.46261522181241749,0.2666103698875808
133,0.46736935617971054,0.24939140970684232
134,0.44157883812009041,0.48317480733304535
135,0.49488865027814083,0.31170196589839949
136,0.5267034240088363,0.46898710109126013
137,0.57427122917761486,0.64551308128462148
138,0.56412789982301004,0.66629308274302168
139,0.51268798875440702,0.66150817028882136
140,0.50040132966824902,0.66757290944537695
141,0.44792062415243378,0.56004779833126639
142,0.46577288421801194,0.25876895212133766
143,0.47113561858941594,0.56919654438540346
144,0.45367145098491174,0.65824683618809343
145,0.50869239896700169,0.63711117486352464
146,0.53379493451236759,0.65175539485898237
147,0.52242558508092807,0.66033146316275304
148,0.44726792276365623,0.66174116484798962
149,0.48441014987696884,0.66373323443428045
