epoch,acc,loss
0,0.5706637321272916,0.29318393651165148
1,0.58457332304517651,0.28700101460174915
2,0.64088203175656722,0.25683590663229472
3,0.9348886386706784,0.14616508281846247
4,0.74081587611380328,0.17153366146178206
5,0.75319073812767057,0.15722197350274408
6,0.64906725820330569,0.19448642162931551
7,0.91410804352397557,0.18955534567017429
8,0.91750385379383814,0.17695967967619614
9,0.91664828756152594,0.16406987674089016
10,0.80588313028002789,0.14937928740273243
11,0.9605556724773352,0.15904229331120404
12,0.82263285355636273,0.16348662501315814
13,0.83312899487415515,0.14736621215530668
14,0.76229327412989589,0.16168432404979322
15,0.92794707387587205,0.23844477781360329
16,0.79268798161104992,0.19072423864164059
17,0.7672855547908386,0.17316480206388654
18,0.79800661194745082,0.15948010884297956
19,0.60787651939586607,0.16381854665493614
20,0.84454244262459788,0.19434213325103364
21,0.80554795746897911,0.27714912077402648
22,0.63372877904178027,0.25782377512522869
23,0.65420948389412414,0.26394614356941087
24,0.91440793465621684,0.21257885257210005
25,0.9462844487416836,0.19270992485254396
26,0.68127894342077078,0.25079159462015627
27,0.92446305996593592,0.21405902535637245
28,0.85764938985236816,0.24929485082333688
29,0.76978169695742205,0.25310071887016383
30,0.62784564841608492,0.25921982411187144
31,0.77372436427360336,0.25651122081995581
32,0.73779051759934344,0.3213730079907044
33,0.79002425279612054,0.28285592849822039
34,0.8209922788286419,0.25169184769628983
35,0.86785445894926883,0.24335033654641941
36,0.62075413775286314,0.25500044039565889
37,0.78099227907310642,0.27045290158744856
38,0.76740903850624287,0.26349968014152464
39,0.81918411966392723,0.27011301770235385
40,0.5137552426885218,0.2698720052560285
41,0.62174200890016929,0.25825899340688308
42,0.54728997174276672,0.25497038269459077
43,0.54670783360054365,0.25622681582361473
44,0.53212789942240368,0.27262813147438736
45,0.48949945530200084,0.25107105571987698
46,0.51710695224402359,0.25252483150852595
47,0.50710474732363764,0.2511951779505846
48,0.51018302724274678,0.26509773306138468
49,0.53369791128209565,0.2486504516953533
50,0.49046968676946656,0.25152761058758893
51,0.50475855088943689,0.26504280247416045
52,0.70033076126033966,0.25598376105337672
53,0.58307387424014767,0.25898616067514307
54,0.53127233183305078,0.26550117623179359
55,0.69064608630166691,0.26806658176255005
56,0.70923925063510185,0.24307499538904592
57,0.52363396381135807,0.25551314955942755
58,0.56507166965005151,0.26535955690973256
59,0.63679823818385539,0.2226272301955306
60,0.83424916924951886,0.22411567098631327
61,0.71550165327078974,0.25562559242096222
62,0.6881234844280314,0.24635324681789544
63,0.7297640567071646,0.22851149255470263
64,0.65684674862135595,0.26392846564620281
65,0.66502315431997561,0.27970843281742802
66,0.74519955694018281,0.19678219856829288
67,0.76465710948294285,0.19396111573876856
68,0.51937376535188529,0.25897108885088449
69,0.62560529432788314,0.25600633098502545
70,0.57142227544542712,0.29341264123812022
71,0.80568908216277713,0.22032076637371134
72,0.87495479112817542,0.20394604351754278
73,0.76967585266885052,0.14507367467321172
74,0.66961852524942966,0.12709495530023998
75,0.61540022482682744,0.14970999538298294
76,0.54060419572490581,0.1399313956088736
77,0.52042338012794676,0.2260848732980239
78,0.50261522144506365,0.2380817043827009
79,0.5351620788335012,0.19060241790833846
80,0.5052877681974276,0.16504059579026306
81,0.51960309348597944,0.2054399921041907
82,0.52469239868166162,0.16804801125832611
83,0.51651599306453022,0.18697511758189081
84,0.51946196892755692,0.23181468585590431
85,0.52070562904567153,0.22821463432410929
86,0.48566263068274335,0.28121614422708952
87,0.47870342443770059,0.37211942853989877
88,0.48319295043522098,0.33345236651089299
89,0.50710474680185058,0.26048287505965667
90,0.53730540797163662,0.29274553325907748
91,0.46775744894307925,0.39010638212502169
92,0.47974421829083791,0.36672023054181585
93,0.52448071145498765,0.2200935272437119
94,0.48624476951367274,0.26910681890323096
95,0.48205513337284095,0.34265833709635829
96,0.4928070626375825,0.33652727670206989
97,0.47703639018364752,0.34098728130856698
98,0.52253142765759109,0.29528031679667766
99,0.59774201007701599,0.22451957172422995
100,0.55378170309150887,0.19146223694432604
101,0.4921808222038086,0.2541785794493403
102,0.46951268595200785,0.2723790042304815
103,0.5130055182909361,0.27532572362162228
104,0.62660198679372525,0.21809954920745181
105,0.64902315498712704,0.24922488619153357
106,0.51302315861348147,0.27758424149999106
107,0.50208600356665567,0.28780716813831742
108,0.65271885456626177,0.24567197950522496
109,0.6017199590917196,0.25468934162646717
110,0.59115325586272705,0.23049904914110597
111,0.52897023645822105,0.27939670311136122
112,0.59300551599152429,0.26520945730679857
113,0.62822491942390457,0.28150338973554345
114,0.75371113442402038,0.18337403269485511
115,0.61469460052455538,0.21850607052698734
116,0.63923263731444424,0.1922183961841446
117,0.71993825773091402,0.22941476899482929
118,0.65631753271377857,0.26118711019445479
119,0.48918192500579188,0.27929707069868304
120,0.64215215243275925,0.26693118128020715
121,0.50672547438770299,0.26696380881916248
122,0.45536494600339128,0.32537144038879673
123,0.52027343459008413,0.31418146463062174
124,0.63095038856863317,0.28952618623665283
125,0.53243660970323015,0.26966185374766588
126,0.51077398583473677,0.29756996324064333
127,0.51846527576972268,0.31550561607325944
128,0.56453363201452589,0.28424093643670784
129,0.65459757706690513,0.26122210866533041
130,0.54640794365053802,0.27512088930236006
131,0.48180816497994627,0.26476757014787095
132,0.55833297096513201,0.28914145187720774
133,0.50274752549720314,0.27751123424785928
134,0.70494377112046891,0.25974138535725844
135,0.51420507782415092,0.270866027097245
136,0.52102315931230814,0.25959900904599592
137,0.54711356690595014,0.26280346906504487
138,0.5824211734487309,0.25508988414848704
139,0.58392062191729244,0.28146066189320201
140,0.53853142740248061,0.26226857933544501
141,0.62729878987209275,0.30416595088595733
142,0.56445424938872213,0.26086386534304978
143,0.6560793852280361,0.22634231668284852
144,0.88394266256161014,0.15122978423293876
145,0.75542227024608832,0.21637196556160629
146,0.63497244005035014,0.20924108394548163
147,0.67708048735195903,0.18488462240485082
148,0.82534950177685296,0.22314501358173344
149,0.58735171364318439,0.26725997749160807
