epoch,acc,loss
0,0.55745976312092149,0.34763610117311305
1,0.54768688558809286,0.34175654147508228
2,0.59985887980973707,0.29282214579758437
3,0.70528776301241503,0.21918550916377849
4,0.80742667829648662,0.16960261103861379
5,0.68943770860758213,0.17065313734379467
6,0.63792723640520232,0.18592151216056305
7,0.61600000422739531,0.14071317351915594
8,0.64662403857629114,0.12416133621251627
9,0.59596913375757232,0.15163154116050145
10,0.75802425420928288,0.16749498796269752
11,0.69014333122948957,0.13500504318744153
12,0.59442558384191369,0.15879802415025265
13,0.59117089800035549,0.17313287347950221
14,0.56385447105998632,0.19529593167015163
15,0.5515237101942071,0.19495648768344506
16,0.58165380927798771,0.17412993088107498
17,0.5661212842315928,0.22672040811669084
18,0.63004190005238814,0.17735037757288918
19,0.9262447576183731,0.15274746876523893
20,0.89338036922727693,0.14083716910666297
21,0.79889746173016951,0.16181910617299983
22,0.78544652459771258,0.16537241623102178
23,0.61576185614363488,0.16243870173055827
24,0.62700772167960761,0.15751842467704902
25,0.61308930931635441,0.24465218721625495
26,0.79039470519751409,0.20821436454963985
27,0.58649614535855354,0.21713398757757887
28,0.74587871952645701,0.17005231321679634
29,0.77502094603623151,0.19908873064933652
30,0.6939095928361424,0.24670266314801229
31,0.87517529682392847,0.30358502282558614
32,0.92441013667654437,0.2911089750309232
33,0.90667254006060904,0.18741833065643784
34,0.80117309475286791,0.23612454870714253
35,0.89383020316424155,0.30106037819882892
36,0.80153472696998807,0.2268829266305239
37,0.84932303800669628,0.23485968049705097
38,0.71555457491070329,0.25330169770770072
39,0.76273428673058119,0.27986014323230396
40,0.90833075431768007,0.25372476465585081
41,0.78357662401362316,0.24081492141977956
42,0.60798236226562363,0.27157972940006436
43,0.88857331192348865,0.19745229790636035
44,0.77759646895964851,0.22084152064079141
45,0.85428003849439083,0.18775560983304204
46,0.71515766205506393,0.24342315504711398
47,0.801596467730886,0.24141583631038857
48,0.87889745759464544,0.24677377464477837
49,0.61247188864561264,0.27111617839697211
50,0.67668357318790906,0.26193107548535205
51,0.78573759306489177,0.21693464686474431
52,0.6177817006049372,0.26236609880758993
53,0.64866152267997557,0.24903544402710565
54,0.68404851197999261,0.24642231391397365
55,0.83632193548413858,0.23928294139942816
56,0.80981697491997529,0.24608963454651683
57,0.77661741747942881,0.24398625007617938
58,0.68523925031296085,0.25377694086599106
59,0.85775523124219566,0.21865616787851611
60,0.88812347697975091,0.23929453376401652
61,0.86187430495726891,0.24211160268209581
62,0.82946857310839761,0.24952353639939223
63,0.70065711095222694,0.24351480904043502
64,0.79055347031768919,0.19942232498748746
65,0.74661080375001609,0.1621557833885178
66,0.78885115703779385,0.17790384753980115
67,0.72735612027766028,0.24552185288323272
68,0.73810804885566694,0.25428040132139623
69,0.69062844737887774,0.26239083141938829
70,0.68813230659956448,0.25224527296067256
71,0.56472767878787911,0.25325701322579663
72,0.87043880407773411,0.24266428561932443
73,0.66097464320020871,0.29506039661011679
74,0.70633737587219037,0.22750025855863093
75,0.77567364749532552,0.210215798834195
76,0.66064829380207313,0.1571926771374034
77,0.82290628103594798,0.23869784129748198
78,0.64371334307906125,0.18059242368292788
79,0.58236825031180106,0.29184226270049585
80,0.79817419701334924,0.38491559068862319
81,0.8044718826020828,0.22556163794826647
82,0.83070341433159178,0.23972225266148764
83,0.65029327636845446,0.2930708594482026
84,0.64511576857495856,0.27056948790783514
85,0.69256008854380258,0.27386895902887415
86,0.61368026639292761,0.28711795412437496
87,0.77593825580003906,0.242587757397732
88,0.90893935454785491,0.23275752310494638
89,0.91636603575622888,0.17723138899954405
90,0.94212127257208311,0.20105024324834028
91,0.87081807634664865,0.16203274142632887
92,0.83706284069042358,0.18214565610255803
93,0.7786637239905676,0.31478967841701777
94,0.82956559653647544,0.2166826901501685
95,0.60530981569200792,0.21932096942217671
96,0.70024255910019628,0.27092133098439747
97,0.65314222997315274,0.17897597128229881
98,0.59914443670454731,0.18106011762626209
99,0.52337817612135951,0.25942694390475107
100,0.50590518833783915,0.27323849454150373
101,0.48178170440149676,0.29439246955833642
102,0.47783021623270777,0.27451126327019748
103,0.48164940029349845,0.25999851554483872
104,0.48767365599940343,0.24811307124332788
105,0.4882028729334687,0.28877354736526667
106,0.83065049204503028,0.25489610033521293
107,0.64115545954239017,0.22625862167520505
108,0.88089084211494584,0.14735955496015476
109,0.81061962153774902,0.16589095756322769
110,0.85380374316080931,0.14076316636452044
111,0.85226901326907645,0.15838744458836734
112,0.83499007240611378,0.14640605763298459
113,0.72857331730762154,0.144846158844392
114,0.55664829620255651,0.20921594308043034
115,0.65914884331142232,0.21237949889642013
116,0.66699889817206315,0.24510816711722799
117,0.71573098046251271,0.23512016991738302
118,0.78688423098579396,0.26775351851497631
119,0.75900330519071624,0.29796102159450327
120,0.63604851334399926,0.20542158171237618
121,0.83226460401383628,0.19771748814156812
122,0.65540904189877891,0.23993776023194707
123,0.69759647141086489,0.2356929856544657
124,0.86509371015307923,0.17747326925898427
125,0.88130539648850936,0.22229890606143757
126,0.84498345773432981,0.12726432741150503
127,0.85102535329750906,0.19394715471017868
128,0.9297640507513002,0.15035698333418598
129,0.87933847287261102,0.15764369308578058
130,0.81607056007561374,0.19223230219283385
131,0.94235941986790561,0.22996092994697462
132,0.79935611753965818,0.22811860441563575
133,0.51880044730916175,0.23256878172240095
134,0.50938038117304663,0.22494973554084502
135,0.55496362143932398,0.24036900244871609
136,0.6162734317562677,0.23235774026414138
137,0.52079383124064449,0.23380383144355704
138,0.60112018021359592,0.23880753485050116
139,0.52845866054197921,0.24758491951223571
140,0.53151929977776069,0.2320327569123293
141,0.59993826116590276,0.23470224670844314
142,0.53260419482827315,0.25498342346947167
143,0.61646747786720113,0.26892542346661791
144,0.64774421340509702,0.25702722207535689
145,0.89572656432020892,0.20781408186102529
146,0.69863726588699226,0.2577875064645318
147,0.59842117187995236,0.25694735875294744
148,0.51282029201072266,0.2415545883301401
149,0.48811466985724067,0.24298364479643605
