epoch,acc,loss
0,0.60777949565235023,0.57110002699661244
1,0.44925248748478053,0.67649696130363879
2,0.43891511143502482,0.67445593078177613
3,0.43876516645575042,0.67263985602318344
4,0.44415436174667133,0.67153697309216598
5,0.43645425146114997,0.67386289975784175
6,0.43564278529260753,0.67385792296550628
7,0.43606615893567408,0.67479371773112273
8,0.43578390965059549,0.67658369031875065
9,0.43745976424861244,0.67623306785159909
10,0.43142668810411222,0.67583703523691363
11,0.43409041481480709,0.67509305087123039
12,0.43665711800213552,0.67028142878621499
13,0.43574862838185741,0.67013267196892801
14,0.44219625817309932,0.67077884588206216
15,0.4430694664102931,0.66981481408551313
16,0.43765381054157987,0.66953536422402948
17,0.4365512747689671,0.66993895345592158
18,0.43040353488895833,0.66899541465213519
19,0.4317530388310305,0.67082366065203447
20,0.44723264181758499,0.66990821810588974
21,0.43259978618682288,0.66789702056793299
22,0.43329658893069462,0.66834883725369365
23,0.43862404211879169,0.66795200339750338
24,0.43701874993864731,0.66785822414806373
25,0.43541345773550222,0.66771459284631318
26,0.43843881603046975,0.66720877348243035
27,0.43883572889465217,0.66600003674431529
28,0.44123484699702448,0.66629843235625019
29,0.44091731654506799,0.66651709703915707
30,0.43881808822906793,0.66580451326100754
31,0.45660860646060181,0.66658276365141778
32,0.47276737157604531,0.66563389967593367
33,0.46931863939551821,0.66689657191088969
34,0.48135833074594414,0.65944703207994027
35,0.48351930091110323,0.66421729693927034
36,0.45644984140877159,0.65219363483986548
37,0.4687276805275199,0.39136377341216105
38,0.45684675423878163,0.55763608033515066
39,0.45717310507544606,0.65152677769388678
40,0.46161852924208657,0.63884693733290909
41,0.47501654477471683,0.6428359673201659
42,0.44734730537303097,0.66189700493785786
43,0.46315325908518939,0.66248282255226787
44,0.44556560769956455,0.66151053789623471
45,0.45357442791433028,0.66156320021697379
46,0.45537376648995948,0.6618596957134939
47,0.44853804414695519,0.67239305412767747
48,0.44000882714165346,0.66743408331491272
49,0.45734069012754414,0.66192201225173508
50,0.46571114234190925,0.66434183693917981
51,0.46009261965094483,0.66131321438410873
52,0.44583903655919116,0.66021567703246808
53,0.44201985240574049,0.6624149090008834
54,0.43743330325746482,0.66157562280860627
55,0.45449173755261968,0.66145437792868966
56,0.44321941133568016,0.66260452137670534
57,0.44725910264838492,0.66126169111557787
58,0.46390298362735088,0.66129038250087335
59,0.44074973101784137,0.66203447113329028
60,0.44957883807763771,0.66389987577562737
61,0.45029328119137058,0.66219435708032237
62,0.44971996252237106,0.66392636594533594
63,0.49550607029763444,0.66072282311170816
64,0.54433517705973611,0.66197785998481407
65,0.53633517703384392,0.64870580349018814
66,0.51992944417281084,0.59322220511762624
67,0.49744653354668961,0.66277869689800029
68,0.47008600443108739,0.66313460554957226
69,0.50003969775342361,0.66333308721187512
70,0.5056582203162413,0.66982863737539367
71,0.53503859500375051,0.65895000114514823
72,0.53896362232793915,0.65222665695094961
73,0.55060640074320899,0.6394055469636859
74,0.53188093237932099,0.63660264979883729
75,0.52191400867575721,0.66250563790776851
76,0.51207938898621741,0.6658943697150479
77,0.50472327012999973,0.6603373630035223
78,0.48090849608347197,0.66286398817448922
79,0.47378170451098006,0.66039169289858612
80,0.46468798901438058,0.65925463242985616
81,0.5063373823084405,0.66472611201068021
82,0.47140022702359047,0.664152621184669
83,0.52101433925355278,0.65365876569152137
84,0.53186329189445636,0.65970347365699056
85,0.52168468084921515,0.65913206918850231
86,0.45950166038470597,0.66102208542434604
87,0.43535171569510883,0.66379621290746504
88,0.49027564035623838,0.66902869972141443
89,0.44587431761763718,0.66192743442369595
90,0.44433958772656146,0.66221670326718551
91,0.43609261990119236,0.66275611437442339
92,0.43795370034175252,0.6612737686644663
93,0.45586770229131934,0.6602532816676876
94,0.43772437295682376,0.6611479637987937
95,0.44543330324129865,0.67104043656473689
96,0.45355678727306104,0.66338077969088105
97,0.45854906950199353,0.54831274859239432
98,0.44745314892952337,0.66199557209989812
99,0.47544873885572153,0.66131603340669087
100,0.49128115305892689,0.65950422419957655
101,0.48544212340519999,0.65973547494199691
102,0.43946196942437182,0.66378914741510431
103,0.47144432858700525,0.66234075320965802
104,0.47476075637103965,0.65962170741448212
105,0.48212569575062658,0.66011507458117136
106,0.48068798893473247,0.65868275360175532
107,0.48248732750379003,0.65888931472958734
108,0.48261081159574853,0.66071072476017922
109,0.49470342435345233,0.65903782136563549
110,0.50554355671610829,0.65774509688095084
111,0.48039691959024133,0.65934381254488095
112,0.45828446098304504,0.65969487808073379
113,0.45218082245418756,0.65956977821215745
114,0.44419846315893868,0.665473821672802
115,0.47255568469503878,0.65957872531435324
116,0.48560970888051069,0.65847503040270505
117,0.46387652268811913,0.65920652753125253
118,0.46220948826714675,0.65883993121727302
119,0.45552371114525275,0.65943399447364037
120,0.48598016095463731,0.65949653993203206
121,0.46323264166630618,0.6601928857530408
122,0.46896582812498,0.66238480120884213
123,0.43515766940542722,0.67074168247992472
124,0.43049173785084005,0.66034720830312876
125,0.4358897530243967,0.65617609257078646
126,0.44535392066806784,0.66092883073368858
127,0.49330981901028453,0.66015185755689854
128,0.50943330277090171,0.66767425654080581
129,0.49008159398441148,0.66103868731660276
130,0.43801544227042821,0.6621605739856905
131,0.52022933341242383,0.65957741492581834
132,0.4441102601786564,0.66398663788470569
133,0.45420066823638655,0.66154089425564433
134,0.44407497918724093,0.66099476497838783
135,0.45272768042776262,0.66054978914474471
136,0.47286439476885894,0.66134281184004984
137,0.47538699677655555,0.66084667375472084
138,0.46677839680372551,0.66287902215587402
139,0.46530540908447571,0.66054342497783192
140,0.44037045893424664,0.66319947437739279
141,0.45200441688332038,0.66118478184472618
142,0.4731290034120112,0.66207790712116232
143,0.44849394277871774,0.66214611770227239
144,0.44624476977259481,0.66196115433000213
145,0.45093716216915364,0.66042115912668509
146,0.44967586127570869,0.66095195750963343
147,0.49937817622703123,0.66074387426190662
148,0.4767276802833183,0.66416445815863778
149,0.43558104320424129,0.66369328964035035
