Using TensorFlow backend.
/home/wzalewski/lapsec/Classificador/experimentos/kdd99/complete_attribute/rna
init
init rna module
aa
init
init
init
init
Iniciando Cross validation:
iteracao
-- FOLD 1 --
Carregando sub base 1...
AAAA
[[0 'tcp' 'private' ..., 0.0 'neptune.' 373556.0]
 [0 'icmp' 'ecr_i' ..., 0.0 'smurf.' 432124.0]
 [0 'icmp' 'ecr_i' ..., 0.0 'smurf.' 163201.0]
 ..., 
 [0 'tcp' 'http' ..., 0.04 'back.' 51910.0]
 [0 'icmp' 'ecr_i' ..., 0.0 'smurf.' 290994.0]
 [0 'icmp' 'ecr_i' ..., 0.0 'smurf.' 189146.0]]
Carregando sub base 2...
AAAA
[[0 'icmp' 'ecr_i' ..., 0.0 'smurf.' 266675.0]
 [0 'tcp' 'private' ..., 1.0 'neptune.' 465063.0]
 [0 'tcp' 'private' ..., 1.0 'neptune.' 466839.0]
 ..., 
 [0 'tcp' 'http' ..., 0.0 'normal.' 26940.0]
 [0 'icmp' 'ecr_i' ..., 0.0 'smurf.' 207480.0]
 [0 'icmp' 'ecr_i' ..., 0.0 'smurf.' 189238.0]]
Carregando sub base 3...
AAAA
[[0 'icmp' 'ecr_i' ..., 0.0 'smurf.' 254581.0]
 [0 'tcp' 'private' ..., 0.0 'neptune.' 358297.0]
 [0 'tcp' 'private' ..., 0.0 'neptune.' 55944.0]
 ..., 
 [0 'tcp' 'private' ..., 0.0 'neptune.' 379927.0]
 [0 'icmp' 'ecr_i' ..., 0.0 'smurf.' 168995.0]
 [0 'icmp' 'ecr_i' ..., 0.0 'smurf.' 152823.0]]
Carregando sub base 4...
AAAA
[[0 'icmp' 'ecr_i' ..., 0.0 'smurf.' 92993.0]
 [0 'tcp' 'http' ..., 0.99 'normal.' 42839.0]
 [0 'udp' 'private' ..., 0.0 'normal.' 450383.0]
 ..., 
 [0 'tcp' 'nnsp' ..., 0.0 'neptune.' 387646.0]
 [0 'icmp' 'ecr_i' ..., 0.0 'smurf.' 273929.0]
 [0 'icmp' 'ecr_i' ..., 0.0 'smurf.' 234989.0]]
Carregando sub base 5...
AAAA
[[12 'tcp' 'smtp' ..., 0.0 'normal.' 486902.0]
 [0 'tcp' 'private' ..., 0.0 'neptune.' 68600.0]
 [0 'icmp' 'ecr_i' ..., 0.0 'smurf.' 415004.0]
 ..., 
 [0 'tcp' 'private' ..., 0.0 'neptune.' 67494.0]
 [0 'tcp' 'private' ..., 0.0 'neptune.' 373217.0]
 [0 'tcp' 'ftp_data' ..., 0.0 'normal.' 370442.0]]
Carregando sub base 6...
AAAA
[[0 'icmp' 'ecr_i' ..., 0.0 'smurf.' 243731.0]
 [0 'tcp' 'ftp_data' ..., 0.0 'warezclient.' 142223.0]
 [0 'icmp' 'ecr_i' ..., 0.0 'smurf.' 191246.0]
 ..., 
 [0 'icmp' 'ecr_i' ..., 0.0 'smurf.' 428608.0]
 [0 'tcp' 'private' ..., 0.0 'neptune.' 120672.0]
 [0 'icmp' 'ecr_i' ..., 0.0 'smurf.' 212924.0]]
Carregando sub base 7...
AAAA
[[0 'icmp' 'ecr_i' ..., 0.0 'smurf.' 211187.0]
 [0 'icmp' 'ecr_i' ..., 0.0 'smurf.' 404718.0]
 [0 'icmp' 'ecr_i' ..., 0.0 'smurf.' 286240.0]
 ..., 
 [0 'icmp' 'ecr_i' ..., 0.0 'smurf.' 170223.0]
 [0 'udp' 'other' ..., 0.0 'normal.' 458758.0]
 [0 'icmp' 'ecr_i' ..., 0.0 'smurf.' 8945.0]]
Carregando sub base 8...
AAAA
[[0 'icmp' 'ecr_i' ..., 0.0 'smurf.' 253182.0]
 [0 'icmp' 'ecr_i' ..., 0.0 'smurf.' 319855.0]
 [0 'tcp' 'private' ..., 0.0 'neptune.' 114329.0]
 ..., 
 [0 'icmp' 'ecr_i' ..., 0.0 'smurf.' 254229.0]
 [0 'icmp' 'ecr_i' ..., 0.0 'smurf.' 129285.0]
 [0 'icmp' 'ecr_i' ..., 0.0 'smurf.' 162813.0]]
Carregando sub base 9...
AAAA
[[0 'icmp' 'ecr_i' ..., 0.0 'smurf.' 8683.0]
 [0 'tcp' 'private' ..., 0.0 'neptune.' 126073.0]
 [0 'icmp' 'ecr_i' ..., 0.0 'smurf.' 252562.0]
 ..., 
 [0 'icmp' 'ecr_i' ..., 0.0 'smurf.' 403931.0]
 [0 'tcp' 'http' ..., 1.0 'normal.' 42655.0]
 [0 'icmp' 'ecr_i' ..., 0.0 'smurf.' 99056.0]]
       duration protocol_type   service  flag  src_bytes  dst_bytes  1  \
0             0           tcp   private    S0          0          0  0   
1             0          icmp     ecr_i    SF        520          0  0   
2             0          icmp     ecr_i    SF       1032          0  0   
3             0          icmp     ecr_i    SF       1032          0  0   
4             0          icmp     ecr_i    SF       1032          0  0   
5             0          icmp     ecr_i    SF       1032          0  0   
6             0           tcp     other  RSTR          0          0  0   
7             0          icmp     ecr_i    SF       1032          0  0   
8             0          icmp     ecr_i    SF        520          0  0   
9             0          icmp     ecr_i    SF       1032          0  0   
10            0          icmp     ecr_i    SF       1032          0  0   
11            0           tcp      http    SF        251        986  0   
12            0          icmp     ecr_i    SF        520          0  0   
13            0          icmp     ecr_i    SF       1032          0  0   
14            0          icmp     ecr_i    SF       1032          0  0   
15            0          icmp     ecr_i    SF       1032          0  0   
16         1460           udp     other    SF        147        105  0   
17            0          icmp     ecr_i    SF       1032          0  0   
18            0          icmp     ecr_i    SF       1032          0  0   
19            0           tcp   private    S0          0          0  0   
20            0           tcp   private    S0          0          0  0   
21            0           tcp   private    S0          0          0  0   
22            0           tcp      http    SF        356       4145  0   
23            0          icmp     ecr_i    SF        520          0  0   
24            0          icmp     ecr_i    SF       1032          0  0   
25            0           tcp   private   REJ          0          0  0   
26            0           tcp      http    SF        238       1240  0   
27            0           tcp      http    SF        218        798  0   
28            0          icmp     ecr_i    SF       1032          0  0   
29            0          icmp     ecr_i    SF       1032          0  0   
...         ...           ...       ...   ...        ...        ... ..   
49372         0          icmp     ecr_i    SF       1032          0  0   
49373         0          icmp     ecr_i    SF       1032          0  0   
49374         0           udp   private    SF        105        146  0   
49375         0          icmp     ecr_i    SF       1032          0  0   
49376         0          icmp     ecr_i    SF       1032          0  0   
49377         0          icmp     ecr_i    SF       1032          0  0   
49378         0           tcp      http    SF        226        852  0   
49379         0          icmp     ecr_i    SF       1032          0  0   
49380         0          icmp     ecr_i    SF       1032          0  0   
49381      3122           udp     other    SF        147        105  0   
49382         0           tcp   private    S0          0          0  0   
49383         0           tcp   private    S0          0          0  0   
49384         0          icmp     ecr_i    SF       1032          0  0   
49385         0           tcp   private    S0          0          0  0   
49386         0           udp  domain_u    SF         33          0  0   
49387         0          icmp     ecr_i    SF       1032          0  0   
49388         0          icmp     ecr_i    SF       1032          0  0   
49389         0          icmp     ecr_i    SF       1032          0  0   
49390         0           tcp   private    S0          0          0  0   
49391         0           tcp   private   REJ          0          0  0   
49392         0           tcp   private   REJ          0          0  0   
49393        14           udp   private    SF        105        147  0   
49394         0           tcp   private    S0          0          0  0   
49395         0          icmp     ecr_i    SF       1032          0  0   
49396         0           udp  domain_u    SF         44        128  0   
49397         0          icmp     ecr_i    SF       1032          0  0   
49398         0           udp   private    SF        105          0  0   
49399         0          icmp     ecr_i    SF        520          0  0   
49400         0           tcp      http   REJ          0          0  0   
49401         0          icmp     ecr_i    SF       1032          0  0   

       wrong_fragment  urgent  hot       ...         dst_host_same_srv_rate  \
0                   0       0    0       ...                           0.00   
1                   0       0    0       ...                           1.00   
2                   0       0    0       ...                           1.00   
3                   0       0    0       ...                           1.00   
4                   0       0    0       ...                           1.00   
5                   0       0    0       ...                           1.00   
6                   0       0    0       ...                           0.00   
7                   0       0    0       ...                           1.00   
8                   0       0    0       ...                           1.00   
9                   0       0    0       ...                           1.00   
10                  0       0    0       ...                           1.00   
11                  0       0    0       ...                           1.00   
12                  0       0    0       ...                           1.00   
13                  0       0    0       ...                           1.00   
14                  0       0    0       ...                           1.00   
15                  0       0    0       ...                           1.00   
16                  0       0    0       ...                           0.01   
17                  0       0    0       ...                           1.00   
18                  0       0    0       ...                           1.00   
19                  0       0    0       ...                           0.08   
20                  0       0    0       ...                           0.07   
21                  0       0    0       ...                           0.03   
22                  0       0    0       ...                           1.00   
23                  0       0    0       ...                           1.00   
24                  0       0    0       ...                           1.00   
25                  0       0    0       ...                           0.05   
26                  0       0    0       ...                           1.00   
27                  0       0    0       ...                           1.00   
28                  0       0    0       ...                           1.00   
29                  0       0    0       ...                           1.00   
...               ...     ...  ...       ...                            ...   
49372               0       0    0       ...                           1.00   
49373               0       0    0       ...                           1.00   
49374               0       0    0       ...                           0.94   
49375               0       0    0       ...                           1.00   
49376               0       0    0       ...                           1.00   
49377               0       0    0       ...                           1.00   
49378               0       0    0       ...                           1.00   
49379               0       0    0       ...                           1.00   
49380               0       0    0       ...                           1.00   
49381               0       0    0       ...                           0.00   
49382               0       0    0       ...                           0.03   
49383               0       0    0       ...                           0.06   
49384               0       0    0       ...                           1.00   
49385               0       0    0       ...                           0.02   
49386               0       0    0       ...                           0.30   
49387               0       0    0       ...                           1.00   
49388               0       0    0       ...                           1.00   
49389               0       0    0       ...                           1.00   
49390               0       0    0       ...                           0.04   
49391               0       0    0       ...                           0.00   
49392               0       0    0       ...                           0.01   
49393               0       0    0       ...                           0.95   
49394               0       0    0       ...                           0.07   
49395               0       0    0       ...                           1.00   
49396               0       0    0       ...                           1.00   
49397               0       0    0       ...                           1.00   
49398               0       0    0       ...                           0.83   
49399               0       0    0       ...                           1.00   
49400               0       0    0       ...                           1.00   
49401               0       0    0       ...                           1.00   

       dst_host_diff_srv_rate  dst_host_same_src_port_rate  \
0                        0.05                         0.00   
1                        0.00                         1.00   
2                        0.00                         1.00   
3                        0.00                         1.00   
4                        0.00                         1.00   
5                        0.00                         1.00   
6                        0.62                         1.00   
7                        0.00                         1.00   
8                        0.00                         1.00   
9                        0.00                         1.00   
10                       0.00                         1.00   
11                       0.00                         0.02   
12                       0.00                         1.00   
13                       0.00                         1.00   
14                       0.00                         1.00   
15                       0.00                         1.00   
16                       0.84                         1.00   
17                       0.00                         1.00   
18                       0.00                         1.00   
19                       0.06                         0.00   
20                       0.06                         0.00   
21                       0.07                         0.00   
22                       0.00                         0.00   
23                       0.00                         1.00   
24                       0.00                         1.00   
25                       0.07                         0.00   
26                       0.00                         0.17   
27                       0.00                         0.02   
28                       0.00                         1.00   
29                       0.00                         1.00   
...                       ...                          ...   
49372                    0.00                         1.00   
49373                    0.00                         1.00   
49374                    0.01                         0.00   
49375                    0.00                         1.00   
49376                    0.00                         1.00   
49377                    0.00                         1.00   
49378                    0.00                         0.02   
49379                    0.00                         1.00   
49380                    0.00                         1.00   
49381                    0.64                         0.89   
49382                    0.06                         0.00   
49383                    0.08                         0.00   
49384                    0.00                         1.00   
49385                    0.06                         0.00   
49386                    0.05                         0.30   
49387                    0.00                         1.00   
49388                    0.00                         1.00   
49389                    0.00                         1.00   
49390                    0.07                         0.00   
49391                    0.08                         0.00   
49392                    0.07                         0.00   
49393                    0.01                         0.01   
49394                    0.07                         0.00   
49395                    0.00                         1.00   
49396                    0.01                         0.00   
49397                    0.00                         1.00   
49398                    0.01                         0.00   
49399                    0.00                         1.00   
49400                    0.00                         0.14   
49401                    0.00                         1.00   

       dst_host_srv_diff_host_rate  dst_host_serror_rate  \
0                             0.00                   1.0   
1                             0.00                   0.0   
2                             0.00                   0.0   
3                             0.00                   0.0   
4                             0.00                   0.0   
5                             0.00                   0.0   
6                             0.00                   0.0   
7                             0.00                   0.0   
8                             0.00                   0.0   
9                             0.00                   0.0   
10                            0.00                   0.0   
11                            0.02                   0.0   
12                            0.00                   0.0   
13                            0.00                   0.0   
14                            0.00                   0.0   
15                            0.00                   0.0   
16                            0.00                   0.0   
17                            0.00                   0.0   
18                            0.00                   0.0   
19                            0.00                   1.0   
20                            0.00                   1.0   
21                            0.00                   1.0   
22                            0.00                   0.0   
23                            0.00                   0.0   
24                            0.00                   0.0   
25                            0.00                   0.0   
26                            0.06                   0.0   
27                            0.03                   0.0   
28                            0.00                   0.0   
29                            0.00                   0.0   
...                            ...                   ...   
49372                         0.00                   0.0   
49373                         0.00                   0.0   
49374                         0.00                   0.0   
49375                         0.00                   0.0   
49376                         0.00                   0.0   
49377                         0.00                   0.0   
49378                         0.05                   0.0   
49379                         0.00                   0.0   
49380                         0.00                   0.0   
49381                         0.00                   0.0   
49382                         0.00                   1.0   
49383                         0.00                   1.0   
49384                         0.00                   0.0   
49385                         0.00                   1.0   
49386                         0.00                   0.0   
49387                         0.00                   0.0   
49388                         0.00                   0.0   
49389                         0.00                   0.0   
49390                         0.00                   1.0   
49391                         0.00                   0.0   
49392                         0.00                   0.0   
49393                         0.00                   0.0   
49394                         0.00                   1.0   
49395                         0.00                   0.0   
49396                         0.00                   0.0   
49397                         0.00                   0.0   
49398                         0.00                   0.0   
49399                         0.00                   0.0   
49400                         0.24                   0.0   
49401                         0.00                   0.0   

        dst_host_srv_serror_rate   dst_host_rerror_rate  \
0                            1.0                    0.0   
1                            0.0                    0.0   
2                            0.0                    0.0   
3                            0.0                    0.0   
4                            0.0                    0.0   
5                            0.0                    0.0   
6                            0.0                    1.0   
7                            0.0                    0.0   
8                            0.0                    0.0   
9                            0.0                    0.0   
10                           0.0                    0.0   
11                           0.0                    0.0   
12                           0.0                    0.0   
13                           0.0                    0.0   
14                           0.0                    0.0   
15                           0.0                    0.0   
16                           0.0                    0.0   
17                           0.0                    0.0   
18                           0.0                    0.0   
19                           1.0                    0.0   
20                           1.0                    0.0   
21                           1.0                    0.0   
22                           0.0                    0.0   
23                           0.0                    0.0   
24                           0.0                    0.0   
25                           0.0                    1.0   
26                           0.0                    0.0   
27                           0.0                    0.0   
28                           0.0                    0.0   
29                           0.0                    0.0   
...                          ...                    ...   
49372                        0.0                    0.0   
49373                        0.0                    0.0   
49374                        0.0                    0.0   
49375                        0.0                    0.0   
49376                        0.0                    0.0   
49377                        0.0                    0.0   
49378                        0.0                    0.0   
49379                        0.0                    0.0   
49380                        0.0                    0.0   
49381                        0.0                    0.0   
49382                        1.0                    0.0   
49383                        1.0                    0.0   
49384                        0.0                    0.0   
49385                        1.0                    0.0   
49386                        0.0                    0.0   
49387                        0.0                    0.0   
49388                        0.0                    0.0   
49389                        0.0                    0.0   
49390                        1.0                    0.0   
49391                        0.0                    1.0   
49392                        0.0                    1.0   
49393                        0.0                    0.0   
49394                        1.0                    0.0   
49395                        0.0                    0.0   
49396                        0.0                    0.0   
49397                        0.0                    0.0   
49398                        0.0                    0.0   
49399                        0.0                    0.0   
49400                        0.0                    1.0   
49401                        0.0                    0.0   

        dst_host_srv_rerror_rate      classe  posicaoOriginal  
0                            0.0    neptune.         373556.0  
1                            0.0      smurf.         432124.0  
2                            0.0      smurf.         163201.0  
3                            0.0      smurf.         223823.0  
4                            0.0      smurf.         272163.0  
5                            0.0      smurf.         256487.0  
6                            1.0  portsweep.         144835.0  
7                            0.0      smurf.         210357.0  
8                            0.0      smurf.         426002.0  
9                            0.0      smurf.         213746.0  
10                           0.0      smurf.         319555.0  
11                           0.0     normal.         459135.0  
12                           0.0      smurf.         404292.0  
13                           0.0      smurf.          44655.0  
14                           0.0      smurf.         199467.0  
15                           0.0      smurf.         174712.0  
16                           0.0     normal.         482176.0  
17                           0.0      smurf.         131797.0  
18                           0.0      smurf.         331280.0  
19                           0.0    neptune.         119203.0  
20                           0.0    neptune.         116834.0  
21                           0.0    neptune.         387430.0  
22                           0.0     normal.         137970.0  
23                           0.0      smurf.         429949.0  
24                           0.0      smurf.         334607.0  
25                           1.0    neptune.         470496.0  
26                           0.0     normal.         105337.0  
27                           0.0     normal.          24921.0  
28                           0.0      smurf.         131910.0  
29                           0.0      smurf.         216525.0  
...                          ...         ...              ...  
49372                        0.0      smurf.          97720.0  
49373                        0.0      smurf.         163280.0  
49374                        0.0     normal.         453785.0  
49375                        0.0      smurf.         194889.0  
49376                        0.0      smurf.         260131.0  
49377                        0.0      smurf.         215357.0  
49378                        0.0     normal.          88465.0  
49379                        0.0      smurf.         263854.0  
49380                        0.0      smurf.         180794.0  
49381                        0.0     normal.         146422.0  
49382                        0.0    neptune.         356104.0  
49383                        0.0    neptune.         368839.0  
49384                        0.0      smurf.         187435.0  
49385                        0.0    neptune.         358224.0  
49386                        0.0     normal.          19492.0  
49387                        0.0      smurf.         283051.0  
49388                        0.0      smurf.         302998.0  
49389                        0.0      smurf.         236888.0  
49390                        0.0    neptune.         362544.0  
49391                        1.0    neptune.         468007.0  
49392                        1.0    neptune.         467352.0  
49393                        0.0     normal.         456372.0  
49394                        0.0    neptune.         119552.0  
49395                        0.0      smurf.         227497.0  
49396                        0.0     normal.          41011.0  
49397                        0.0      smurf.         331348.0  
49398                        0.0     normal.         481379.0  
49399                        0.0      smurf.         403931.0  
49400                        1.0     normal.          42655.0  
49401                        0.0      smurf.          99056.0  

[444619 rows x 43 columns]
Carregando sub base para teste: sub base 10...
       duration protocol_type  service flag  src_bytes  dst_bytes  1  \
0             0          icmp    ecr_i   SF       1032          0  0   
1             0           tcp  private  REJ          0          0  0   
2             0           tcp     http   SF        262        511  0   
3             0          icmp    ecr_i   SF       1032          0  0   
4             0           tcp  private  REJ          0          0  0   
5             0          icmp    ecr_i   SF        520          0  0   
6             0          icmp    ecr_i   SF       1032          0  0   
7             0           tcp  private   S0          0          0  0   
8             0           tcp     http   SF        218       1703  0   
9             0          icmp    ecr_i   SF       1032          0  0   
10            0          icmp    ecr_i   SF       1032          0  0   
11            0          icmp    ecr_i   SF       1032          0  0   
12            0           tcp  private   S0          0          0  0   
13            0           tcp  private   S0          0          0  0   
14            0          icmp    ecr_i   SF       1032          0  0   
15            0           tcp  private   S0          0          0  0   
16            0          icmp    ecr_i   SF       1032          0  0   
17            0           tcp    other  REJ          0          0  0   
18            0          icmp    ecr_i   SF       1032          0  0   
19            0          icmp    ecr_i   SF       1032          0  0   
20            0          icmp    ecr_i   SF       1032          0  0   
21            0          icmp    ecr_i   SF       1032          0  0   
22            0           tcp  private  REJ          0          0  0   
23            0          icmp    ecr_i   SF       1032          0  0   
24            0           tcp  private   S0          0          0  0   
25            0          icmp    ecr_i   SF        520          0  0   
26            0          icmp    ecr_i   SF       1032          0  0   
27            0          icmp    ecr_i   SF       1032          0  0   
28            0          icmp    ecr_i   SF       1032          0  0   
29            0          icmp    ecr_i   SF        520          0  0   
...         ...           ...      ...  ...        ...        ... ..   
49372         0          icmp    ecr_i   SF       1032          0  0   
49373         0          icmp    ecr_i   SF       1032          0  0   
49374         0           tcp     http   SF        214        261  0   
49375         0           tcp     http   SF        216       5604  0   
49376         0          icmp    ecr_i   SF       1032          0  0   
49377         0          icmp    ecr_i   SF        520          0  0   
49378         0          icmp    ecr_i   SF       1032          0  0   
49379         0           tcp  private   S0          0          0  0   
49380         0          icmp    ecr_i   SF       1032          0  0   
49381         0          icmp    ecr_i   SF       1032          0  0   
49382         0          icmp    ecr_i   SF       1032          0  0   
49383         0          icmp    ecr_i   SF       1032          0  0   
49384         0           tcp  private  REJ          0          0  0   
49385         0           tcp     http   SF        322        671  0   
49386         0           tcp  private   S0          0          0  0   
49387         0          icmp    ecr_i   SF       1032          0  0   
49388         0           tcp     http  REJ          0          0  0   
49389         0          icmp    ecr_i   SF       1032          0  0   
49390         0           tcp  private   S0          0          0  0   
49391         0          icmp    ecr_i   SF       1032          0  0   
49392         0          icmp    ecr_i   SF       1032          0  0   
49393         0           tcp  private   S0          0          0  0   
49394         0          icmp    ecr_i   SF       1032          0  0   
49395         0           tcp  private   S0          0          0  0   
49396         0          icmp    ecr_i   SF       1032          0  0   
49397         0          icmp    ecr_i   SF       1032          0  0   
49398         0           tcp  private   S0          0          0  0   
49399         0           tcp     http   SF        236      41611  0   
49400         0           tcp  private   S0          0          0  0   
49401         0          icmp    ecr_i   SF       1032          0  0   

       wrong_fragment  urgent  hot       ...         dst_host_same_srv_rate  \
0                   0       0    0       ...                           1.00   
1                   0       0    0       ...                           0.04   
2                   0       0    0       ...                           1.00   
3                   0       0    0       ...                           1.00   
4                   0       0    0       ...                           0.08   
5                   0       0    0       ...                           1.00   
6                   0       0    0       ...                           1.00   
7                   0       0    0       ...                           0.07   
8                   0       0    0       ...                           1.00   
9                   0       0    0       ...                           1.00   
10                  0       0    0       ...                           1.00   
11                  0       0    0       ...                           1.00   
12                  0       0    0       ...                           0.05   
13                  0       0    0       ...                           0.02   
14                  0       0    0       ...                           1.00   
15                  0       0    0       ...                           0.08   
16                  0       0    0       ...                           1.00   
17                  0       0    0       ...                           0.00   
18                  0       0    0       ...                           1.00   
19                  0       0    0       ...                           1.00   
20                  0       0    0       ...                           1.00   
21                  0       0    0       ...                           1.00   
22                  0       0    0       ...                           0.05   
23                  0       0    0       ...                           1.00   
24                  0       0    0       ...                           0.08   
25                  0       0    0       ...                           1.00   
26                  0       0    0       ...                           1.00   
27                  0       0    0       ...                           1.00   
28                  0       0    0       ...                           1.00   
29                  0       0    0       ...                           1.00   
...               ...     ...  ...       ...                            ...   
49372               0       0    0       ...                           1.00   
49373               0       0    0       ...                           1.00   
49374               0       0    0       ...                           1.00   
49375               0       0    0       ...                           1.00   
49376               0       0    0       ...                           1.00   
49377               0       0    0       ...                           1.00   
49378               0       0    0       ...                           1.00   
49379               0       0    0       ...                           0.03   
49380               0       0    0       ...                           1.00   
49381               0       0    0       ...                           1.00   
49382               0       0    0       ...                           1.00   
49383               0       0    0       ...                           1.00   
49384               0       0    0       ...                           0.07   
49385               0       0    0       ...                           1.00   
49386               0       0    0       ...                           0.03   
49387               0       0    0       ...                           1.00   
49388               0       0    0       ...                           1.00   
49389               0       0    0       ...                           1.00   
49390               0       0    0       ...                           0.07   
49391               0       0    0       ...                           1.00   
49392               0       0    0       ...                           1.00   
49393               0       0    0       ...                           0.02   
49394               0       0    0       ...                           1.00   
49395               0       0    0       ...                           0.05   
49396               0       0    0       ...                           1.00   
49397               0       0    0       ...                           1.00   
49398               0       0    0       ...                           0.04   
49399               0       0    0       ...                           1.00   
49400               0       0    0       ...                           0.02   
49401               0       0    0       ...                           1.00   

       dst_host_diff_srv_rate  dst_host_same_src_port_rate  \
0                        0.00                         1.00   
1                        0.06                         0.00   
2                        0.00                         0.00   
3                        0.00                         1.00   
4                        0.07                         0.00   
5                        0.00                         1.00   
6                        0.00                         1.00   
7                        0.05                         0.00   
8                        0.00                         0.02   
9                        0.00                         1.00   
10                       0.00                         1.00   
11                       0.00                         1.00   
12                       0.06                         0.00   
13                       0.06                         0.00   
14                       0.00                         1.00   
15                       0.07                         0.00   
16                       0.00                         1.00   
17                       1.00                         0.00   
18                       0.00                         1.00   
19                       0.00                         1.00   
20                       0.00                         1.00   
21                       0.00                         1.00   
22                       0.06                         0.00   
23                       0.00                         1.00   
24                       0.05                         0.00   
25                       0.00                         1.00   
26                       0.00                         1.00   
27                       0.00                         1.00   
28                       0.00                         1.00   
29                       0.00                         1.00   
...                       ...                          ...   
49372                    0.00                         1.00   
49373                    0.00                         1.00   
49374                    0.00                         0.01   
49375                    0.00                         0.01   
49376                    0.00                         1.00   
49377                    0.00                         1.00   
49378                    0.00                         1.00   
49379                    0.07                         0.00   
49380                    0.00                         1.00   
49381                    0.00                         1.00   
49382                    0.00                         1.00   
49383                    0.00                         1.00   
49384                    0.07                         0.00   
49385                    0.00                         0.01   
49386                    0.07                         0.00   
49387                    0.00                         1.00   
49388                    0.00                         0.07   
49389                    0.00                         1.00   
49390                    0.08                         0.00   
49391                    0.00                         1.00   
49392                    0.00                         1.00   
49393                    0.07                         0.00   
49394                    0.00                         1.00   
49395                    0.06                         0.00   
49396                    0.00                         1.00   
49397                    0.00                         1.00   
49398                    0.07                         0.00   
49399                    0.00                         1.00   
49400                    0.06                         0.00   
49401                    0.00                         1.00   

       dst_host_srv_diff_host_rate  dst_host_serror_rate  \
0                             0.00                  0.00   
1                             0.00                  0.00   
2                             0.00                  0.00   
3                             0.00                  0.00   
4                             0.00                  0.00   
5                             0.00                  0.00   
6                             0.00                  0.00   
7                             0.00                  1.00   
8                             0.04                  0.00   
9                             0.00                  0.00   
10                            0.00                  0.00   
11                            0.00                  0.00   
12                            0.00                  1.00   
13                            0.00                  1.00   
14                            0.00                  0.00   
15                            0.00                  1.00   
16                            0.00                  0.00   
17                            0.00                  0.07   
18                            0.00                  0.00   
19                            0.00                  0.00   
20                            0.00                  0.00   
21                            0.00                  0.00   
22                            0.00                  0.00   
23                            0.00                  0.00   
24                            0.00                  1.00   
25                            0.00                  0.00   
26                            0.00                  0.00   
27                            0.00                  0.00   
28                            0.00                  0.00   
29                            0.00                  0.00   
...                            ...                   ...   
49372                         0.00                  0.00   
49373                         0.00                  0.00   
49374                         0.01                  0.00   
49375                         0.05                  0.01   
49376                         0.00                  0.00   
49377                         0.00                  0.00   
49378                         0.00                  0.00   
49379                         0.00                  1.00   
49380                         0.00                  0.00   
49381                         0.00                  0.00   
49382                         0.00                  0.00   
49383                         0.00                  0.00   
49384                         0.00                  0.00   
49385                         0.00                  0.00   
49386                         0.00                  1.00   
49387                         0.00                  0.00   
49388                         0.17                  0.00   
49389                         0.00                  0.00   
49390                         0.00                  1.00   
49391                         0.00                  0.00   
49392                         0.00                  0.00   
49393                         0.00                  1.00   
49394                         0.00                  0.00   
49395                         0.00                  1.00   
49396                         0.00                  0.00   
49397                         0.00                  0.00   
49398                         0.00                  1.00   
49399                         0.06                  0.00   
49400                         0.00                  1.00   
49401                         0.00                  0.00   

        dst_host_srv_serror_rate   dst_host_rerror_rate  \
0                            0.0                   0.00   
1                            0.0                   1.00   
2                            0.0                   0.00   
3                            0.0                   0.00   
4                            0.0                   1.00   
5                            0.0                   0.00   
6                            0.0                   0.00   
7                            1.0                   0.00   
8                            0.0                   0.00   
9                            0.0                   0.00   
10                           0.0                   0.00   
11                           0.0                   0.00   
12                           1.0                   0.00   
13                           1.0                   0.00   
14                           0.0                   0.00   
15                           1.0                   0.00   
16                           0.0                   0.00   
17                           0.0                   0.93   
18                           0.0                   0.00   
19                           0.0                   0.00   
20                           0.0                   0.00   
21                           0.0                   0.00   
22                           0.0                   1.00   
23                           0.0                   0.00   
24                           1.0                   0.00   
25                           0.0                   0.00   
26                           0.0                   0.00   
27                           0.0                   0.00   
28                           0.0                   0.00   
29                           0.0                   0.00   
...                          ...                    ...   
49372                        0.0                   0.00   
49373                        0.0                   0.00   
49374                        0.0                   0.00   
49375                        0.0                   0.00   
49376                        0.0                   0.00   
49377                        0.0                   0.00   
49378                        0.0                   0.00   
49379                        1.0                   0.00   
49380                        0.0                   0.00   
49381                        0.0                   0.00   
49382                        0.0                   0.00   
49383                        0.0                   0.00   
49384                        0.0                   1.00   
49385                        0.0                   0.00   
49386                        1.0                   0.00   
49387                        0.0                   0.00   
49388                        0.0                   1.00   
49389                        0.0                   0.00   
49390                        1.0                   0.00   
49391                        0.0                   0.00   
49392                        0.0                   0.00   
49393                        1.0                   0.00   
49394                        0.0                   0.00   
49395                        1.0                   0.00   
49396                        0.0                   0.00   
49397                        0.0                   0.00   
49398                        1.0                   0.00   
49399                        0.0                   0.00   
49400                        1.0                   0.00   
49401                        0.0                   0.00   

        dst_host_srv_rerror_rate    classe  posicaoOriginal  
0                           0.00    smurf.         226846.0  
1                           1.00  neptune.         470707.0  
2                           0.00   normal.          32897.0  
3                           0.00    smurf.         306216.0  
4                           1.00  neptune.         473967.0  
5                           0.00    smurf.         434452.0  
6                           0.00    smurf.         133149.0  
7                           0.00  neptune.         125065.0  
8                           0.00   normal.          14054.0  
9                           0.00    smurf.         173266.0  
/home/wzalewski/lapsec/Classificador/experimentos/kdd99/complete_attribute/rna/../../../../rna/rna_module.py:37: UserWarning: Update your `Dense` call to the Keras 2 API: `Dense(41, activation="tanh", kernel_initializer="normal", input_dim=41)`
  self.model.add(Dense(self.number_neurons_imput_layer, input_dim= self.imput_dim_neurons, init='normal', activation=self.activation_function_imput_layer))
/home/wzalewski/lapsec/Classificador/experimentos/kdd99/complete_attribute/rna/../../../../rna/rna_module.py:38: UserWarning: Update your `Dense` call to the Keras 2 API: `Dense(41, activation="tanh", kernel_initializer="normal")`
  self.model.add(Dense(self.number_neurons_hidden_layer, init='normal', activation=self.activation_function_hidden_layer))
/home/wzalewski/lapsec/Classificador/experimentos/kdd99/complete_attribute/rna/../../../../rna/rna_module.py:39: UserWarning: Update your `Dense` call to the Keras 2 API: `Dense(1, activation="tanh", kernel_initializer="normal")`
  self.model.add(Dense(self.number_neurons_output_layer, init='normal', activation=self.activation_function_output_layer))
10                          0.00    smurf.         169625.0  
11                          0.00    smurf.         160583.0  
12                          0.00  neptune.         356686.0  
13                          0.00  neptune.         389072.0  
14                          0.00    smurf.         194047.0  
15                          0.00  neptune.         118985.0  
16                          0.00    smurf.         322300.0  
17                          1.00    satan.         141062.0  
18                          0.00    smurf.         487378.0  
19                          0.00    smurf.         313806.0  
20                          0.00    smurf.         279191.0  
21                          0.00    smurf.         178753.0  
22                          1.00  neptune.         473495.0  
23                          0.00    smurf.         171363.0  
24                          0.00  neptune.         374886.0  
25                          0.00    smurf.         441078.0  
26                          0.00    smurf.         322833.0  
27                          0.00    smurf.         163499.0  
28                          0.00    smurf.          98707.0  
29                          0.00    smurf.         435273.0  
...                          ...       ...              ...  
49372                       0.00    smurf.         234679.0  
49373                       0.00    smurf.         153898.0  
49374                       0.00   normal.          12788.0  
49375                       0.00   normal.          84938.0  
49376                       0.00    smurf.         183859.0  
49377                       0.00    smurf.         447695.0  
49378                       0.00    smurf.         194050.0  
49379                       0.00  neptune.          62158.0  
49380                       0.00    smurf.         301553.0  
49381                       0.00    smurf.         301205.0  
49382                       0.00    smurf.         278578.0  
49383                       0.00    smurf.         296512.0  
49384                       1.00  neptune.         464945.0  
49385                       0.00   normal.          16721.0  
49386                       0.00  neptune.         110658.0  
49387                       0.00    smurf.          97121.0  
49388                       0.98   normal.         345891.0  
49389                       0.00    smurf.         186041.0  
49390                       0.00  neptune.         128056.0  
49391                       0.00    smurf.         252611.0  
49392                       0.00    smurf.         298037.0  
49393                       0.00  neptune.          58249.0  
49394                       0.00    smurf.         300310.0  
49395                       0.00  neptune.          60973.0  
49396                       0.00    smurf.         246919.0  
49397                       0.00    smurf.         262395.0  
49398                       0.00  neptune.          57235.0  
49399                       0.00   normal.          90180.0  
49400                       0.00  neptune.         383073.0  
49401                       0.00    smurf.         315968.0  

[49402 rows x 43 columns]
CLASSESS:
{'flag': array(['OTH', 'REJ', 'RSTO', 'RSTOS0', 'RSTR', 'S0', 'S1', 'S2', 'S3',
       'SF', 'SH'], dtype=object), 'service': array(['IRC', 'X11', 'Z39_50', 'auth', 'bgp', 'courier', 'csnet_ns', 'ctf',
       'daytime', 'discard', 'domain', 'domain_u', 'echo', 'eco_i',
       'ecr_i', 'efs', 'exec', 'finger', 'ftp', 'ftp_data', 'gopher',
       'hostnames', 'http', 'http_443', 'imap4', 'iso_tsap', 'klogin',
       'kshell', 'ldap', 'link', 'login', 'mtp', 'name', 'netbios_dgm',
       'netbios_ns', 'netbios_ssn', 'netstat', 'nnsp', 'nntp', 'ntp_u',
       'other', 'pm_dump', 'pop_2', 'pop_3', 'printer', 'private', 'red_i',
       'remote_job', 'rje', 'shell', 'smtp', 'sql_net', 'ssh', 'sunrpc',
       'supdup', 'systat', 'telnet', 'tftp_u', 'tim_i', 'time', 'urh_i',
       'urp_i', 'uucp', 'uucp_path', 'vmnet', 'whois'], dtype=object), 'protocol_type': array(['icmp', 'tcp', 'udp'], dtype=object)}
RUN RNA classifier
/home/wzalewski/anaconda3/envs/py27tensorflow/lib/python2.7/site-packages/keras/models.py:939: UserWarning: The `nb_epoch` argument in `fit` has been renamed `epochs`.
  warnings.warn('The `nb_epoch` argument in `fit` '
2017-12-04 15:37:46.160413: W tensorflow/core/platform/cpu_feature_guard.cc:45] The TensorFlow library wasn't compiled to use SSE4.1 instructions, but these are available on your machine and could speed up CPU computations.
2017-12-04 15:37:46.160479: W tensorflow/core/platform/cpu_feature_guard.cc:45] The TensorFlow library wasn't compiled to use SSE4.2 instructions, but these are available on your machine and could speed up CPU computations.
2017-12-04 15:37:46.160491: W tensorflow/core/platform/cpu_feature_guard.cc:45] The TensorFlow library wasn't compiled to use AVX instructions, but these are available on your machine and could speed up CPU computations.
[[0 1 45 ..., 1.0 0.0 0.0]
 [0 0 14 ..., 0.0 0.0 0.0]
 [0 0 14 ..., 0.0 0.0 0.0]
 ..., 
 [0 0 14 ..., 0.0 0.0 0.0]
 [0 1 22 ..., 0.0 1.0 1.0]
 [0 0 14 ..., 0.0 0.0 0.0]]
Epoch 1/150
Traceback (most recent call last):
  File "main_rna_completeattribute_kdd99.py", line 54, in <module>
    cross.run()
  File "/home/wzalewski/lapsec/Classificador/rna/../cross_validation.py", line 39, in run
    self.foldExecution()
  File "/home/wzalewski/lapsec/Classificador/rna/../cross_validation.py", line 60, in foldExecution
    self.classifier.run()
  File "/home/wzalewski/lapsec/Classificador/experimentos/kdd99/complete_attribute/rna/../../../../rna/rna_classifier.py", line 26, in run
    self.rna.generateModel()
  File "/home/wzalewski/lapsec/Classificador/experimentos/kdd99/complete_attribute/rna/../../../../rna/rna_module.py", line 45, in generateModel
    fit = self.model.fit(self.data_set_samples, self.data_set_labels, nb_epoch=150, batch_size=10, callbacks=[csv_logger])
  File "/home/wzalewski/anaconda3/envs/py27tensorflow/lib/python2.7/site-packages/keras/models.py", line 960, in fit
    validation_steps=validation_steps)
  File "/home/wzalewski/anaconda3/envs/py27tensorflow/lib/python2.7/site-packages/keras/engine/training.py", line 1650, in fit
    validation_steps=validation_steps)
  File "/home/wzalewski/anaconda3/envs/py27tensorflow/lib/python2.7/site-packages/keras/engine/training.py", line 1213, in _fit_loop
    outs = f(ins_batch)
  File "/home/wzalewski/anaconda3/envs/py27tensorflow/lib/python2.7/site-packages/keras/backend/tensorflow_backend.py", line 2352, in __call__
    **self.session_kwargs)
  File "/home/wzalewski/anaconda3/envs/py27tensorflow/lib/python2.7/site-packages/tensorflow/python/client/session.py", line 895, in run
    run_metadata_ptr)
  File "/home/wzalewski/anaconda3/envs/py27tensorflow/lib/python2.7/site-packages/tensorflow/python/client/session.py", line 1093, in _run
    np_val = np.asarray(subfeed_val, dtype=subfeed_dtype)
  File "/home/wzalewski/anaconda3/envs/py27tensorflow/lib/python2.7/site-packages/numpy/core/numeric.py", line 531, in asarray
    return array(a, dtype, copy=False, order=order)
ValueError: could not convert string to float: smurf.
srun: error: node5-ib: task 0: Exited with exit code 1
