epoch,acc,loss
0,0.53522382110981592,7.4913069225410194
1,0.53522382087520881,7.4913069153090177
2,0.53522382096129717,7.4913069160847305
3,0.53522382104344246,7.491306914495655
4,0.53522382096918308,7.49130691758356
5,0.53522382103555655,7.4913069178047156
6,0.53522382118670386,7.4913069140052064
7,0.53522382094355381,7.4913069154948912
8,0.53522382109930133,7.4913069149304921
9,0.53522382104541399,7.4913069114430328
10,0.53522382097378329,7.4913069135703703
11,0.53522382098101207,7.4913069170686937
12,0.53522382095341114,7.4913069142046353
13,0.53522382079240638,7.4913069145662172
14,0.53522382100927002,7.4913069174729818
15,0.5352238210243847,7.4913069141469792
16,0.53522382090346687,7.4913069166860806
17,0.53522382096655441,7.4913069142209308
18,0.53522382113873102,7.4913069138159436
19,0.53522382094815391,7.4913069172830706
20,0.53522382112033051,7.4913069140038608
21,0.53522382119656131,7.4913069122089047
22,0.53522382101124155,7.4913069134163894
23,0.53522382120116152,7.4913069147168114
24,0.53522382083709341,7.4913069174770683
25,0.53522382096261145,7.4913069178725369
26,0.53522382107630062,7.4913069159622676
27,0.53522382086009412,7.4913069158103296
28,0.53522382088769493,7.4913069180197409
29,0.53522382095538268,7.4913069168516246
30,0.53522382085943698,7.4913069168651782
31,0.53522382089689524,7.4913069159344614
32,0.53522382104278532,7.4913069174506077
33,0.53522382117947509,7.4913069131063832
34,0.5352238210638145,7.4913069141646202
35,0.53522382085615117,7.4913069158978347
36,0.53522382114135969,7.4913069134882972
37,0.5352238207956922,7.4913069157051835
38,0.53522382116698908,7.4913069133200638
39,0.53522382081277842,7.4913069146767963
40,0.53522382088638065,7.4913069168414586
41,0.53522382089098075,7.4913069180231293
42,0.53522382106578603,7.4913069129272856
43,0.53522382107104327,7.4913069164622339
44,0.53522382101387012,7.491306915406688
45,0.53522382115056,7.4913069129198107
46,0.5352238209875837,7.4913069150179972
47,0.5352238210105843,7.491306914431223
48,0.53522382104672828,7.4913069141951683
49,0.53522382105461419,7.4913069169648923
50,0.53522382072537578,7.491306918349431
51,0.5352238210256991,7.4913069144590292
52,0.53522382094815391,7.4913069171127953
53,0.53522382123336243,7.4913069133146317
54,0.53522382097509758,7.49130691548946
55,0.53522382109535827,7.4913069152812115
56,0.53522382114464551,7.4913069133655101
57,0.53522382106512889,7.4913069152947651
58,0.53522382095538268,7.4913069143803437
59,0.53522382096589727,7.4913069154792939
60,0.53522382091792442,7.4913069133058112
61,0.53522382096655441,7.4913069165131141
62,0.53522382091266707,7.4913069144821014
63,0.53522382110653011,7.4913069142134558
64,0.53522382115581724,7.4913069127889012
65,0.53522382122481937,7.4913069152615268
66,0.53522382108024358,7.4913069165131141
67,0.53522382099809829,7.491306915289333
68,0.53522382106184307,7.4913069162987354
69,0.53522382096064003,7.4913069139400754
70,0.53522382091661014,7.4913069154385807
71,0.53522382131485058,7.4913069119667197
72,0.53522382099284094,7.4913069170245912
73,0.53522382097049748,7.4913069167831052
74,0.53522382097181176,7.4913069166514976
75,0.5352238209192387,7.4913069167546
76,0.53522382106052868,7.4913069154663869
77,0.53522382101518451,7.4913069131430099
78,0.53522382095603982,7.4913069159907719
79,0.53522382091398146,7.4913069183548631
80,0.53522382105461419,7.491306912436837
81,0.53522382111770184,7.4913069175713511
82,0.53522382099021226,7.4913069138281525
83,0.53522382113150224,7.491306911543445
84,0.5352238210302992,7.4913069152981535
85,0.53522382095209686,7.4913069183338337
86,0.53522382092186738,7.4913069154188969
87,0.53522382087060871,7.4913069163173969
88,0.53522382087915188,7.4913069177239873
89,0.53522382097641186,7.491306915783869
90,0.53522382096589727,7.4913069133444807
91,0.53522382107038613,7.4913069152289875
92,0.53522382085023668,7.4913069155803536
93,0.53522382118210377,7.4913069132515444
94,0.53522382094486809,7.4913069143471063
95,0.53522382077729158,7.4913069161515304
96,0.53522382093632492,7.4913069161311991
97,0.53522382097312604,7.4913069140737258
98,0.53522382094026799,7.4913069145689084
99,0.53522382089229503,7.4913069146740545
100,0.53522382122153356,7.4913069145974127
101,0.53522382115450295,7.491306913495074
102,0.53522382103818522,7.4913069150159535
103,0.53522382095012544,7.4913069152106484
104,0.53522382096064003,7.4913069148341656
105,0.53522382109535827,7.4913069162784041
106,0.53522382090872411,7.4913069151862306
107,0.53522382086995157,7.4913069172593012
108,0.53522382096524013,7.491306913819332
109,0.53522382106775745,7.4913069126735898
110,0.53522382115844591,7.4913069134096117
111,0.53522382123270529,7.4913069109912538
112,0.53522382088440912,7.4913069150865166
113,0.53522382075231945,7.4913069185787089
114,0.53522382107564348,7.4913069153178373
115,0.53522382090740983,7.4913069173156117
116,0.53522382094486809,7.4913069163516575
117,0.53522382109141531,7.4913069151658984
118,0.53522382104081379,7.4913069152649152
119,0.53522382085877984,7.4913069155389937
120,0.53522382093303911,7.4913069152357643
121,0.53522382097378329,7.491306914395941
122,0.53522382107235766,7.4913069139787458
123,0.53522382112164479,7.4913069136090407
124,0.535223820847608,7.4913069186825103
125,0.5352238210440996,7.4913069163285844
126,0.53522382081146413,7.4913069173088349
127,0.53522382102044175,7.4913069162573747
128,0.53522382115056,7.4913069148762244
129,0.53522382102044175,7.49130691339536
130,0.53522382100664134,7.4913069155403385
131,0.5352238208673229,7.4913069158293153
132,0.53522382103818522,7.4913069137328492
133,0.53522382097838339,7.4913069127481879
134,0.53522382117421785,7.4913069136524442
135,0.53522382087126585,7.4913069135215355
136,0.53522382110258715,7.4913069145031308
137,0.53522382088835208,7.4913069170212028
138,0.5352238209540684,7.4913069171873934
139,0.53522382102832777,7.4913069155159207
140,0.53522382095209686,7.4913069170585276
141,0.53522382103227073,7.4913069136178612
142,0.53522382115187428,7.4913069150112204
143,0.53522382079766362,7.4913069163754278
144,0.53522382076480557,7.4913069175577967
145,0.53522382077860597,7.4913069178711913
146,0.53522382084366504,7.4913069172118112
147,0.53522382100992716,7.4913069158225385
148,0.53522382080620678,7.4913069190135451
149,0.53522382115844591,7.4913069149647518
