epoch,acc,loss
0,0.61295700110516449,0.43604851544179357
1,0.53499448731689492,0.68457734734196185
2,0.49511797133065111,0.67570462694311928
3,0.44826460859636225,0.67893545922940102
4,0.44215214994224455,0.67174436637875545
5,0.43958544652412063,0.67118518384722037
6,0.44026460859636224,0.67136136628930532
7,0.43699228224575587,0.67956705656297745
8,0.43711576625662052,0.67078249388764988
9,0.44024696802278074,0.668326914154449
10,0.43636604189320727,0.66722125180875691
11,0.44195810363468813,0.64784640436533425
12,0.44908489525515294,0.57071115356911917
13,0.44592723263032907,0.67435581894260099
14,0.4513164277807486,0.66973429317852273
15,0.446659316431464,0.66815796700413432
16,0.44480705622617306,0.58485162799221713
17,0.47273208378956888,0.27770200877827095
18,0.51677177507848437,0.57729883546908334
19,0.43322601984222775,0.6609544708091748
20,0.43604851157347185,0.66025609340867419
21,0.43611907386727211,0.66334358691482553
22,0.43632194046674516,0.66492004444859376
23,0.44739140021761564,0.66177355288147266
24,0.44127894156218361,0.66282650033491142
25,0.44882028665405915,0.66324090130917079
26,0.51981477398383447,0.66209612813736274
27,0.43737155457158072,0.66679530136281773
28,0.43886218301726809,0.66260572391979466
29,0.43216758544337264,0.66407039688578107
30,0.43114443219036619,0.66365230956821797
31,0.42932745313802129,0.66392597435220824
32,0.43234399117761041,0.66284196185193578
33,0.43087100330340167,0.65869367821121749
34,0.43149724365700171,0.65964445924542947
35,0.43588974641307843,0.66303117865015582
36,0.4287894156525916,0.66231729562627906
37,0.43069459757100392,0.66003234951207868
38,0.43791841234366974,0.66260179932326357
39,0.43412568908200372,0.66060044345737756
40,0.44789415655640807,0.65796778353415364
41,0.4332260198427535,0.65433398371547902
42,0.43125027562975227,0.66026119361441282
43,0.43063285556438868,0.66014302471677089
44,0.42893054023966637,0.66036957596266344
45,0.43506063946657697,0.66145669392566253
46,0.43220286659027274,0.66023238781186344
47,0.42841896361316317,0.66029672023162922
48,0.43283792722842923,0.66044901774885045
49,0.43425799338688792,0.65997855174273046
50,0.43342006614794409,0.66078144929389027
51,0.4347783902953189,0.66128339366522082
52,0.44651819183702901,0.65677785221735341
53,0.43716868797894221,0.65497058743045422
54,0.43008599779151108,0.65958310584994628
55,0.43201764057042713,0.66082912286333972
56,0.43222050716253996,0.65956974448692474
57,0.45383020947707658,0.66579940565003448
58,0.49923704520002615,0.659658147185891
59,0.4480352811434829,0.65939213253525442
60,0.4373980154320844,0.66117256286696813
61,0.42949503858533689,0.65946499994045027
62,0.42750165380085708,0.66028782053144119
63,0.43552811465846925,0.66048681520269004
64,0.4339669239208217,0.65997869612027937
65,0.42749283351393491,0.66193695702464728
66,0.42728996692208498,0.6603935905181747
67,0.42796030870661583,0.66020604024835772
68,0.43658654905811295,0.66088004839504044
69,0.43509592061268848,0.65919153226042693
70,0.44189636163490742,0.66077906758549254
71,0.47304079382185638,0.66074334797008472
72,0.43615435501233218,0.66250690936664203
73,0.43431973538745722,0.66025517154577218
74,0.42708710032760638,0.6595625971172322
75,0.42911576625977488,0.65988180021815546
76,0.42820727673281384,0.66016636982994426
77,0.4279162072730564,0.65930507711567232
78,0.43107386989735452,0.66076247457436887
79,0.42628445424239719,0.65980061982119398
80,0.43258213892319497,0.66148475628217507
81,0.42726350606026697,0.66518634354177586
82,0.4270606394678913,0.65978220012955024
83,0.42827783902635125,0.65937516925390294
84,0.42912458654433128,0.66084927797331505
85,0.42692833516721296,0.65900867198834079
86,0.42917750826560147,0.66334570733489195
87,0.4287717750790101,0.65863220097214936
88,0.43476074972042306,0.66293293364790584
89,0.44463065049219813,0.66011577218460904
90,0.44252260198141014,0.6589370830662038
91,0.43755678059221498,0.65906286558206151
92,0.43347298786974003,0.66245245114924933
93,0.43241455347009633,0.66031724466349762
94,0.42701653803433182,0.65952016523013912
95,0.4269106945938943,0.65988756594449505
96,0.43971775082374748,0.66081234835499147
97,0.44308710032655491,0.6589857523871292
98,0.43672767364597637,0.66057755180449163
99,0.44821168688350371,0.65910644799471385
100,0.43758324145245581,0.65917873837480312
101,0.43426681366802705,0.65963498995902947
102,0.42723704520055189,0.66408230783892863
103,0.42681367144011612,0.65954355059356695
104,0.42719294376672956,0.66097237214080584
105,0.43564277838740617,0.66203997053003183
106,0.4767629547928765,0.66108503895963311
107,0.45091069459442001,0.66006973148079773
108,0.43523704520002615,0.65940909970773409
109,0.42983902976478738,0.65961085449889467
110,0.43050937155115826,0.66041613023679857
111,0.43545755236756051,0.65873768469269456
112,0.42900992281960021,0.65908457547784816
113,0.42700771774767254,0.65950143373320991
114,0.42600220506982478,0.65907104005637906
115,0.42655788312804738,0.6595400979316588
116,0.4279338478466379,0.66008535168616866
117,0.42711356118732147,0.65931709444796727
118,0.42617861080117103,0.6592752322707498
119,0.42569349503438292,0.6656969145943612
120,0.42702535832782562,0.65910548542616842
121,0.42604630650180703,0.65950934114731707
122,0.42598456449492894,0.65985492486843289
123,0.42719294376725531,0.66001211256705061
124,0.42548180815508507,0.66008008678252228
125,0.42568467474851218,0.66157947180533672
126,0.42619625137632972,0.65856227835379599
127,0.42642557882763193,0.65949885142679021
128,0.42708710032681779,0.66240852541279827
129,0.42703417861448495,0.66056023425713339
130,0.42550826901585159,0.66177225395940653
131,0.42812789415288,0.66042165030998923
132,0.42579933847455759,0.66045588483057283
133,0.42572877618259736,0.65862282159227348
134,0.42578169790123893,0.66246362741067921
135,0.42808379271932051,0.66107700268792069
136,0.42979492833227939,0.66196649543013464
137,0.42758103637973949,0.66390034460952596
138,0.42871885335931703,0.6605470996530759
139,0.42951267915970698,0.65934966060336231
140,0.42911576625846054,0.65827519257065459
141,0.42974200661153489,0.66017870093162134
142,0.42806615214731625,0.65959139006808964
143,0.425226019841702,0.66117952216937936
144,0.42590518191525795,0.65868664545120925
145,0.42571995590224682,0.65831709013934203
146,0.4276692392465955,0.66033548457835312
147,0.42749283351393491,0.65886064982259385
148,0.42932745313933562,0.65898805602509025
149,0.42648732083477287,0.65903892001884368
150,0.42632855567490513,0.65873926392121518
151,0.42927453141911687,0.6583924535366662
152,0.42569349503464576,0.65990086692321548
153,0.42542888643407767,0.65867352584924099
154,0.42589636163490741,0.65867318702848188
155,0.42535832414080316,0.65903029401705759
156,0.4247673649359433,0.66216163256781213
157,0.42502315324958917,0.6609360823314292
158,0.42482910694965587,0.66030924878082831
159,0.42573759646899384,0.66279235236833545
160,0.42540242557646551,0.65996404946930776
161,0.42519955898172407,0.66065731135795935
162,0.42616979051503745,0.65945245950371789
163,0.42504079382211923,0.65899269049529297
164,0.4249966923882969,0.66190447991174728
165,0.42555237044993677,0.65935341652985102
166,0.42529658213550225,0.65957585226599524
167,0.42703417860765047,0.65935949686252471
168,0.42669900771459646,0.66243516991887441
169,0.42648732083372137,0.65922764113236265
170,0.42666372656743345,0.65935759576761055
171,0.42872767364597636,0.65888428820175859
172,0.42659316427442179,0.65923351549073583
173,0.42615214994250744,0.65885240785259336
174,0.43007717750642899,0.66207628496595206
175,0.43078280043864853,0.6586604690010931
176,0.42557001102272968,0.66002701283363063
177,0.42634619624769804,0.66003310696186468
178,0.42691069459363146,0.65942567890673809
179,0.42512899668976384,0.65978466126426893
180,0.42614332965558527,0.66570164249526942
181,0.42762513781329892,0.6596983916455561
182,0.425226019841702,0.65990881359490172
183,0.42710474090092498,0.66546283795632333
184,0.42570231532183084,0.66010558125022567
185,0.42525248070325716,0.65935527710926112
186,0.42542888643512916,0.65978693804755695
187,0.42557001102167824,0.66168048167060101
188,0.42564939360161208,0.65963470241034849
189,0.42751047409408804,0.65917119622101339
190,0.42698125688769456,0.65885514054497585
191,0.42796030870582724,0.65955753207698053
192,0.42808379272063485,0.66037537611109187
193,0.42557001102062675,0.65824646971317746
194,0.42542888644248938,0.66073375777144405
195,0.42580815876174261,0.65834747823796858
196,0.47316427783561255,0.65981764976344026
197,0.53181036384050484,0.65891440216840302
198,0.45016097022732671,0.65892337119352284
199,0.42740463065417628,0.65926049505906847
200,0.43076515986532993,0.65889871769744723
201,0.47052701212421405,0.65854887871916679
202,0.42522601984275349,0.65849673552504617
203,0.42736934950070449,0.66003473187404094
204,0.42637265710741312,0.66033138704259542
205,0.42724586548642263,0.65946230919409921
206,0.425437706720737,0.66015501508826702
207,0.42619625137448969,0.66350524465560057
208,0.43216758544284689,0.65951078434178945
209,0.4278985666994749,0.65912126918232039
210,0.42585226019582778,0.66039511675120988
211,0.43200882028271637,0.65986425068678345
212,0.42716648290806597,0.65960349812071428
213,0.42589636162807293,0.66237847960247209
214,0.42586108048274995,0.65919031228046632
215,0.4256493936089723,0.65992945758853372
216,0.42622271223446762,0.65978673593475867
217,0.42682249172861547,0.66058443220327412
218,0.43559867695305815,0.65883063577269729
219,0.43122381477030003,0.65802955857898482
220,0.42674310915472752,0.65881705439587179
221,0.42557883130807467,0.66027633989121348
222,0.4289217199524813,0.6623280161041214
223,0.42609040793405217,0.65934389259024939
224,0.42765159867353975,0.65803101450388446
225,0.42928335170498755,0.65846925144787138
226,0.42764277838766901,0.65870391565482045
227,0.4296185225993559,0.65844013194089746
228,0.42884233737964483,0.65969034849877561
229,0.42770452039454709,0.65803919310927983
230,0.42741345093400107,0.65931593781204811
231,0.42879823593898803,0.65991331984758039
232,0.42805733185907974,0.65862732580248817
233,0.42898346195725651,0.65822626951718077
234,0.42752811466030932,0.66039932599854989
235,0.42696361631463881,0.6591693618711788
236,0.42602866592848837,0.66076098119315152
237,0.42568467474930077,0.65980332188569524
238,0.42489966923557015,0.66020176905346295
239,0.42704299889325831,0.65997380198368727
240,0.42603748621409626,0.65876985033804314
241,0.42535832414264324,0.6591773606856437
242,0.42608158764791859,0.65864148975812431
243,0.42705181918018054,0.65871718332881135
244,0.42579933847482043,0.66079352478848408
245,0.42575523704257534,0.65892214903519442
246,0.4261874310888818,0.65884462813149225
247,0.4259933847834283,0.65920078917483571
248,0.42632855567543088,0.65909193370491082
249,0.42676074972068595,0.65894163994893862
250,0.42547298786895144,0.65876579401456847
251,0.42589636162807293,0.65878533297404651
252,0.4260463065086415,0.65923952245828721
253,0.42661080484800329,0.66093096415897645
254,0.42608158764818144,0.66093151846434817
255,0.42482028666299654,0.65925931751953548
256,0.42529658213655375,0.65932474852651279
257,0.4257728776148425,0.65937242550510511
258,0.42538478500130683,0.65874512865564772
259,0.42585226019530209,0.66082354148788003
260,0.4250319735365114,0.65993669223933904
261,0.42544652700871066,0.65894719945066615
262,0.42672546857457438,0.65989118899793109
263,0.4277045203937585,0.65920225518326048
264,0.42543770672126274,0.66026521763294233
265,0.42569349503517151,0.65927734164252305
266,0.42588754134167645,0.65956735852765114
267,0.42517309812174608,0.65937318299312664
268,0.4254288864364435,0.66021913666365273
269,0.4253759647149104,0.65896875379893594
270,0.42631091510290087,0.65995429499872238
271,0.42594928334881743,0.65892025358465056
272,0.42467034178216506,0.65845604595247254
273,0.42577287761536819,0.65985146257472416
274,0.42601984564235479,0.65881469737692167
275,0.425393605288229,0.65878676010816173
276,0.4250143329629299,0.65930597400842927
277,0.42550826901480016,0.6595976068862287
278,0.42493495038273316,0.65844990772052858
279,0.42467916207040157,0.66075002215751821
280,0.4247320837887803,0.65882359266320845
281,0.42475854464902107,0.65873249434136472
282,0.42506725468314865,0.65882270149726974
283,0.42510253582978591,0.65896206337333196
284,0.42502315324880058,0.65911282480811473
285,0.42606394707486278,0.65982780991390844
286,0.42632855567516803,0.65884133060623762
287,0.42870121278599843,0.65867849954181512
288,0.42701653803380613,0.65838393307956455
289,0.42624035280804912,0.66327677376903582
290,0.42571995589567518,0.65924918693364465
291,0.4258699007678321,0.65899126013815013
292,0.42573759646846809,0.65865341934405552
293,0.42503197353598565,0.65976709090475671
294,0.42496141124244824,0.65894997614351847
295,0.42466152149576863,0.65843475369130766
296,0.4247585446563813,0.66043305536901065
297,0.42487320837664366,0.66079717147532024
298,0.42539360528796616,0.66007204343297976
299,0.4250672546834115,0.6590003948169193
300,0.42504961410983,0.65974914064156853
301,0.42541124586338769,0.65886619086451303
302,0.42569349503464576,0.6588411076760109
303,0.4255611907355446,0.65954535490314004
304,0.42567585446185285,0.65999564294329982
305,0.42498787210321481,0.65886658823814348
306,0.42458213891583479,0.65911979817233035
307,0.42467034178374224,0.65888673699465061
308,0.42476736493541756,0.65925952649924746
309,0.4247497243620989,0.65918156233086811
310,0.42616097022890387,0.6590147354014817
311,0.4266108048472147,0.65963678147946836
312,0.42607276736152211,0.65888912390180154
313,0.42599338478079968,0.65879636259769603
314,0.42617861080248537,0.65945884238090136
315,0.42530540242268733,0.65880227729008511
316,0.4277486218265294,0.66184809121286947
317,0.42651378169448795,0.65891907831343643
318,0.42919514883813153,0.65855302106658531
319,0.42557001102167824,0.65883947718578817
320,0.42744873208694711,0.66100003149766962
321,0.42792502755997858,0.6610606142035671
322,0.42788974641360417,0.65940184622476172
323,0.42783682469285966,0.65936147331368899
324,0.42726350606000413,0.65879067867165142
325,0.42474972436341324,0.65863775473692998
326,0.42472326350133238,0.65892280321709584
327,0.42616097022864102,0.65994470267332095
328,0.42496141124954562,0.65952718720700398
329,0.42490848952170374,0.65872652691409028
330,0.42535832414921482,0.65847157371027731
331,0.4246350606363164,0.66204928534051477
332,0.42515545754842748,0.65877827274715761
333,0.42474090407570247,0.65837672612942699
334,0.42763395809943255,0.65900702359123764
335,0.42512899668923815,0.65900476717815559
336,0.42471444321703883,0.6594613471848314
337,0.42680485115424538,0.65974844373109043
338,0.42530540242242443,0.65896563811370112
339,0.42491730980888881,0.6588104223639637
340,0.42483792723000641,0.65909756607709624
341,0.42724586548694832,0.65963508593204723
342,0.4253759647149104,0.66204736680951037
343,0.42661080484852903,0.66005613410230068
344,0.42596692392134744,0.65990023899782979
345,0.42773980154013291,0.65848522040988522
346,0.43699228224549297,0.65911396956135182
347,0.42889525909250337,0.65950718133746633
348,0.42696361631385021,0.65837152164747159
349,0.42636383682154244,0.65872402196245072
350,0.42551708930908255,0.65882745022313549
351,0.42758985666613597,0.6665297252891873
352,0.42686659316033487,0.66224570031867891
353,0.42670782800099288,0.66248456756486529
354,0.42768687982727438,0.66301733725504952
355,0.4270606394676284,0.65924020845038345
356,0.42497023153620489,0.65902095579513931
357,0.42507607496928224,0.65949153872742716
358,0.42510253582847157,0.66082185652793313
359,0.42675192943376378,0.65983951183730805
360,0.42579933847587192,0.65874756038468996
361,0.42990077177035113,0.65907643386879944
362,0.43404630650864151,0.65886424090076956
363,0.42823373759279176,0.6589687824271202
364,0.42571113560875301,0.6676537038488134
365,0.43125027562975227,0.66032068290676604
366,0.43527232634640056,0.6588637071218606
367,0.43834178610463126,0.65860442131790031
368,0.42811907387358089,0.65972583249520644
369,0.42723704520134048,0.65841831842069609
370,0.42661962513413687,0.65976143268614429
371,0.42603748622198223,0.66097800987726396
372,0.42497023152910757,0.66101780883651695
373,0.42471444321651314,0.66089313820048168
374,0.42516427783534966,0.66105950347223441
375,0.42496141124244824,0.66070230636686589
376,0.42447629548328319,0.66185725320959732
377,0.42532304299600593,0.66153537566508958
378,0.42466152149550573,0.66128920691777004
379,0.42681367144011612,0.66182905671938641
380,0.42694597574000587,0.66025345872285346
381,0.42758103638052808,0.66063516290384683
382,0.42550826901532585,0.66192255110949938
383,0.42502315324958917,0.66155662912706403
384,0.42567585446211575,0.66082136149683757
385,0.42472326350369816,0.66028405994622963
386,0.43046527012495905,0.65940130424134635
387,0.44157883130807468,0.65982015111253567
388,0.44157001102246679,0.65930537933461697
389,0.43139140021656419,0.65896388807744488
390,0.43014773980522364,0.65829971388431274
391,0.43290848952328093,0.65914852924679046
392,0.4340022050679847,0.65917618850129411
393,0.42721940462697039,0.65878454561132394
394,0.43273208378983175,0.66204283518844209
395,0.42531422270908376,0.66149145775676477
396,0.4257905181892126,0.65918415787361051
397,0.42500551267521908,0.65832596540132582
398,0.42670782800151863,0.65877780826954979
399,0.425869900768095,0.65854048121657438
400,0.42658434399433409,0.66040673712353226
401,0.43504299889457265,0.65862247597213985
402,0.42965380374573031,0.6582827604847602
403,0.42947739801122964,0.66041110900298383
404,0.43000661521236583,0.65918775196148294
405,0.43071223814405968,0.65799192454739608
406,0.43323484012862418,0.65850896241786172
407,0.42751047408620207,0.65862005212915431
408,0.42713120176116581,0.65879808036851428
409,0.42594928334802884,0.65795721864149403
410,0.42689305402110139,0.66055628247063747
411,0.42679603086732321,0.65868460232311943
412,0.42860418963327168,0.65867614437404176
413,0.42797794928019733,0.65836985675001425
414,0.42843660418595603,0.65839947617465411
415,0.45631753031500383,0.65820410523890827
416,0.43909151047172462,0.65829266975509193
417,0.42897464167191152,0.66141290056012758
418,0.43006835721635239,0.6578277116863519
419,0.43034178610489415,0.65754191883746804
420,0.43390518191525795,0.65934807283040975
421,0.43277618522207689,0.65771073588639672
422,0.42792502755945283,0.65962181773770601
423,0.42654024255420303,0.65796552878653358
424,0.4249790518149783,0.65899531779153375
425,0.42659316427547322,0.65864486659836241
426,0.42739581036015672,0.65826708478376128
427,0.42582579933558701,0.65926658425740747
428,0.42489966923557015,0.65883052844426404
429,0.42482028666247079,0.66025875489329178
430,0.42535832414316893,0.65805654878487907
431,0.42594046306242095,0.65885369613667655
432,0.42667254685409278,0.65816568778637574
433,0.43344652700818492,0.65936903495971189
434,0.44788533627053739,0.65797103778309007
435,0.44273428885965654,0.65981054622496516
436,0.43465490628129988,0.65745522812472734
437,0.43566041896019908,0.65915854538356189
438,0.47275854464954681,0.65861300820458302
439,0.46055126791200146,0.65792555533121744
440,0.46435281146269253,0.65884137838256029
441,0.43631312017272561,0.65850658504442106
442,0.46383241455031859,0.65821203570773923
443,0.42594928334908028,0.65899303111286889
444,0.43006835721740388,0.66052350246678804
445,0.45271885336010564,0.65853894627351683
446,0.43605733185986834,0.65819477903979495
447,0.42773098125321074,0.66025476829888174
448,0.43558103638210527,0.65900775864635952
449,0.42684013230061979,0.65858899037661922
450,0.42640793825536472,0.65847633526734117
451,0.42576405732792033,0.66033509211103103
452,0.43105622932377302,0.65843108023078423
453,0.42525248070246857,0.65828840217755447
454,0.42616097022837812,0.65911572051592771
455,0.4270429988940469,0.66040721222381105
456,0.42574641675591601,0.65846771226289003
457,0.42695479602771663,0.65941431010058549
458,0.42949503858349686,0.65853708396537081
459,0.43766262403160106,0.65910227480791217
460,0.50707828003989563,0.66780813390544058
461,0.50685777287420131,0.65792961378067039
462,0.45762293274189697,0.6575753901634025
463,0.43074751929174843,0.66040593561631955
464,0.43329658213523942,0.65726294195708856
465,0.43569570010657349,0.65858722888858279
466,0.42826901873969192,0.65944158279016374
467,0.42625799338110487,0.65864685037529502
468,0.42740463064681605,0.65740256549767151
469,0.42577287761536819,0.65842726593728462
470,0.42624035280752337,0.65865250328287461
471,0.4281455347264615,0.65769793215342864
472,0.42603748621593629,0.65760732829679369
473,0.42624917309497129,0.65839382774886912
474,0.42594928335486332,0.65731470797622038
475,0.43595148841995651,0.65816202960401715
476,0.42773980154065866,0.66030789867844664
477,0.42560529216884119,0.65789019694879625
478,0.42634619624717235,0.6581542823312605
479,0.42512899668766091,0.65768583220134602
480,0.42520837926864624,0.65791393223496153
481,0.43278500550794757,0.65862643307774926
482,0.43215876515697615,0.65626846821267748
483,0.42982138919199447,0.65630509346878729
484,0.42824255787787391,0.6583361184462323
485,0.45442116868456511,0.65940664310029029
486,0.42589636162859867,0.66070218931678459
487,0.42941565600619164,0.65884697651085056
488,0.42714884233422157,0.65821915088377214
489,0.42567585446159001,0.65874429477583718
490,0.42675192943455237,0.65790807599797507
491,0.42620507166193761,0.65850157740621729
492,0.42587872105633146,0.65788477909859977
493,0.42578169790281611,0.6579288087934706
494,0.42521719955609416,0.65830441957717922
495,0.4263638368210167,0.65819932316751484
496,0.4259581036357396,0.65815170463469908
497,0.42522601984222774,0.65867251803079097
498,0.42542006614925842,0.65860812940755364
499,0.42605512678846635,0.65836358276975449
