epoch,acc,loss
0,0.57469460253613003,0.3197725292065694
1,0.62908048916020753,0.23502196264840047
2,0.69349504017580177,0.15145010666533379
3,0.65970452328698248,0.18955498004895197
4,0.59790077656343199,0.20721817064787479
5,0.65720838242026647,0.17911970454063467
6,0.57870783323621278,0.22797212676186335
7,0.62474972862918687,0.1976192590318763
8,0.5967453192836526,0.14844262403743824
9,0.56896141674250467,0.14904147010795565
10,0.62634620051071166,0.15814488905732244
11,0.68164939573607608,0.16165746187355159
12,0.71184123608348393,0.15277768784309431
13,0.64901433607512038,0.14537990287216668
14,0.74241234732765082,0.12180441455475222
15,0.81332744951219249,0.10636597279311441
16,0.64315766579655331,0.16300661495373917
17,0.74211245825692862,0.16618244759839768
18,0.60819405083619515,0.19734639720463021
19,0.71550165400812615,0.19204574922658177
20,0.75989415506609481,0.16739501967055193
21,0.62168026792306486,0.17660622631173031
22,0.58590518645375411,0.2361706004153995
23,0.81981035978752037,0.24948053522862759
24,0.64381918638583191,0.28038085909106941
25,0.78066592913872612,0.26497584787468975
26,0.60909371864703687,0.27664338368261215
27,0.54735171394942217,0.31891138632469768
28,0.54628445902890643,0.29422835584320051
29,0.47461081138650796,0.28842115279331348
30,0.48644763590022511,0.31016114441910714
31,0.61092833785132772,0.26289782477100304
32,0.86544652170685454,0.16198296525573652
33,0.74126571039446398,0.25332387641898779
34,0.7616758532166612,0.14350145390771521
35,0.6062535874517645,0.14264809544660867
36,0.81847849739688761,0.21168942549909148
37,0.86106284040403214,0.21129587465285021
38,0.77257772674371283,0.19767583495798557
39,0.87727452642533854,0.18047020885538836
40,0.80068797977914363,0.16094859395539179
41,0.9523087037358815,0.15168131540132937
42,0.84978169375704038,0.13330150457413042
43,0.59118853744033151,0.14385333870946193
44,0.57479162524527194,0.15519640254999809
45,0.79057111086432696,0.14719083700349983
46,0.78332965589936543,0.1909409958810406
47,0.62420286995573371,0.15193249486746144
48,0.67663065186671933,0.13692503661882519
49,0.60862624395774245,0.15290953366596211
50,0.55230871495824663,0.22882989201371298
51,0.59098567102420685,0.27108136465726151
52,0.62179493197203994,0.18361681137386773
53,0.64463947378813624,0.16500282005371678
54,0.52857332469412877,0.14688632524871248
55,0.51712459277817535,0.18063031706419352
56,0.53608820904970433,0.17022804889076312
57,0.57664388586825543,0.20717981317167095
58,0.53058434995032988,0.20267043195450296
59,0.7364321933126502,0.21626704767278399
60,0.73942226987820869,0.26706581940357516
61,0.50892172640318911,0.28636415352964195
62,0.68347519374932053,0.21276308918947115
63,0.48570673197080705,0.28784720339404779
64,0.50024256397371392,0.23339202374558107
65,0.51392282850095694,0.20146939653867257
66,0.47656009504984337,0.3064383918702544
67,0.48029107602389143,0.20616767963314356
68,0.54803969650573481,0.17142209934094529
69,0.50504079956992587,0.17463550888973448
70,0.52032635661378057,0.2023090495641485
71,0.49791400848373424,0.27026837273501036
72,0.50268578336480696,0.17811453922104012
73,0.47297905839527848,0.25234356845511197
74,0.47969129655760728,0.19382418316722538
75,0.55678942101004369,0.22415688328584149
76,0.61724366397421315,0.15820729665388539
77,0.62389415976756724,0.22117171489863449
78,0.61833737933714572,0.19126986013132954
79,0.48074091057464596,0.16998946531616746
80,0.47745976405080648,0.16560067533982017
81,0.50607277343199564,0.1820250471983566
82,0.54818082111607314,0.21671479385726478
83,0.54210364359216368,0.14493776344295789
84,0.75305843391978355,0.16692238264426809
85,0.56816758954735291,0.16870434885342966
86,0.61857552659485282,0.19651494344882342
87,0.82059536592634408,0.15869630921628014
88,0.88354575079554631,0.1595423045878353
89,0.8311973506797109,0.16173645646321547
90,0.61614994778194132,0.20260124888927433
91,0.80432193810516572,0.14507677619023701
92,0.81980154057321897,0.1356244086962069
93,0.62631973814412278,0.1462524122022989
94,0.92889084263371002,0.16267319076648762
95,0.88860859435606165,0.19926652118447086
96,0.78490848784607059,0.16994651037639438
97,0.77867254414198284,0.14062052806498146
98,0.64646527130325149,0.21530717586909329
99,0.64553032139236111,0.30345402363074009
100,0.6260374886520379,0.24337924090805163
101,0.53980154783617962,0.3032960329550527
102,0.59309371846644854,0.22585661648501149
103,0.64918191998506991,0.25733403451296216
104,0.75465490571456284,0.2562845418622734
105,0.67912679302587264,0.16847042451311434
106,0.60104079754310513,0.16519574489018402
107,0.8299625102799415,0.20273258471813435
108,0.78798676847097238,0.15743798840983278
109,0.67020948364164235,0.17808639741054252
110,0.80746195927804465,0.14758018047984528
111,0.66114222869786299,0.18136964505230932
112,0.65715545886275262,0.15584083593292103
113,0.68304299925627487,0.22943430474464691
114,0.74540242487435304,0.16859237802291871
115,0.61410364087913372,0.15580942730048794
116,0.58551709331251689,0.18461030802845169
117,0.6222976865677744,0.26624094936390963
118,0.7001543545611244,0.19197229914266628
119,0.68582138947115712,0.19680113573017169
120,0.79630429633265687,0.22555309484270436
121,0.86703417240061864,0.18641877726242098
122,0.63603087319165896,0.23187779377450124
123,0.59182359743933166,0.18324000891638728
124,0.70296802579239426,0.16051735158716235
125,0.6898081586530479,0.17383335158104141
126,0.53211907896212207,0.16963708257101065
127,0.7239691279715188,0.19269039157904513
128,0.83653362246963392,0.2588071271819013
129,0.48732966425926183,0.28177117268507512
130,0.46482911349000056,0.24291701574359612
131,0.50740463679785763,0.18944736838361415
132,0.54516428206695089,0.18955631274969331
133,0.71867695638994133,0.15344858219011065
134,0.50099228837392817,0.16660733758696611
135,0.51984124039407598,0.23094499463262153
136,0.75086218147648476,0.23177964848695803
137,0.51661301543194771,0.26935180588293278
138,0.47294377726388742,0.31110865004397992
139,0.45330981933755149,0.27839619121921577
140,0.47765381026622872,0.27669193667777309
141,0.51362293840571827,0.25772003413507666
142,0.58341786565302223,0.27211258050459564
143,0.46569350177818519,0.26490385780895165
144,0.49302756948928456,0.26561245236732867
145,0.64129658361911246,0.26098905853567222
146,0.55735391896181097,0.27106980562841898
147,0.6447276748330748,0.27570853514591698
148,0.49238368849638675,0.28173651306436459
149,0.47422271852127906,0.28648707048202621
