epoch,acc,loss
0,0.54120397510313012,0.39230538191111586
1,0.65778170046759021,0.24894269118918078
2,0.59127674166396538,0.18958046280913612
3,0.55392282838069618,0.22811818723622784
4,0.57964278322267693,0.19129391520412847
5,0.74766041789520143,0.21906054449645884
6,0.85053141755857964,0.17325402245546698
7,0.8118544619020317,0.26011384689268896
8,0.72401323009089313,0.25022040793484873
9,0.61571775470770973,0.27312815042839594
10,0.61674090825735928,0.20197931176553283
11,0.74431752940062779,0.24715128854707502
12,0.54568468046753515,0.27519570879864652
13,0.53025799901443382,0.28840405094867616
14,0.49937817604236856,0.33296453163397693
15,0.52837927831638742,0.27630971589978054
16,0.49653804393232592,0.32197353931784445
17,0.53116648887786211,0.27980312862719914
18,0.5714663779571274,0.28445766656104754
19,0.59001543992803795,0.30578576749708941
20,0.6256758572931721,0.29731550584234057
21,0.60261080902755726,0.30531788697174095
22,0.65513561440210755,0.19532330979990406
23,0.78407055975649564,0.18075775694991908
24,0.67342888761118724,0.1838790244765168
25,0.69067254680125689,0.22160137069779298
26,0.59346417132259865,0.26516259124821573
27,0.82815435035620399,0.27112603553925174
28,0.77481807898134492,0.23274420772214874
29,0.54716648805496315,0.27168620685844608
30,0.62508489776866838,0.21776053486465607
31,0.54315325732925102,0.26405424064752941
32,0.50965380987166831,0.27845218696966245
33,0.51900331363854102,0.35169927592850148
34,0.50178611414566587,0.35605629420115253
35,0.49666152776733385,0.35160882142120475
36,0.53931643300768817,0.31919052975141465
37,0.55080926624916349,0.26684701058491028
38,0.52498346799658047,0.28561219414808653
39,0.49702315962892907,0.28852284984963406
40,0.52806174778820003,0.27287457754103511
41,0.51486659898516096,0.31447915930949555
42,0.52202867197425262,0.27225460385309519
43,0.58343550585399262,0.26941925609593792
44,0.67588092771491248,0.22695935874429374
45,0.63847409327277271,0.26542386677985386
46,0.53357442737282834,0.27578243188536811
47,0.52000882631822876,0.27767396200793171
48,0.50684895876815594,0.26039025450289044
49,0.49974862833270162,0.27517385280837303
50,0.49549725037951192,0.33501009336379706
51,0.50501433925105566,0.28048835967400937
52,0.49638809904242559,0.3370300368950146
53,0.49822271866072892,0.32050743741273574
54,0.47760088877154816,0.28767123153019802
55,0.55435502219357857,0.26300182166999025
56,0.50302095438968786,0.26249971346660705
57,0.5113473049860936,0.30391452396147639
58,0.51715987364604432,0.28835857339659393
59,0.55306726046801924,0.2549610953940501
60,0.50856891494995971,0.2516388279295344
61,0.52999339036339566,0.2523573103820122
62,0.50950386489173671,0.24347028396025702
63,0.49941345748854049,0.31691380287791515
64,0.52269019354073187,0.22570399667647961
65,0.49714664353688209,0.25198666817749626
66,0.5038500611541552,0.29121203307509885
67,0.56720617993663924,0.25473539025301295
68,0.49101654452552079,0.26491388240125086
69,0.47525469241817836,0.28852958937312939
70,0.58336494393293492,0.27226198809278435
71,0.55384344549531317,0.27901900027598803
72,0.5269592123040816,0.31719957065572829
73,0.47447850731465363,0.30756978978769584
74,0.46129217861571414,0.27415638687469374
75,0.60666814073838105,0.24013785939512189
76,0.62718412739307905,0.25174090828163215
77,0.71049173145467681,0.25783239001476577
78,0.61703197748027538,0.32437835393339742
79,0.59078280512329762,0.26809251892945485
80,0.69807276898471371,0.19888563835982881
81,0.67682469891410946,0.13961213071940401
82,0.63349945250130546,0.22455782984434777
83,0.59865932038298253,0.31714285929485153
84,0.53988975200198319,0.26398910605992765
85,0.71108269060591223,0.24012398425158146
86,0.66370011284438091,0.13842930282285293
87,0.69604410267717387,0.23515813440064678
88,0.60580375292401067,0.26993833478696394
89,0.72022932763596481,0.25352964515479592
90,0.75216758456882071,0.22924054063421842
91,0.69111356203979268,0.23073456303579895
92,0.8034575495330869,0.27667881327496874
93,0.61413010298022885,0.24627891339693853
94,0.5650981305334245,0.23927392315675419
95,0.51964719431008632,0.23643445985489367
96,0.60044101848491893,0.25622910100439578
97,0.50492613620242843,0.31022060625144293
98,0.49994267408811005,0.32473599430482086
99,0.49151048046554202,0.26614791339200017
100,0.5213671501935383,0.32415981609023342
101,0.5685997838596788,0.35212949893202872
102,0.54377949811460691,0.26812859213423201
103,0.52998456945821493,0.33783528319848799
104,0.70015435509014023,0.24912117974753184
105,0.67162072896431668,0.22554791343378053
106,0.54638148231240857,0.23754025157286909
107,0.50942448277523389,0.23148803004657562
108,0.66299448905075264,0.23577551268609456
109,0.51342007237009069,0.26713427098545262
110,0.52435722737748669,0.2358225049964037
111,0.50362073399397611,0.22941965892988089
112,0.51046527592652158,0.24962278919671144
113,0.47086218959967119,0.26004268385703738
114,0.51720397525874628,0.26719897413592375
115,0.49278942212117416,0.30978111629480093
116,0.48403969773646882,0.24957588114614757
117,0.5381256948567541,0.25311081987815726
118,0.50792503375334142,0.23827265424248853
119,0.51326130711585449,0.30654221947602917
120,0.52747960870623456,0.22024771973900534
121,0.64262844871331204,0.18981502252924629
122,0.4953914067191878,0.24715563450179853
123,0.48537156097549849,0.24152854982833441
124,0.53580595913966411,0.21847190361934979
125,0.63060639737459367,0.2097126566706469
126,0.71409040756038955,0.2157489463978188
127,0.70007497226258752,0.21836660426686572
128,0.79327011786984503,0.24514018903657175
129,0.63091510621951985,0.25442722881138019
130,0.48669460403682641,0.2607302020740101
131,0.47900331433250465,0.2382987205646831
132,0.49317751474851024,0.23562962689899658
133,0.69226019805426631,0.27285521026136861
134,0.63964719119053559,0.31158273491311694
135,0.49140463675593066,0.32725337013124456
136,0.57711136044057487,0.29162018128904293
137,0.60914664162033316,0.17049573989452435
138,0.53256891454790756,0.24536205118858351
139,0.52068798860155108,0.23014675958964928
140,0.54099228770756536,0.25646317922134321
141,0.61890187858155177,0.1789610967735526
142,0.55449614634916033,0.25419704043906255
143,0.52876737105872695,0.21172459241220498
144,0.64074090634514769,0.22239440518370296
145,0.5418566758170017,0.21199286322620975
146,0.53673208943341244,0.21833366237506149
147,0.61773759974337206,0.24901738896177933
148,0.52033517639324189,0.24825639093558924
149,0.49072547485902002,0.22503931462832183
