epoch,acc,loss
0,0.50366483421086472,0.61963660135421039
1,0.45137817649226203,0.72740092446699411
2,0.48994046941481717,0.7217669049231431
3,0.46678721716411847,0.72085712353526965
4,0.44571555255463524,0.69354855779899482
5,0.49552371130362893,0.44406482707425649
6,0.47683352376160837,0.52286871212406749
7,0.46610805529086569,0.71026793600656291
8,0.49869019406633053,0.3976099627975499
9,0.49345094369685372,0.30787481173388254
10,0.49005513359916775,0.32998576939946911
11,0.47223815449017542,0.48349229185680975
12,0.49867255347960576,0.70094581503262143
13,0.49705844092855378,0.70263303115390008
14,0.49502977508431362,0.70365492553191022
15,0.48534510041019224,0.70131446143462584
16,0.48368688635092716,0.70322452814529657
17,0.48822933397981799,0.70188683829139753
18,0.49695259747326442,0.69893869522501062
19,0.49572657753377658,0.70031109104854072
20,0.49598236602091345,0.69993955676606523
21,0.49623815430301554,0.70179098551329522
22,0.49652040337780212,0.70247921474216057
23,0.49904300550773101,0.69800351080720224
24,0.50018964275109856,0.69829782108611516
25,0.49935171559009428,0.69862602728170409
26,0.49938699665774056,0.69536175770861597
27,0.49779052450020755,0.69532513123469519
28,0.50130981925632623,0.69875232373458218
29,0.50196252018443277,0.69764641905962133
30,0.50039250954377745,0.69666741895290174
31,0.50099228888322922,0.69312363397417565
32,0.49779934514909491,0.70056194596946875
33,0.50504080046038113,0.69247888390289125
34,0.53419184731674829,0.69066244859990489
35,0.50449394277267179,0.69034033523190452
36,0.5046527077725862,0.69046302114098257
37,0.50392944433526143,0.68956122351788351
38,0.50430871655226017,0.68953455305813749
39,0.50462624688198443,0.69046092346715848
40,0.50781037031027032,0.6889778344154277
41,0.5387342947800341,0.69011383389394887
42,0.5084895324286447,0.68844741929928999
43,0.5066901939108458,0.68933631969157749
44,0.50553473631037105,0.6888884541190381
45,0.50594928991702581,0.69026978953933105
46,0.50900110901782114,0.68861190462211763
47,0.50840132937476024,0.69269007022580908
48,0.49871665486690098,0.72353422042990134
49,0.49949284024117668,0.37526809819635559
50,0.47613672110908217,0.53474278766255434
51,0.48777949937123316,0.37349875499632501
52,0.49649394274152231,0.27476355771316563
53,0.49858435056963984,0.27328939320785084
54,0.48804410803410025,0.36154863685696037
55,0.47311136286274469,0.50995193552764462
56,0.47256450496014318,0.68359803005643605
57,0.47791841904015631,0.44605294580557292
58,0.48167586082528946,0.6471006306789745
59,0.46582580607347479,0.58643438870929543
60,0.49292172648743732,0.68693148550464322
61,0.49636163843374664,0.50528103186590845
62,0.45850496799312329,0.65281976568537592
63,0.45884895930873781,0.68311292218265651
64,0.48309592717800542,0.43986654143152903
65,0.47292613691834129,0.54246761625977291
66,0.46298567387471518,0.60749367403178123
67,0.46613451612232276,0.68334832960736724
68,0.48413672102785688,0.69203217404693529
69,0.49196031544870944,0.57201972191448325
70,0.46912459321952577,0.69261826445337205
71,0.49989857321668751,0.68786600125073227
72,0.50310033744527594,0.68978431144757746
73,0.4773186395554716,0.55077587419962837
74,0.49129879355233452,0.33152722422599529
75,0.45954576210781128,0.63730655227266442
76,0.45599118635370556,0.6682474813803424
77,0.4909195215929435,0.34999844756240661
78,0.48523925712050781,0.3934120583348813
79,0.46399118636251152,0.66763030884910646
80,0.47342007286230547,0.54747401296760234
81,0.49738479154638315,0.27013015402772966
82,0.49794046968780253,0.28238716373101214
83,0.47385226680004872,0.57050302259540475
84,0.4748577796052546,0.49692708807369856
85,0.49421830859901889,0.2812107236669979
86,0.46043661090215748,0.67073848427354421
87,0.46095700781755439,0.60555422098440059
88,0.46175083363923636,0.65988723889145728
89,0.46077178186066492,0.67393674823027772
90,0.48002646740702576,0.42381443985265055
91,0.45703198030936021,0.65934512957528058
92,0.46114223379350155,0.59516453275126646
93,0.478518198496583,0.4607298656790752
94,0.45535612570148581,0.65776947145779296
95,0.49525028234017066,0.26978012260874784
96,0.62447629713828146,0.45318235939116208
97,0.47297905852079652,0.52892203974304575
98,0.46343550842809833,0.55954073494790624
99,0.46741345750128949,0.69518888960147951
100,0.49114884879978121,0.6907560988852407
101,0.46691070116604572,0.57694400601911611
102,0.5276560140937534,0.43417881603425268
103,0.48289306071653648,0.67149148599081299
104,0.46741345757883468,0.69382008230117609
105,0.47675414119429205,0.68018968679667213
106,0.45339802222123088,0.68807128595602507
107,0.47541345746015107,0.46729918380228458
108,0.49478280669076175,0.68807650797815234
109,0.80483351313883833,0.37127429543579493
110,0.85033737056047676,0.27163794870092484
111,0.75230870779977477,0.5064438374646465
112,0.84415434995060323,0.35761461503600778
113,0.82331201340292626,0.67982755887425883
114,0.84924365518637235,0.40361051136483711
115,0.86382358827559402,0.27169730420242177
116,0.85472105275704024,0.33140034657624107
117,0.86357662022442383,0.30064792714488359
118,0.84783240910270374,0.48437155549701977
119,0.85063726013524266,0.51990811548802862
120,0.89212788708023361,0.26779729078198944
121,0.89816096291652459,0.46821382077081619
122,0.89909591318096849,0.68560313837350961
123,0.89161631061328939,0.68587595711713001
124,0.8959382509317787,0.60626654926276202
125,0.89108709326389735,0.69787764168868105
126,0.89448290347264381,0.35085308572589824
127,0.89552369728635139,0.33065289917139146
128,0.93919293692251282,0.18090997777520584
129,0.95013891272665774,0.38090543403784699
130,0.95164718198408238,0.17635481435400993
131,0.95200881376550373,0.17422998491740377
132,0.9520176340332368,0.17376742302695783
133,0.95132965158075589,0.17547114824859761
134,0.95198235269155362,0.17250758653529227
135,0.95155015873409554,0.17292617528297596
136,0.95132965155709803,0.25534201162062964
137,0.94795148156575093,0.18263042245905275
138,0.94846305819830001,0.17785488383727951
139,0.94941564926896105,0.17069898070236658
140,0.94925688408175535,0.17290563758479097
141,0.94946857091741765,0.17193947543415766
142,0.94946857099101978,0.17191781813938012
143,0.94957441452451152,0.17014640688511379
144,0.94974199981384533,0.17013793755234388
145,0.94960087528039494,0.16988601901830311
146,0.94945093041349538,0.17022546786444248
147,0.94975082000271882,0.22177302421922374
148,0.94978610139697495,0.16913051434569759
149,0.94967143756420636,0.1692313464733545
