epoch,acc,loss
0,0.54505843922939423,0.6466643697806973
1,0.44341345752613021,0.67894044922493879
2,0.44043220083729301,0.67844365670499995
3,0.46914223377470671,0.6717702803431792
4,0.46136274096064162,0.59071512486136479
5,0.4635237111455156,0.48743755158980939
6,0.44536274088519934,0.67357196861429069
7,0.51771555119667456,0.67391866629385433
8,0.44227564073910131,0.67397718373518944
9,0.43707167155556009,0.67343884283845512
10,0.48657994042486447,0.66641913967258304
11,0.4622800506436181,0.67151836757450889
12,0.44803528785179836,0.67044497658062097
13,0.44326351282220688,0.67092182270303147
14,0.43609261967447127,0.66797511511885321
15,0.43770673223735218,0.66792963296680619
16,0.43838589438989906,0.67165383618679109
17,0.4446747585161781,0.66759238929176945
18,0.46938920159915581,0.66561149762804539
19,0.45294818751735749,0.66630040523773704
20,0.50796913538050104,0.66810658225822006
21,0.46560529889384861,0.66585145113961586
22,0.48376626869677969,0.6667601590680724
23,0.51957663139671317,0.60494077111923117
24,0.70206835819644464,0.23833079174034566
25,0.93109591349351495,0.26008681842713921
26,0.84441895831446134,0.66314673765491472
27,0.78831311661721326,0.66360780042227796
28,0.8143947034193636,0.6633294172266474
29,0.64822050883068139,0.66355722868865996
30,0.4388621894573298,0.66337730630185376
31,0.44584785654763009,0.66446873872528556
32,0.43548401982479346,0.66218478644007761
33,0.43118854044225013,0.66346968955689656
34,0.44488644548130141,0.66345345907399778
35,0.45255127475372092,0.66321348084020482
36,0.44174642361380168,0.66163945676121638
37,0.44701213453347,0.66451942141132192
38,0.43211467039493112,0.66365367637393546
39,0.43831533192996813,0.6621475421215679
40,0.43441676526243134,0.66206536424897755
41,0.4431223882848136,0.66234692230063941
42,0.43457553049958131,0.66135081927541628
43,0.42957442798451528,0.66362090270768948
44,0.43269680941446614,0.66285506865153165
45,0.43062404206924165,0.66250290221299479
46,0.44989636834756014,0.66077734611071381
47,0.45934289556288271,0.66187560438422866
48,0.46013672120318788,0.66209862641581141
49,0.46714002861866222,0.66239451767214597
50,0.45317751494105885,0.66173996451843631
51,0.47013892613671709,0.66135349369678531
52,0.45091070131206723,0.66180009905516157
53,0.45471224485053513,0.66074484019594226
54,0.43358765835601676,0.66107731663531755
55,0.44247850732148813,0.66039462582582809
56,0.44568027136409955,0.66230631237084836
57,0.44468357890088606,0.66235587503177895
58,0.44031753731141937,0.66160776961621393
59,0.44610364517408535,0.66135086473379912
60,0.43518413023819863,0.66246686997515036
61,0.43401985244819319,0.66244435675564495
62,0.44201985240836916,0.6621557203255366
63,0.44660640153955861,0.66168429814568752
64,0.44426902536126195,0.66232795606550576
65,0.43265270800285593,0.66196268650063217
66,0.43677178180730331,0.6614597897936354
67,0.44576847437592559,0.6608515912035644
68,0.44242558560994388,0.65970767389608487
69,0.44307828683574513,0.65955097060502388
70,0.4470474157851218,0.65893719116905258
71,0.441331870080092,0.66085912428509697
72,0.4444101501851781,0.66068592062577447
73,0.46173319322665973,0.65903568682197833
74,0.45320397570351389,0.66065052995888274
75,0.43839471444536859,0.65966006599671767
76,0.43429328125590394,0.66249913370628111
77,0.46343550832295233,0.66051007398527939
78,0.46329438385718974,0.6611713031880494
79,0.46011908066969326,0.66172914921191672
80,0.48640353463516212,0.66134246619098647
81,0.50825138437182793,0.66279032667190152
82,0.49796693061849118,0.66113743734611397
83,0.4530628513731268,0.6614280591765842
84,0.45428887097614734,0.65868586704801768
85,0.46085998470885753,0.6613305221873963
86,0.45282470344248521,0.66018256939003084
87,0.44435722845589049,0.66072306738064668
88,0.45048732778663275,0.6602009163881033
89,0.44537156141251161,0.65983653362591765
90,0.44746196916242681,0.66160420974962209
91,0.45136935626987323,0.66021892742825095
92,0.43711577296848464,0.66093112685289945
93,0.45275414122241858,0.66084086106500828
94,0.46998016088050937,0.66446765222717485
95,0.49625579489631189,0.66040692429676695
96,0.46714884893568243,0.66030998049842637
97,0.48873209029863268,0.66183309827945835
98,0.47147960971313907,0.66241078965536937
99,0.44618302768094276,0.66094686784492196
100,0.44411026027723077,0.66133480883674933
101,0.43095921297254741,0.66203830101133643
102,0.43549284010041245,0.66090336909997338
103,0.42897464850640216,0.66411288673373303
104,0.43611908054272946,0.66129520239274153
105,0.42659317090006621,0.66279923240696059
106,0.42986549749724001,0.66176983026391489
107,0.42717530998268882,0.6613408468214369
108,0.42709592745217362,0.66108591337638745
109,0.42733407504371929,0.67319547009798819
110,0.43441676525717404,0.66182705494121608
111,0.43349945565765724,0.66063056509455698
112,0.43770673226101003,0.65961870282705348
113,0.4442778456933969,0.65932684453264545
114,0.43350827576241391,0.65963777439351767
115,0.43213231110585959,0.66010465282457831
116,0.4483969195767038,0.66432380705587801
117,0.44140243244999167,0.66008924111479295
118,0.44699449405649139,0.6596670721567135
119,0.44898787874765406,0.65902636991343344
120,0.44418082259718611,0.66403794688015894
121,0.44149063518843812,0.65938490244006487
122,0.44031753723650285,0.66135482742119689
123,0.43894157253920441,0.65930557693890601
124,0.43057994067274619,0.65987835766500236
125,0.42898346869133275,0.65896456837368123
126,0.43125028243861363,0.6591615595776894
127,0.44035281819046002,0.6588200013445572
128,0.43665711805668006,0.66048753157611007
129,0.44336053594667568,0.66004159638192517
130,0.43951489102288405,0.65877806372092496
131,0.4357045271279662,0.66248021748506536
132,0.44008820973657065,0.66046963376114032
133,0.44733848528601761,0.65835921246222628
134,0.43823594939025262,0.66633138790752089
135,0.44312238838338797,0.65868196889799457
136,0.43967365614437348,0.66056216815946023
137,0.43730099921255416,0.66481618314948387
138,0.43661301653729517,0.66108365533274971
139,0.44154355700118542,0.65822922214569024
140,0.44337817659320222,0.65886226318089358
141,0.44231092191517946,0.66303940811243423
142,0.44044102102090926,0.66320703624842425
143,0.43628666619153111,0.66009110536028082
144,0.4490319802854395,0.65961663343600574
145,0.43687762527902174,0.66011778398077514
146,0.43493716199250837,0.66244823577845602
147,0.4414288931513306,0.65997149358101659
148,0.4329173165625485,0.65955136900950995
149,0.44026461541061235,0.6601909500222618
