epoch,acc,loss
0,0.56649173496773642,0.68894962161144757
1,0.55909151615683794,0.72586010654881183
2,0.57793164812808784,0.7237698502561416
3,0.51880044721847329,0.72056475873161097
4,0.51572216730659304,0.71977597639639179
5,0.55204410718846353,0.71676951084002971
6,0.56418964159462393,0.71733365291547257
7,0.54451158274692102,0.7146415519430428
8,0.5704079441093689,0.71902241590713056
9,0.55033297179552265,0.71375975783906509
10,0.59837707254366157,0.71453035998730474
11,0.59127674177042577,0.71445657029802778
12,0.57669680816861735,0.71452729977365892
13,0.53688203503501986,0.71318990116380232
14,0.51677178150763714,0.71588703598313597
15,0.53808159371589481,0.71300308309510219
16,0.51632194674133336,0.71443844997514971
17,0.50613451576088331,0.71447173932832098
18,0.50101874972454374,0.71468752573777616
19,0.51464609241801029,0.71666305022105636
20,0.56728556246518302,0.71217152578993326
21,0.4909636229578952,0.71367637371638615
22,0.49440353475897159,0.71171871394543196
23,0.51042999553640989,0.71298694031445453
24,0.48837045854481209,0.71284684795456488
25,0.51424035917897737,0.71156611711754558
26,0.50799559628424595,0.71153768982042442
27,0.56159647766718401,0.71023223702910732
28,0.52459537543233203,0.71099409555767235
29,0.50032194690049814,0.7097127794427478
30,0.45196031542965176,0.70773691707235675
31,0.45525028241771587,0.70666312340445059
32,0.51290849573425579,0.71963160886483901
33,0.47464609281887948,0.70566620304050709
34,0.45480044781307399,0.70516736521376322
35,0.45367145107822882,0.71144401124389889
36,0.46318854036772789,0.70489682080684846
37,0.45737597159934545,0.70904031264204126
38,0.45911356790588864,0.70450566108106027
39,0.4691422336695607,0.70528563753475659
40,0.48326351249625427,0.70265742571945178
41,0.47649835283990205,0.70613535212116374
42,0.48241676536849737,0.70361002110416293
43,0.4858478565791739,0.76691365737191441
44,0.53708490118302221,0.70446977667337907
45,0.47343771342537239,0.70393600834721892
46,0.49263947723455964,0.70447952278915194
47,0.53812569524579434,0.72868184869715436
48,0.50189195792822228,0.70706789717894913
49,0.53984565115224692,0.70149114301072679
50,0.52127012749491086,0.70631271950971197
51,0.51254686394691995,0.70905391774209048
52,0.56795590415876251,0.70461577585445645
53,0.60246968465708317,0.70068147365642997
54,0.61591180118862565,0.71039672506820961
55,0.51666593777962533,0.70798779485940577
56,0.49958104282387561,0.70614737891753709
57,0.52510695216016967,0.70340475185824003
58,0.54563175890976701,0.70378595373837871
59,0.57081367713876696,0.70410729650694315
60,0.59427563902890146,0.70091335772838215
61,0.59229107475464771,0.72093688014495938
62,0.72388974571504039,0.66755611797390479
63,0.53069901408013598,0.70658846486337878
64,0.56165821962214624,0.70217473750255577
65,0.53190739306291646,0.75201471726165203
66,0.54612569514419695,0.74809121847464077
67,0.51794487956603286,0.74669986122760079
68,0.52463947704109104,0.71857068908930155
69,0.61172216457069384,0.72999332826399588
70,0.67001543781000306,0.70708770966652534
71,0.73954575384202048,0.62893526814703882
72,0.65847850374113504,0.70650082183449903
73,0.74317971290800777,0.72032814359258557
74,0.69921940633585589,0.70755043460289235
75,0.87208819704386997,0.6623890469830197
76,0.91300550526794555,0.27432029955164161
77,0.89031090813671476,0.28463859691254756
78,0.86456449204137864,0.21729196872102668
79,0.8777949216610279,0.25167193951734507
80,0.87386989432106732,0.28502743097056704
81,0.8452392449294851,0.55976038446704068
82,0.85713781137844958,0.70145105082086234
83,0.79954134214147843,0.67983326914233144
84,0.81475633568314232,0.70000065092218688
85,0.68791179937656555,0.69262256360743557
86,0.63780375246964849,0.58761412231064691
87,0.62615215442935057,0.61333940108112806
88,0.62330320183011112,0.60682086754474296
89,0.6621565630798697,0.61345052459230642
90,0.63648952986268781,0.65090879477719277
91,0.62118633288335645,0.69671991283587587
92,0.60789416166098409,0.69565167944301631
93,0.62448512006620849,0.69706558468763613
94,0.637768471421717,0.69755614801548627
95,0.64524807432980624,0.696123587905356
96,0.68216097265514808,0.67349814829649246
97,0.66680485409044776,0.64986064216156114
98,0.6478500584848923,0.6785367759343115
99,0.68829107169542447,0.63274763393112676
100,0.68590077421105289,0.60479410889272589
101,0.67936494179965379,0.62294498523054875
102,0.69245424669264699,0.59558463195875655
103,0.67639250547383822,0.47697431070972152
104,0.62924807479389444,0.22781076451907323
105,0.64847629906718496,0.59522658411964791
106,0.65180154724709916,0.59474282309675952
107,0.65616758872484815,0.51786851838207826
108,0.67758324423133343,0.58998121703369089
109,0.65724366381780841,0.58989824504807253
110,0.65861080826380292,0.59253545643882088
111,0.6442337412509529,0.60444574136443219
112,0.62152150364405789,0.6924093209102764
113,0.63516648684998989,0.69236877134396446
114,0.69563836997701423,0.65537733689290056
115,0.63230871413547907,0.68931088530258278
116,0.65442999241239053,0.6869903908718602
117,0.63984123905477874,0.28371685316799067
118,0.59773319129381319,0.63369074154357807
119,0.61005513171179682,0.69297832783533098
120,0.60593605811632723,0.69390143615751043
121,0.62235061112680401,0.33036324201876077
122,0.62901874735244978,0.37909927685938305
123,0.59059757973616811,0.39060751041093972
124,0.61188975130315648,0.27411925128635689
125,0.60414553963756878,0.57254862154319874
126,0.61643219892416135,0.69282001162906737
127,0.65502095163722807,0.58888226615363914
128,0.66956560376789231,0.69436663220901118
129,0.65487982669305123,0.70760374214568378
130,0.66423815074540027,0.69445107714507848
131,0.70520838074410763,0.69190219323105728
132,0.69386549255616614,0.70032590379082771
133,0.6835810390453223,0.69240082403035486
134,0.72074972530447001,0.69768256896778524
135,0.7434619624237504,0.69406491949294702
136,0.7625755228149852,0.69644106572864384
137,0.75271444259168296,0.66897723602378389
138,0.73438588740347244,0.26282896275248641
139,0.56043219969974467,0.61615740165508015
140,0.5572657170927906,0.69261310497821693
141,0.56521279509038624,0.69404507920656933
142,0.56483352290033106,0.69317383088906748
143,0.56902315892484512,0.69361814367834962
144,0.59438148255187861,0.66531410143856196
145,0.59203528649423198,0.5058425880226991
146,0.57188975208912296,0.40446241053871607
147,0.56318412922445971,0.2758671441005589
148,0.55211466989548752,0.69454720576200779
149,0.57340684148416232,0.69821178945584927
