epoch,acc,loss
0,0.53522382104015664,7.4913078149715222
1,0.53522382099546961,7.4913069167525572
2,0.53522382106710031,7.4913069141822604
3,0.53522382097772625,7.4913069162641515
4,0.53522382114333122,7.4913069132834371
5,0.53522382114135969,7.4913069130636263
6,0.5352238210013841,7.49130691502004
7,0.53522382109798694,7.4913069151163656
8,0.53522382115778877,7.4913069139651913
9,0.53522382112164479,7.4913069151285745
10,0.53522382112164479,7.4913069174051605
11,0.535223820977069,7.4913069145641753
12,0.53522382100729848,7.4913069160341754
13,0.53522382095669696,7.4913069151407834
14,0.53522382082000719,7.4913069151706333
15,0.53522382084826514,7.4913069159697425
16,0.53522382101912747,7.4913069145763833
17,0.53522382105987154,7.491306913672128
18,0.53522382092449605,7.4913069146815294
19,0.53522382096918308,7.4913069131043395
20,0.53522382105790001,7.4913069169207906
21,0.53522382090149534,7.4913069123547622
22,0.53522382094486809,7.4913069162431229
23,0.53522382113281664,7.4913069140947552
24,0.5352238210256991,7.4913069140526973
25,0.53522382094421095,7.4913069155159207
26,0.53522382108418654,7.4913069163638655
27,0.53522382117684653,7.491306914400675
28,0.53522382094158227,7.4913069138525703
29,0.53522382124519141,7.4913069131938883
30,0.53522382089032361,7.4913069166006192
31,0.53522382101584165,7.4913069145750386
32,0.53522382080357811,7.4913069165287114
33,0.53522382070237506,7.4913069149922338
34,0.5352238211157303,7.4913069165531283
35,0.53522382072143282,7.4913069145363691
36,0.53522382080423525,7.4913069168020909
37,0.53522382116961764,7.4913069139841779
38,0.5352238210927297,7.4913069128112761
39,0.53522382091200993,7.4913069168441488
40,0.53522382114727418,7.4913069156210668
41,0.53522382106315736,7.491306916213273
42,0.53522382109075817,7.4913069159541452
43,0.53522382102372756,7.4913069107755303
44,0.53522382073654751,7.4913069179410563
45,0.53522382086863718,7.4913069151197549
46,0.53522382096392584,7.4913069183650283
47,0.53522382098232635,7.4913069150932934
48,0.53522382115778877,7.4913069140085948
49,0.5352238209724689,7.4913069165463515
50,0.53522382101189869,7.4913069172735538
51,0.53522382105461419,7.4913069166813475
52,0.53522382102241328,7.4913069181147218
53,0.53522382091595289,7.4913069179709053
54,0.53522382101387012,7.4913069185000243
55,0.53522382099678389,7.4913069171616309
56,0.53522382103161359,7.4913069114817024
57,0.53522382124650569,7.4913069123873033
58,0.53522382081672137,7.4913069168841639
59,0.53522382090938125,7.4913069192163624
60,0.53522382066097385,7.4913069178148808
61,0.53522382092449605,7.4913069154616529
62,0.53522382097115462,7.4913069165022499
63,0.53522382094421095,7.49130691701916
64,0.535223820847608,7.4913069167057653
65,0.53522382094421095,7.491306914813137
66,0.53522382117750367,7.4913069136144719
67,0.53522382096195431,7.491306914748006
68,0.53522382120970458,7.4913069110258368
69,0.53522382121036172,7.491306909376739
70,0.53522382094946819,7.4913069143749125
71,0.53522382079372066,7.4913069179817695
72,0.53522382104672828,7.4913069148484182
73,0.53522382092449605,7.4913069141435908
74,0.53522382091398146,7.4913069154287388
75,0.53522382082066433,7.4913069168109114
76,0.53522382090740983,7.4913069155779866
77,0.53522382103555655,7.4913069142996154
78,0.53522382100992716,7.491306915718738
79,0.53522382096852594,7.4913069124646432
80,0.53522382109798694,7.4913069137840509
81,0.53522382088638065,7.4913069172626896
82,0.53522382099809829,7.49130691525475
83,0.53522382111638755,7.4913069145818154
84,0.53522382104869981,7.4913069150478462
85,0.53522382107038613,7.4913069163136852
86,0.53522382077466302,7.4913069154677325
87,0.53522382104015664,7.4913069162431229
88,0.53522382100269839,7.4913069158991803
89,0.53522382089295228,7.4913069155301732
90,0.53522382105067123,7.4913069135859676
91,0.5352238210440996,7.4913069159365051
92,0.5352238209540684,7.4913069169723681
93,0.53522382091661014,7.491306916572813
94,0.53522382107958644,7.4913069165741577
95,0.53522382075034791,7.4913069164334072
96,0.53522382104081379,7.4913069130080139
97,0.53522382115910305,7.4913069156502186
98,0.53522382114595979,7.4913069130555039
99,0.53522382106184307,7.491306914678141
100,0.53522382109075817,7.4913069155864838
101,0.53522382097969767,7.4913069171561988
102,0.53522382099284094,7.4913069144535971
103,0.53522382099941257,7.4913069169472513
104,0.53522382108024358,7.4913069134109573
105,0.53522382090478116,7.4913069144013731
106,0.53522382082986464,7.4913069150987255
107,0.5352238210243847,7.4913069158415242
108,0.535223820871923,7.4913069150966818
109,0.53522382094683962,7.4913069176100207
110,0.53522382104607114,7.491306913590055
111,0.53522382107235766,7.4913069151706333
112,0.53522382074640495,7.4913069189324935
113,0.53522382070763241,7.4913069172925395
114,0.53522382106447164,7.491306912978164
115,0.53522382106907185,7.4913069098726197
116,0.53522382083643627,7.4913069161820784
117,0.5352238209008382,7.4913069155756196
118,0.53522382103818522,7.4913069141768291
119,0.53522382082197872,7.4913069173257769
120,0.53522382102175614,7.4913069146394715
121,0.5352238208811233,7.4913069173556268
122,0.5352238210638145,7.4913069172403155
123,0.53522382118210377,7.4913069103729102
124,0.53522382091200993,7.4913069155301732
125,0.53522382074640495,7.4913069172735538
126,0.53522382094683962,7.4913069159521024
127,0.53522382117093203,7.4913069131199368
128,0.53522382106118582,7.4913069144753246
129,0.5352238208673229,7.4913069151285745
130,0.53522382113150224,7.4913069114939113
131,0.5352238210638145,7.491306914395941
132,0.53522382092975329,7.4913069132271266
133,0.53522382125242018,7.4913069148375548
134,0.53522382099546961,7.491306914483447
135,0.53522382096129717,7.491306914748006
136,0.53522382091858156,7.4913069158415242
137,0.53522382118604672,7.4913069138932835
138,0.5352238210105843,7.4913069144922666
139,0.53522382123007661,7.4913069133933163
140,0.53522382100335553,7.4913069153951772
141,0.53522382094749676,7.4913069145444906
142,0.53522382094158227,7.4913069155369501
143,0.5352238209343535,7.4913069172274085
144,0.53522382096852594,7.4913069152771241
145,0.53522382085549403,7.491306913884463
146,0.53522382096984022,7.491306916572813
147,0.53522382084892239,7.4913069182538026
148,0.53522382094355381,7.4913069152737357
149,0.53522382090346687,7.4913069141313819
