epoch,acc,loss
0,0.68078500679992915,0.36793773173692085
1,0.45809923487303672,0.65845536916893521
2,0.4518368313140354,0.67794417117283823
3,0.44492172683941361,0.66983946536879246
4,0.48602426212704036,0.57472653740961721
5,0.488758550981571,0.65186717474052003
6,0.44598016099866722,0.65828742453773004
7,0.55742448146577184,0.48738710876572428
8,0.53480044609262245,0.59059302325020535
9,0.5643660470787456,0.55362604018247108
10,0.49326571740875436,0.67206892845602828
11,0.55567806448208323,0.66811269697399889
12,0.47322602673428588,0.66677337715649643
13,0.51379934463571952,0.66641229217872577
14,0.51899449353181282,0.66650776040509163
15,0.43573980826658609,0.66710568071899101
16,0.5177243716681279,0.33883845446834365
17,0.46337376601180796,0.57792288632971478
18,0.54552591539467576,0.56209868683856812
19,0.45216318183854765,0.66038684566035599
20,0.43531643436919765,0.66439772200772551
21,0.48055568446792341,0.66386262490141268
22,0.51956781188931722,0.58356363300069958
23,0.54856009396263361,0.48541917511595384
24,0.53438589347696885,0.59219689146647037
25,0.48855568378013708,0.65640495814300093
26,0.48239912451627892,0.27134919040081518
27,0.50211246514202079,0.49420214732883461
28,0.44485116426579352,0.58843256029836899
29,0.46725469210444898,0.41740635315483804
30,0.5272943831521858,0.26740903919590009
31,0.45375965370035748,0.52382645994894739
32,0.44811467055383303,0.574700789152089
33,0.4365248136227291,0.66386424786308573
34,0.47402867207584992,0.65717152451175598
35,0.51795369902939881,0.66084475418145727
36,0.47610143954462097,0.65751369669625115
37,0.48628887073864879,0.58655762021261038
38,0.49117530971535511,0.25633501074105269
39,0.57251599175204515,0.48772021451598785
40,0.61037266147767566,0.4232586733033496
41,0.4995722222380759,0.65683475425986093
42,0.51255568416470865,0.66113256725467673
43,0.48093495679598264,0.39884369427453614
44,0.51846527588144031,0.66537066230307562
45,0.46125689754281052,0.32882382883629813
46,0.46775744875184494,0.26269602253238389
47,0.50619625690030678,0.52515296888445329
48,0.43920618093000618,0.6635318894730754
49,0.43939140703475726,0.55393227651041255
50,0.4558588818481239,0.67306011500661733
51,0.49707608099940592,0.46315114940774099
52,0.49370673182780844,0.25756609006195252
53,0.60055568248854974,0.42185234758319218
54,0.6785975765873079,0.65184124578469738
55,0.46693716174646671,0.65660986333851756
56,0.45832856243474218,0.50394293958624414
57,0.51701874837394324,0.63660261881589586
58,0.45191621389909509,0.66372949401443604
59,0.66089526107253416,0.66175161741079269
60,0.55283793194028485,0.6616048565216105
61,0.63444322169155642,0.46062972172873545
62,0.55838589289025409,0.63551336589626073
63,0.58480265145527888,0.66235806798852004
64,0.55166483487617612,0.66290043629305628
65,0.69745534870301218,0.65816631456401531
66,0.66020727821392677,0.49051186399670621
67,0.71036824770707152,0.66156873219635171
68,0.63947960599320464,0.52394007894775851
69,0.62363837112796872,0.44472949400168554
70,0.75421389048785592,0.50986361498637056
71,0.68006174261935359,0.49559731886243963
72,0.66527012256960882,0.59956175441213755
73,0.78442337167105314,0.25822681925592422
74,0.82341785761855268,0.39331574192942254
75,0.69968688072285556,0.66123636112085815
76,0.64384564700108249,0.65706866126562036
77,0.73798456453370154,0.66281695203788338
78,0.75000661466324081,0.33911517069499614
79,0.69958103730962451,0.2870250797103312
80,0.77827563203682315,0.25458569062855746
81,0.76852921537225272,0.2767114745246198
82,0.71221168752542008,0.54331590250632567
83,0.71439911803573597,0.37972619089584636
84,0.61961632142913381,0.6095925512226068
85,0.5679206228985676,0.6678197724198589
86,0.5837794979647738,0.64544125068054448
87,0.56376626717610556,0.60736586203321075
88,0.60058214334957916,0.66164547567294762
89,0.54314443764836418,0.6608503722463579
90,0.55281147196839642,0.66208257776340118
91,0.48600662159486013,0.66296462185711458
92,0.46515546404079933,0.66026856981380622
93,0.45973980790462093,0.65967219048021752
94,0.52961411815756865,0.58600390276548431
95,0.53585888098001222,0.62481915133179688
96,0.56093495570969287,0.65792094792220102
97,0.52252260817845309,0.65683885725271207
98,0.57615876869369365,0.65832059669310472
99,0.60164939695445552,0.65735919300634016
100,0.5884013267217949,0.65731477847323205
101,0.50431753593939532,0.65725589557224928
102,0.4828754196428543,0.65984194862605827
103,0.49714664252419455,0.65627562858960709
104,0.76711796981168556,0.65641383451663815
105,0.57085777741940047,0.65558813608530786
106,0.46843661054426677,0.65847590964754521
107,0.46423815436373733,0.65944257269019435
108,0.45166924624616545,0.65714451686613018
109,0.47384344609793122,0.56250990415086122
110,0.50741345746383115,0.42999673143183303
111,0.45406836388786675,0.65529887813954857
112,0.77724365756490654,0.34062409478169431
113,0.62744873497688525,0.49594270191235185
114,0.57234840489209293,0.64880318468993736
115,0.52639471409799243,0.65395029176928798
116,0.51476957631610587,0.65419673640204923
117,0.65667034407829106,0.55672323899711362
118,0.53440353394277562,0.654247624212695
119,0.60181698340236678,0.48890360428666874
120,0.56358986108607989,0.64607400096108158
121,0.57091069962578811,0.65412902954602414
122,0.50816318140337458,0.61473288890247346
123,0.46960970906201904,0.65448840693247112
124,0.47682470332432741,0.65445451517579345
125,0.45151048091569834,0.65772703893480311
126,0.45451819846359348,0.65368404354851106
127,0.49254245416989267,0.65632715294464372
128,0.48980816535742044,0.65550864356192717
129,0.47678060196003286,0.65509154858701535
130,0.50207718395279943,0.65408539650420827
131,0.51648953211872684,0.65423863279468197
132,0.51093275102325675,0.6535058010323378
133,0.46943330319740018,0.6535202066942799
134,0.52122602616807456,0.65454388204875991
135,0.56538920039050244,0.65506989873537969
136,0.48695039238727345,0.65564869080105537
137,0.52595369869450881,0.65570726811977087
138,0.57391841741880478,0.65465081972050987
139,0.4711620792302959,0.65644157053804475
140,0.4697155523931047,0.65454010769486271
141,0.50430871570517766,0.65615438001540038
142,0.54280926687977671,0.65447162996135422
143,0.47020948839621352,0.65489331781924565
144,0.46135392080134041,0.65956647687601933
145,0.4386769638152212,0.65896943873878422
146,0.46361191382810324,0.65611249843877673
147,0.46015436187008646,0.662398380980872
148,0.44858214580040123,0.65903760489774199
149,0.44500110945010263,0.65990312233442094
