epoch,acc,loss
0,0.59646306983494046,0.28768858382028378
1,0.5450672606497905,0.30765305195865794
2,0.64343109466077997,0.24484822341708601
3,0.62271224190802399,0.25916333754214732
4,0.57092834047537788,0.25498267157190674
5,0.66309151285144174,0.25047968470319482
6,0.61689967361608444,0.24267583775129653
7,0.77083131002223215,0.15426187385157755
8,0.85740242016092028,0.1824580834684939
9,0.75617199435057947,0.21928324648446421
10,0.78213009653569843,0.26041748268345949
11,0.71480485098561741,0.27493476915708959
12,0.75250275532360766,0.25355093578630056
13,0.61263065426523133,0.24784922168095891
14,0.55234399700375092,0.25479192253272498
15,0.56381036942822671,0.24318699297082341
16,0.51543109790230013,0.26263155426908036
17,0.55757442577079741,0.25217742251278802
18,0.58784564927893934,0.25571467425349981
19,0.80404850838268471,0.1828581395853206
20,0.73787872021687206,0.16036743540539122
21,0.75966482752673292,0.19041607721506587
22,0.700295481149522,0.23652100138213195
23,0.66584344220595171,0.24500348564810603
24,0.66587872235554191,0.26209506955467721
25,0.64259316672826683,0.24348462267122456
26,0.62571113875774464,0.24585312686534047
27,0.55959427207741219,0.23869769269352151
28,0.60743550551897108,0.24308804326436881
29,0.57930761247117568,0.24101285288719818
30,0.66010143655400555,0.24023825715549016
31,0.71390518301771388,0.23939032594082821
32,0.59409041247465122,0.24334221188635338
33,0.5817420116622235,0.24508064198595594
34,0.51854465898237256,0.24913967795837488
35,0.51203528745894655,0.25268123771724937
36,0.52937597053776497,0.25093267705274092
37,0.61164278226229951,0.25710658676866338
38,0.73465049497413526,0.25126037975062876
39,0.60604189971907529,0.24084782771086588
40,0.63978831579101647,0.24244880806146457
41,0.60368688350738475,0.28235354599970708
42,0.54550827486118114,0.24501357181046743
43,0.56833517646447829,0.23553275692121148
44,0.54049835231036047,0.23611711166946858
45,0.54370011629908455,0.243303845441768
46,0.58759868023216788,0.24362141058121939
47,0.57262183428204971,0.27520328601937266
48,0.49405954377128114,0.24628448831042046
49,0.48687100990144527,0.25456623095691278
50,0.48618302764808463,0.29927471450883103
51,0.49593826449101397,0.26716018826534277
52,0.51197354557824371,0.26008425325799611
53,0.62222712491812493,0.24589346144539845
54,0.5412392554610409,0.31636753526151695
55,0.50494377700995974,0.3176515065006989
56,0.49512679800177617,0.33458449471762841
57,0.52499228839968903,0.26150981943219043
58,0.50816318143820416,0.24304395729868519
59,0.67771554712423809,0.24648182027024976
60,0.53005513284671657,0.24662793399062655
61,0.52814113086021719,0.23947607303070922
62,0.5026064011701018,0.24404497847690709
63,0.48331643429322962,0.25169991301905204
64,0.50721941124775183,0.23460601769977471
65,0.51194708464689787,0.27131500859867275
66,0.4968291136126271,0.24937531612120994
67,0.59218523015392388,0.25194294983863869
68,0.49215436155109971,0.28648441315877221
69,0.4815082756522735,0.32055847943014898
70,0.48762073429443081,0.31488059929726375
71,0.49575303847497987,0.27348730662814447
72,0.51258214512891254,0.29004106240965499
73,0.55995590332324607,0.2799593468509286
74,0.49573539796974325,0.29187362804824157
75,0.47299669904706232,0.27077442705536775
76,0.4682249238788096,0.27817527249011753
77,0.46594046972420933,0.35175579519007338
78,0.47711577300857155,0.28027207173070345
79,0.4686394775432946,0.2854032969605943
80,0.47822712893719971,0.25835710149396751
81,0.47333187000228394,0.27058744507829474
82,0.48238148394401176,0.27981701112234825
83,0.52992282793697998,0.28268475618461864
84,0.56381036852265665,0.27230553999682811
85,0.50562293877018061,0.26169266075136854
86,0.50140684172823258,0.25927095776672499
87,0.6547916215914481,0.23649839962069399
88,0.74560529076474769,0.24994988030872944
89,0.59192944193162356,0.283033234156638
90,0.60209923185087744,0.27299309005314887
91,0.594355020630846,0.2604736791244015
92,0.48341345739666919,0.2605166336022891
93,0.53943109720978222,0.26591678065975405
94,0.50153914640927655,0.25676004254043922
95,0.4924718917244193,0.26199800291284669
96,0.55587211114043311,0.25620251601014155
97,0.6099492865886289,0.26380939683290544
98,0.53380375404539282,0.25570472280628648
99,0.4980198520205118,0.27392199919862792
100,0.53595590473601418,0.2976095000352077
101,0.51962955420637602,0.26856913446784036
102,0.52097023767962347,0.24719529519005398
103,0.52499228843714729,0.25647225864109513
104,0.62840132604557464,0.24982422673926358
105,0.75244983267560683,0.24220295570862682
106,0.88756779977018807,0.19743846041412022
107,0.85368907959747731,0.17385303505811883
108,0.71100330782436094,0.24256510782293775
109,0.82632855274054284,0.24270710652618915
110,0.72537155438284362,0.25793527716379749
111,0.74607276584439663,0.25685440288257422
112,0.69277177519743072,0.26380967447541098
113,0.66063947155430924,0.26111346617962466
114,0.85450054547949694,0.26385462315461145
115,0.71076515921487038,0.25448137919766733
116,0.51316428382972368,0.25733853961114256
117,0.48967586085381032,0.25914836510361666
118,0.49683793334542981,0.25497382081696002
119,0.46647850721778783,0.26502274909462081
120,0.47605733810803857,0.25419801387084912
121,0.47747740458167243,0.2689297722663655
122,0.5580771822815036,0.27628437457869093
123,0.52723264115910806,0.27930319765370193
124,0.57994267336325978,0.27154113530799467
125,0.53722602506062422,0.26537951943725918
126,0.55300551726839109,0.2689627528605944
127,0.53281588232832677,0.26043652501809134
128,0.48522161607245495,0.26246267926331812
129,0.47583683147780031,0.25985598343898109
130,0.51653363292246168,0.28732243659778878
131,0.66690187514025423,0.26149316301718162
132,0.55548401806096914,0.26192513502350639
133,0.47564278500411317,0.27440511424741926
134,0.48992282890235184,0.25946908815322561
135,0.66606394883881859,0.25828037624542088
136,0.96774420687224405,0.15459960897804906
137,0.73870782827463544,0.27230458721703638
138,0.86444101141463825,0.20222530967580948
139,0.93240131712209562,0.2066598346838675
140,0.78404410021636295,0.2585599610121489
141,0.50826902453205425,0.27681992371046643
142,0.49584124120751183,0.26099574835596734
143,0.54539361014650045,0.29273750315838742
144,0.73299228204781852,0.25769082321688541
145,0.57549724788557999,0.25826819652456157
146,0.67421389287664191,0.26147547745706845
147,0.60248732443352648,0.25601782409257567
148,0.55737155877834121,0.26312981037319355
149,0.65107828120215328,0.26920019170526022
