epoch,acc,loss
0,0.52315766768523853,0.68587718209838922
1,0.44216097712582503,0.67816899950468046
2,0.43902977522507786,0.67511087866305874
3,0.44159647856618234,0.67277161525418505
4,0.43999118651615615,0.67007225810238891
5,0.44465711810688724,0.67194921753448833
6,0.44677398696295351,0.66980885093443365
7,0.44633297256755722,0.66550006678395235
8,0.44216979739158657,0.67278539466742504
9,0.44279603769327075,0.67150298530001451
10,0.44348401992757369,0.66574364245987538
11,0.4408996758459684,0.66676715037000089
12,0.44010585020172033,0.66817202747441407
13,0.44176406408683733,0.66535970707509906
14,0.43950607070783532,0.66516477949345576
15,0.44105844100360175,0.66556840552847707
16,0.43873870574455409,0.66507740698939677
17,0.43655127471376542,0.66443009295673039
18,0.4387916275651873,0.66454844654039302
19,0.4337376032597175,0.67569847713922315
20,0.4332965889274088,0.66402242245813614
21,0.4456714510786231,0.6631165121311261
22,0.43342889317275407,0.66418860244426525
23,0.42841015003744798,0.66448455269371587
24,0.43229107621091994,0.66371502392378667
25,0.47685998453720663,0.66350892855130683
26,0.45720838589205631,0.66350128819937881
27,0.47697464818859836,0.66298403627381797
28,0.48109372216062218,0.66214331506013391
29,0.48748842979279217,0.66186160563365348
30,0.47719515559823145,0.66263127716112458
31,0.50106285109672422,0.66069783753634403
32,0.46950386564615937,0.66115074112664363
33,0.45676737161757797,0.66217842673916627
34,0.47306726157796686,0.66157759176902919
35,0.46352371127694814,0.66149543727967552
36,0.49139581693638251,0.66245246246940748
37,0.48831753685298274,0.66120546213942955
38,0.48515987432778473,0.65993212405141477
39,0.473614119054727,0.66162498278585002
40,0.47035061326547389,0.66108515966547188
41,0.47202646767817102,0.66270080013083255
42,0.46005733853006836,0.66048059367370637
43,0.46364719507449781,0.66159240630476734
44,0.44839691969696455,0.66107898562620104
45,0.45829328112328854,0.66063306525146315
46,0.46357663307129482,0.66079405617441489
47,0.46220066822482048,0.66004081720663665
48,0.47094157230039152,0.66120186203730635
49,0.45535612564694133,0.66040324661047223
50,0.46826020526123679,0.6613199753146275
51,0.48230210128337836,0.66335363750708942
52,0.45646748180294772,0.66214304349590791
53,0.46325028231546134,0.66217726353733553
54,0.45906064604648289,0.66183265073559949
55,0.4792855632903163,0.66038932368632375
56,0.46409702983883011,0.66259212053628191
57,0.45398898151507056,0.65988423524922024
58,0.45285998468230815,0.66259529579617593
59,0.45003749286260991,0.65939809723152909
60,0.45037266372188578,0.66032303723081698
61,0.45264829780590177,0.66040459623710435
62,0.45944873879276538,0.66086913639314482
63,0.44276075649419194,0.66102029257044304
64,0.45116648957774025,0.65912725536673689
65,0.44832635736386595,0.65977837234411241
66,0.44295480280950289,0.66674779988374289
67,0.4371598744425253,0.66099514440240825
68,0.44717972003966733,0.66138091812321786
69,0.44953473668245653,0.66051056097153404
70,0.44417200232419579,0.66018320466844205
71,0.45592944440794358,0.66157990424978685
72,0.43856229999099572,0.66129685387853132
73,0.43588093281777979,0.66368865556259415
74,0.44674752590674682,0.65974455946074007
75,0.47006836391336471,0.66089843180228802
76,0.45313341359319342,0.66459141621587192
77,0.46431753719917601,0.66187684233012289
78,0.44982580615115142,0.66099051271923526
79,0.45000221179890659,0.66096168746071393
80,0.44776185904277332,0.66350811244914065
81,0.43994708504014401,0.66200821683977695
82,0.43173539811944489,0.66119880337930592
83,0.43867696385202232,0.66194164819638868
84,0.45934289550242374,0.66317653129473986
85,0.44513341372633453,0.66179818072990471
86,0.44965822052535043,0.66089982320170648
87,0.45248953269952713,0.66066380214551357
88,0.43178831985793276,0.66202185931616864
89,0.44333407522890772,0.66212830741625539
90,0.44300772437449987,0.66208471444569805
91,0.45219846308231354,0.66373618764070197
92,0.45290408603017357,0.66250179620863969
93,0.44541566284449385,0.66218988637092435
94,0.44556560759704722,0.66352196304917976
95,0.48121720605871776,0.6602885938824935
96,0.45268357891757799,0.65915553723716502
97,0.49546196909960205,0.66270467140638734
98,0.50286218942131733,0.66110902177753916
99,0.52017641185202701,0.66158080879214087
100,0.51495480225130896,0.66009722992709219
101,0.485177514827764,0.66294037286736152
102,0.46502315999391719,0.6647484320822632
103,0.48462183665282932,0.66195758570150609
104,0.43319956566887891,0.66359125341400138
105,0.45942227800402385,0.66106990669625565
106,0.4359338545477246,0.66130608799119761
107,0.43020066826911324,0.66136634680519768
108,0.43066814354591099,0.66078245261702373
109,0.49943991847443081,0.6608221453381915
110,0.50190959857080575,0.66209426675050742
111,0.46987431768151339,0.66401150977170398
112,0.47412569584762382,0.66350902455660898
113,0.43351709610112055,0.66709731503971958
114,0.46550827568066289,0.66082588771755679
115,0.53263065679004984,0.6606948662440606
116,0.54010143939886235,0.65968557027532937
117,0.50497023796496343,0.66265350555627611
118,0.50840132923741321,0.6603305109432922
119,0.52251378755388078,0.66049322777902919
120,0.4738081653989531,0.66237168592191753
121,0.53914002783571868,0.66152911412312543
122,0.55643660953578511,0.66413512155540655
123,0.65746417074705565,0.65478939662863345
124,0.6234178642447229,0.65702416256847107
125,0.5702491775940377,0.66051610559742757
126,0.51879162690276737,0.65872217476956763
127,0.44484234416957991,0.65918816356287002
128,0.47254686419269876,0.66005631624301919
129,0.47567806619530606,0.65619736499561265
130,0.46915105407529789,0.66563106291846141
131,0.45044322615158727,0.66113047334040176
132,0.47665711807310912,0.65949566246477664
133,0.53143109736263816,0.66053384433742646
134,0.47032415218955231,0.65800679776358462
135,0.52060860601911996,0.64900533330044952
136,0.55588093192798171,0.65473493115397907
137,0.48296362246081742,0.65638173191457649
138,0.47476075596031309,0.66434057260405255
139,0.52039691875367333,0.66035204565639061
140,0.50492613611371151,0.66248513307210277
141,0.46686659966769001,0.66082731996409372
142,0.60709151517990012,0.66544011875841813
143,0.62405292581762739,0.65839282915105823
144,0.4643616384307237,0.66175295215674756
145,0.49727012743694909,0.66046553991912305
146,0.49506505573729037,0.67161639542205764
147,0.44016759224737095,0.65916501660787996
148,0.49391841857212515,0.66140080114919841
149,0.43566924596963147,0.66106796958359804
