epoch,acc,loss
0,0.53426240981873763,7.5068042412961917
1,0.5342624097300207,7.5068030321048607
2,0.53426240987985374,7.5068030342579615
3,0.5342624098975971,7.5068030329405966
4,0.53426240979573691,7.5068030345333838
5,0.53426240962290317,7.506803034855599
6,0.53426240962421745,7.5068030336169196
7,0.53426240987459639,7.5068030352470316
8,0.53426240977667916,7.5068030338740037
9,0.53426240977799355,7.5068030346385299
10,0.5342624096873051,7.5068030340375032
11,0.53426240965773275,7.5068030341657224
12,0.53426240970307703,7.5068030345001464
13,0.53426240962750327,7.5068030354830864
14,0.53426240967744765,7.5068030352660173
15,0.53426240974447825,7.5068030340252951
16,0.53426240947635595,7.506803037079961
17,0.5342624097346208,7.5068030340388487
18,0.53426240969321959,7.5068030343861798
19,0.53426240983450957,7.5068030360278026
20,0.53426240967679051,7.506803035272795
21,0.53426240952564308,7.50680303543764
22,0.53426240976090733,7.5068030327757516
23,0.5342624097057056,7.5068030323761965
24,0.5342624097057056,7.5068030335484002
25,0.53426240978916528,7.5068030323287065
26,0.5342624098062515,7.5068030336277829
27,0.53426240961764582,7.5068030334086711
28,0.53426240962093163,7.5068030336711864
29,0.53426240986539619,7.506803031344421
30,0.5342624096629901,7.5068030344580876
31,0.5342624098075659,7.5068030311965179
32,0.53426240964130367,7.5068030376708208
33,0.5342624098456813,7.5068030344988008
34,0.53426240974710693,7.5068030367611343
35,0.53426240963013194,7.506803032926344
36,0.53426240966956173,7.5068030349119095
37,0.5342624100954031,7.5068030309373901
38,0.53426240985028139,7.5068030329995974
39,0.53426240969059091,7.5068030322954682
40,0.53426240966364724,7.5068030357151061
41,0.5342624100513732,7.5068030326119279
42,0.53426240977010764,7.5068030320098798
43,0.53426240964130367,7.5068030335538323
44,0.53426240970833427,7.506803032602086
45,0.53426240958478777,7.5068030364979199
46,0.53426240969059091,7.5068030344947143
47,0.53426240989168261,7.5068030334452978
48,0.53426240952498594,7.5068030354010133
49,0.53426240972476335,7.5068030330932327
50,0.53426240975170702,7.5068030328754656
51,0.53426240978719386,7.5068030318901577
52,0.53426240976222161,7.5068030349994146
53,0.53426240973264927,7.5068030349872066
54,0.53426240987393925,7.5068030339913587
55,0.5342624096813906,7.5068030319467924
56,0.53426240990088292,7.506803032532221
57,0.53426240964393235,7.5068030335083851
58,0.53426240976222161,7.5068030344533536
59,0.53426240957821614,7.5068030358724762
60,0.53426240980493722,7.5068030352483772
61,0.5342624096491897,7.5068030327262179
62,0.53426240967810479,7.5068030352850039
63,0.53426240981019446,7.5068030325091488
64,0.5342624097681361,7.506803034962787
65,0.53426240974644978,7.5068030317487091
66,0.53426240966496152,7.5068030362191092
67,0.53426240970899141,7.5068030341738439
68,0.53426240977142192,7.5068030329019271
69,0.53426240974447825,7.5068030335490983
70,0.53426240981545181,7.5068030316822325
71,0.53426240990022578,7.506803035961326
72,0.53426240973527794,7.5068030353447028
73,0.53426240981282314,7.5068030300663731
74,0.5342624097300207,7.5068030346371843
75,0.53426240983976681,7.5068030358582227
76,0.53426240977667916,7.5068030335782492
77,0.53426240966364724,7.5068030336182643
78,0.53426240973527794,7.506803033221451
79,0.53426240977733641,7.5068030349824726
80,0.53426240960384541,7.5068030339696827
81,0.53426240973659234,7.5068030353192636
82,0.534262409682705,7.5068030325932655
83,0.53426240958741644,7.5068030367889405
84,0.53426240984896711,7.5068030317772134
85,0.53426240987656792,7.5068030332383939
86,0.53426241010854636,7.5068030318904819
87,0.53426240984699558,7.506803035385416
88,0.53426240992125495,7.5068030322479782
89,0.53426240971687744,7.506803032943985
90,0.53426240967941918,7.5068030362598224
91,0.53426240972804917,7.5068030362442251
92,0.53426240979047968,7.506803033588092
93,0.53426240982333773,7.5068030346504155
94,0.53426240977799355,7.5068030345211749
95,0.53426240969124805,7.5068030341602903
96,0.53426240991534046,7.5068030310004783
97,0.53426240971162009,7.5068030348874917
98,0.53426240983319517,7.5068030325790138
99,0.53426240969453387,7.5068030336169196
100,0.53426240990088292,7.5068030336545677
101,0.53426240976879324,7.5068030353745518
102,0.53426240976025019,7.5068030334927878
103,0.53426240981610895,7.5068030334642835
104,0.53426240959990245,7.5068030350713233
105,0.53426240998565688,7.5068030314108967
106,0.53426240973133499,7.5068030342878105
107,0.53426240965970428,7.5068030335429681
108,0.53426240962684612,7.5068030378302355
109,0.53426240986342466,7.5068030346005585
110,0.5342624097300207,7.5068030359423403
111,0.53426240974842121,7.5068030331719182
112,0.53426240989562568,7.5068030338936875
113,0.53426240983779538,7.5068030323795849
114,0.53426240987656792,7.5068030318660641
115,0.53426240986671047,7.5068030350970858
116,0.53426240977076478,7.5068030344702965
117,0.53426240967744765,7.5068030335497449
118,0.53426240971359162,7.5068030332383939
119,0.5342624099219121,7.5068030312209357
120,0.53426240973724948,7.5068030308010494
121,0.53426240988971119,7.5068030321848909
122,0.53426240989102547,7.5068030338292546
123,0.53426240978522233,7.506803034226766
124,0.53426240982070905,7.5068030337119005
125,0.53426240987131057,7.506803032434874
126,0.53426240977930783,7.5068030324657453
127,0.53426240992125495,7.5068030339744158
128,0.5342624097011055,7.506803032432507
129,0.53426240967810479,7.5068030340951593
130,0.53426240993439822,7.5068030319990164
131,0.53426240961501725,7.5068030355424611
132,0.53426240988445384,7.506803033173961
133,0.5342624099265123,7.5068030321394437
134,0.53426240988839679,7.5068030319223746
135,0.53426240979310824,7.5068030331366362
136,0.53426240980493722,7.5068030333944185
137,0.53426240990548313,7.5068030330755917
138,0.53426240980559436,7.5068030324216437
139,0.53426240970504846,7.5068030348345696
140,0.53426240986013884,7.5068030332682438
141,0.53426240975630712,7.5068030325953092
142,0.53426240978916528,7.5068030338713134
143,0.53426240983976681,7.5068030337397058
144,0.53426240987393925,7.5068030326682385
145,0.53426240976222161,7.5068030332506028
146,0.53426240968007632,7.5068030348420454
147,0.5342624099127119,7.5068030320743127
148,0.53426240949738513,7.5068030356832134
149,0.53426240982728068,7.5068030304638844
