epoch,acc,loss
0,0.80185225779389857,0.36068431742808665
1,0.71718632871221422,0.37638178071553491
2,0.65361852510827112,0.29906037311221789
3,0.89745534177783304,0.18815037687586281
4,0.75538698874274324,0.24034198056489314
5,0.71331422298325198,0.22149979923503188
6,0.65070783117640241,0.17595800603039616
7,0.62673429269840597,0.12375880228086859
8,0.55162073351056728,0.18265550503145417
9,0.57782580443950582,0.17372029031420005
10,0.56990518747643049,0.20146618089763957
11,0.59856229767646918,0.22275081213611475
12,0.60035281563146903,0.22648674660157939
13,0.57126351126499453,0.15231832913424462
14,0.67799779654140646,0.17700133683930966
15,0.56058214442272569,0.1913208592568319
16,0.63169129329781815,0.1780886774748569
17,0.84497463776166282,0.15409792348865498
18,0.75267034066551441,0.14392507585653813
19,0.72816758564249284,0.26507523103564595
20,0.77757882933435263,0.20876637729955946
21,0.72510694592106828,0.15321031616653652
22,0.66115104894128107,0.2260791877362503
23,0.52443661002891984,0.2470027822427063
24,0.63835942987044569,0.23762871151355047
25,0.84650054767875715,0.19661253855740177
26,0.8870297631986086,0.23407330554082947
27,0.85299227763300034,0.21755406964412902
28,0.90178610150514393,0.21342664784964208
29,0.90036603562755646,0.23086370981584434
30,0.72710033048539857,0.24187569155415528
31,0.54811025906818311,0.26022764475644822
32,0.52354576129174679,0.2784301834999931
33,0.72182579956151949,0.23568807510647904
34,0.89689084325893453,0.14252014904538179
35,0.65414774222239902,0.21800416894348515
36,0.72164057454437247,0.13055539611867517
37,0.75020948174047097,0.13085717613141112
38,0.75317309755146045,0.14416467471325853
39,0.60683572640689754,0.16502022000172187
40,0.56366042380821879,0.14780894269611761
41,0.5355942725202083,0.23138472907730132
42,0.78607276490071121,0.16521997184292508
43,0.69539140100187347,0.26028041610018787
44,0.5067960369501513,0.27903249843883404
45,0.52434840685937478,0.28229659306470478
46,0.53273649947251611,0.28550241754095096
47,0.50179493441537038,0.28305324187529457
48,0.60345755675924651,0.27499442784034844
49,0.57771995990712688,0.26001906345083708
50,0.68045865650542381,0.24716477825592753
51,0.58275634359498529,0.27335771439178019
52,0.51945314776082552,0.24250946904396267
53,0.71863285481404049,0.19571421727459751
54,0.67452260379097295,0.17336574915882264
55,0.60950827176541977,0.18038133138783929
56,0.73460639280481665,0.27110126840528292
57,0.62647850359813639,0.25909581640687851
58,0.54656670805703456,0.26237732303327965
59,0.49478280684388065,0.26214658484137138
60,0.50429107506587989,0.26367089700377389
61,0.49829328083808,0.25836310620715347
62,0.46426461509201994,0.27848065727984495
63,0.51066814219544188,0.28606153567709652
64,0.47095921258613582,0.29861985847989653
65,0.48321941067654611,0.29001714763738234
66,0.63778610958548343,0.33205051033792277
67,0.60481587929394443,0.2560743182606291
68,0.55296141528307796,0.2612681159346929
69,0.65906946051607063,0.1955463391516748
70,0.610390300445809,0.18164464865907212
71,0.52666814226956982,0.18634023064655869
72,0.52117310444010134,0.18358542678099307
73,0.48076737158025112,0.24873306828415018
74,0.48535392078898576,0.19138810843280252
75,0.49551489067905663,0.19720621292786658
76,0.4776714509811002,0.25460900588645269
77,0.48699449408014922,0.23068074971696478
78,0.47933848517206562,0.24054569075925825
79,0.46739581716822948,0.25065667285440463
80,0.46517310476027091,0.25307225159364749
81,0.47061522171673464,0.27849810694188487
82,0.48567145091761826,0.23414294366954158
83,0.50248291699008352,0.27741761950003607
84,0.49153694152897748,0.25302411556836435
85,0.4760837993423363,0.24960856232017808
86,0.47235281819545449,0.29117101170853593
87,0.48345755907508742,0.26189176955925791
88,0.47552812126137589,0.27347883288993025
89,0.46475855138953753,0.28218992382150304
90,0.46460860645232155,0.25977935055145479
91,0.46205072332769137,0.27997680872412839
92,0.46685777951496044,0.25953319958870463
93,0.45967806628349728,0.26190569116943818
94,0.46871003989479376,0.24275122871562552
95,0.48539802220585326,0.26057329809939866
96,0.64711797258491155,0.26340732389468324
97,0.67937376034167796,0.27487874063147555
98,0.59523704793250809,0.24249966716814239
99,0.52488644448635724,0.23408379454596392
100,0.70887761926177839,0.19501523983127636
101,0.91790958767820485,0.14785127979557927
102,0.92853803156294923,0.15546672849469859
103,0.55831533018585866,0.17850710553837748
104,0.61533848180989048,0.17618197506405422
105,0.72099669314666248,0.18058775790710446
106,0.61629107315787401,0.14671098331559898
107,0.56125248584818288,0.13533560618335391
108,0.64110253815548424,0.13742446584965876
109,0.63434619874649301,0.18457665046697497
110,0.6044542480369387,0.1569599980522457
111,0.56559206638735737,0.20079594858965005
112,0.5730804899699633,0.22387597038779417
113,0.48646527687073282,0.26211260031412653
114,0.6532657130425662,0.20278681128459114
115,0.71641014343388421,0.1648508656422942
116,0.93652039175391066,0.1614049312994924
117,0.93556780159999153,0.15734484715932992
118,0.97038147264436425,0.2008298501110948
119,0.84027342680730788,0.25372347147730284
120,0.91622491281508345,0.24764615180364094
121,0.7495126787843357,0.2628741742883326
122,0.61624697073751933,0.26889619921095692
123,0.63698346382793547,0.25501218275101389
124,0.58273870279271123,0.25856568579147865
125,0.4918809323221478,0.26409917390722426
126,0.54351488911527257,0.25840225079978468
127,0.74397353943942535,0.26689001576876881
128,0.9184388047778751,0.19153465555647839
129,0.82930098932462337,0.14711611502101052
130,0.66745755429961851,0.1223957177509306
131,0.59306725868908017,0.12169245149211851
132,0.54319735938225189,0.12807368618101489
133,0.61545314570443244,0.16508162861479622
134,0.52656229909028873,0.13748556868700379
135,0.53947519816860734,0.15997463837897932
136,0.64891731217125681,0.13025553204780296
137,0.50430871624273654,0.19034030674648358
138,0.48602426212769756,0.20878948427898789
139,0.55170011464132629,0.14026976589420384
140,0.6534068376174178,0.14473982457459075
141,0.84824696416037348,0.13310875946653924
142,0.81812568738152991,0.16428232209507695
143,0.91777728245434453,0.16177270539810279
144,0.92454244220007087,0.1631210874716495
145,0.65687321024140821,0.1632391274761108
146,0.64196692657575849,0.1870906377093593
147,0.67991179803700541,0.25905818160278776
148,0.75149724190921219,0.20270659772600358
149,0.53925469043959329,0.25215088795618928
