epoch,acc,loss
0,0.46298567347187453,0.71186209178478077
1,0.45218964287438229,0.69482792389832371
2,0.43381698582177652,0.69181595782412864
3,0.43476075664310498,0.68648326673991922
4,0.43267034835365931,0.68635510542848843
5,0.43987652273858924,0.6759543531428106
6,0.43297905869691611,0.67151421229409969
7,0.42953032652033202,0.67782061900276513
8,0.43080926803927438,0.67260019227576973
9,0.45447409687520651,0.65789770683294591
10,0.43497244345182356,0.66855330592271212
11,0.4372216164664896,0.67097910451067988
12,0.45111356781099438,0.65767867543916669
13,0.4420374929635501,0.67023811189122739
14,0.44249614783526781,0.66979790148404283
15,0.42897464847288691,0.66973437254282042
16,0.44507167155450866,0.66611390540879589
17,0.43243220078380001,0.66756291112093646
18,0.45143991844985293,0.5277039333972745
19,0.45537376629806803,0.46470988585661749
20,0.50654906912241648,0.65829296447322383
21,0.45606174875186323,0.58433046458238891
22,0.45585006186691379,0.59177641385368407
23,0.45108710711294131,0.66561174577229798
24,0.44476296152340405,0.66398824817976976
25,0.44752371122713519,0.66380206662094654
26,0.49345976411244835,0.59982090431201629
27,0.46168027113593268,0.54496188674335366
28,0.48260199104872137,0.65370749778314385
29,0.48617420722263255,0.6731415335222164
30,0.50830430623977685,0.66295249660107958
31,0.46363837494805471,0.66450496087099808
32,0.51795369974242023,0.66358339946959066
33,0.48515987414246486,0.663133214049625
34,0.43749504527617183,0.66305826683275049
35,0.45283352386005132,0.65896328415723149
36,0.4719118036226243,0.66258849568562084
37,0.45758765831474696,0.65309959322122835
38,0.44684454913439009,0.6690040686983405
39,0.45679383252395162,0.64909023672272681
40,0.44575083357496587,0.66504333029277629
41,0.44987872782195154,0.64942070545921038
42,0.48456891496691445,0.66086235642054192
43,0.51424035898840015,0.61873587174099076
44,0.56768247528073545,0.43737945959366503
45,0.57667916708113476,0.24707410594285797
46,0.54384124062881445,0.62907361414390028
47,0.52993164885858979,0.65604594858518084
48,0.47710695244840118,0.60000043346698906
49,0.50706946615084525,0.24839491178406931
50,0.54378831882526746,0.24715777712329376
51,0.61649394002218361,0.24958243900662941
52,0.57155458068440212,0.32605392688868279
53,0.46168027130613781,0.66170052221144537
54,0.5498213948863081,0.35031737915145528
55,0.58781918909018727,0.4758120970415643
56,0.48694157177190139,0.67269291061596903
57,0.5183065114341997,0.39318223085929432
58,0.44668578406744519,0.65357585108617766
59,0.45675855150493527,0.66344439491322116
60,0.49861963161428552,0.37877987154816173
61,0.54344432809912779,0.24633917624237869
62,0.52442779037891962,0.15039323777560426
63,0.52939361142218444,0.22592807029090081
64,0.56677398574785987,0.24471241552787465
65,0.6182227165334937,0.26214577798582517
66,0.60631532996465776,0.24656812935836075
67,0.50096582767521791,0.41107351688375054
68,0.60094377510537123,0.36567747391395844
69,0.49262183651837388,0.56651462576529987
70,0.57454465823701883,0.67713757403481056
71,0.47092393154477602,0.6622392553184665
72,0.51252040302280288,0.58203160105286167
73,0.48884675385144999,0.66004810631903021
74,0.46142448309500922,0.66210605492881747
75,0.45718192522554701,0.66318290325440643
76,0.48771775727235234,0.66246492118492983
77,0.58151268449547278,0.66142861867040048
78,0.50826020476770772,0.66335317073985045
79,0.46594929009183106,0.66235487017884087
80,0.48603308238360166,0.66265696301163646
81,0.46063947728805271,0.66112850194260164
82,0.46644322618168532,0.66233624126297141
83,0.43419625811632045,0.6631422423687745
84,0.45774642357358331,0.66185059613631236
85,0.43192062418016602,0.66127628588557419
86,0.44163175992100873,0.66152663826823799
87,0.42699890421072995,0.66105826053016403
88,0.43648953254456818,0.66088182759982828
89,0.42941566274210796,0.66124714819188757
90,0.47342007250086604,0.66179985766903515
91,0.48782360076378567,0.65218587231917513
92,0.44483352381115843,0.66097940908236763
93,0.44284895919912309,0.66057723924548117
94,0.436983468677138,0.66139977114351545
95,0.44440132978732688,0.66286969220650371
96,0.43564278516314653,0.66356784123527357
97,0.50572878244561947,0.66134342664608314
98,0.51211466971411068,0.66085419653974964
99,0.5447761900928344,0.66214670179111468
100,0.4925689149678345,0.66147494131205642
101,0.48158765794423869,0.66230497919884457
102,0.47016538713903649,0.66233190205042625
103,0.45191621410084404,0.66270296101173687
104,0.43552812141383757,0.661711148702402
105,0.4294068425499486,0.66575826629219825
106,0.42669901458404819,0.66373084775500213
107,0.45562073437355322,0.66685058746308579
108,0.46572878278011526,0.66339358060074749
109,0.51297023774113382,0.66202684328792671
110,0.50506726120377854,0.66197419831747506
111,0.50731643409029781,0.66095849106759352
112,0.49898126325638842,0.6621468952701175
113,0.47628666572757433,0.66132337696942767
114,0.42920397599910559,0.66437875452337081
115,0.45906064602808233,0.66986288571416375
116,0.45157222266562586,0.66250948031066159
117,0.45180155022798851,0.66156589382200048
118,0.51237045806258619,0.66172918385815216
119,0.46504080011668514,0.66639255982869405
120,0.50634620237376748,0.66203300139323407
121,0.4356957069108347,0.6611583216379624
122,0.42803087789470856,0.66072007713395142
123,0.42786329234645282,0.66231428851890661
124,0.47044763590692817,0.66240942388484592
125,0.43369350163518661,0.66174238734575574
126,0.48451599292153164,0.66423066349456361
127,0.46990077822316179,0.66778228523848726
128,0.44773539792873629,0.66578806507395916
129,0.43879162749092793,0.66678200368887652
130,0.52424256378852541,0.66147677114305747
131,0.46677839684184097,0.66273043093990736
132,0.45541786771230686,0.66332322504889685
133,0.43181478075182028,0.66209419921195378
134,0.43456671020490462,0.66127269428996049
135,0.42620507845082117,0.68198683397026916
136,0.43076516655537628,0.66234586942104912
137,0.47609261952660969,0.66337909840049658
138,0.44194046979373713,0.66685262484514651
139,0.42975083366381428,0.66362276282321553
140,0.42616097696495159,0.6694910796363277
141,0.42512018321696032,0.66521907970508276
142,0.42610805524223561,0.66711407699100089
143,0.42594046990295753,0.66307720247078805
144,0.42653142908836539,0.66678899660111868
145,0.42712238823762932,0.66553418696310218
146,0.42698126375280904,0.67120003785647731
147,0.42693716228468281,0.66297936803618596
148,0.42542007301384716,0.66409179228819892
149,0.4262580002799975,0.66227704839776291
