epoch,acc,loss
0,0.53522382110390143,7.4913076520705024
1,0.53522382104672828,7.4913069150810845
2,0.53522382092055309,7.4913069161800347
3,0.53522382091398146,7.4913069174750255
4,0.53522382122021916,7.4913069144257909
5,0.53522382107235766,7.4913069141490229
6,0.53522382094289656,7.4913069166338566
7,0.53522382091529574,7.4913069156034258
8,0.53522382109601552,7.4913069138424051
9,0.53522382104212818,7.4913069159209078
10,0.5352238209540684,7.4913069170279796
11,0.53522382096589727,7.4913069130222665
12,0.53522382108024358,7.4913069116634903
13,0.5352238210256991,7.4913069166325119
14,0.53522382105329991,7.491306915783869
15,0.53522382108221511,7.4913069151563807
16,0.53522382101584165,7.4913069156475283
17,0.53522382085943698,7.4913069178711913
18,0.53522382109404398,7.4913069153442988
19,0.5352238211354452,7.4913069151095888
20,0.53522382111901612,7.4913069158856258
21,0.53522382101781318,7.4913069169452084
22,0.53522382104081379,7.4913069145763833
23,0.53522382103555655,7.4913069153456435
24,0.5352238209875837,7.4913069179797258
25,0.5352238209146386,7.4913069164879982
26,0.53522382097904053,7.4913069153442988
27,0.53522382085286535,7.4913069136056523
28,0.53522382105592858,7.4913069145397575
29,0.53522382073851904,7.4913069192061963
30,0.53522382104278532,7.4913069148718145
31,0.53522382098166921,7.4913069149623848
32,0.53522382107695776,7.4913069155247412
33,0.53522382104081379,7.4913069140784598
34,0.53522382078386321,7.491306917278985
35,0.53522382092186738,7.4913069175611851
36,0.53522382099546961,7.4913069191098707
37,0.53522382104475674,7.4913069167610535
38,0.53522382109470112,7.4913069125311189
39,0.53522382092581033,7.4913069174770683
40,0.53522382101978461,7.491306914990191
41,0.53522382094683962,7.4913069121091898
42,0.53522382113610234,7.4913069166182593
43,0.53522382102964206,7.491306914178872
44,0.53522382100861288,7.4913069154284155
45,0.53522382098692645,7.4913069152615268
46,0.53522382084497933,7.4913069190997055
47,0.53522382103884236,7.4913069167423911
48,0.53522382098298349,7.4913069138247641
49,0.5352238210059842,7.4913069151475611
50,0.53522382104541399,7.4913069154385807
51,0.53522382135493751,7.4913069148640155
52,0.5352238207910921,7.4913069159839951
53,0.53522382111178735,7.4913069171996023
54,0.53522382104804256,7.4913069160769323
55,0.53522382094618237,7.4913069157031407
56,0.53522382108812949,7.4913069150166516
57,0.53522382096918308,7.491306915926339
58,0.53522382089492371,7.4913069176873606
59,0.53522382102964206,7.4913069108277535
60,0.53522382106512889,7.4913069134726999
61,0.53522382095012544,7.4913069146835731
62,0.53522382115318867,7.4913069112877064
63,0.53522382085943698,7.4913069160728458
64,0.53522382098035481,7.4913069171928255
65,0.53522382105001409,7.4913069130310861
66,0.53522382085549403,7.4913069139787458
67,0.53522382125767742,7.4913069103617227
68,0.53522382099086951,7.4913069177992835
69,0.53522382109141531,7.4913069143504947
70,0.53522382101387012,7.4913069155138778
71,0.5352238210776149,7.491306912549458
72,0.53522382121956202,7.49130691492506
73,0.53522382096064003,7.4913069159731318
74,0.53522382114267397,7.4913069153999112
75,0.53522382099744115,7.4913069152262457
76,0.53522382101912747,7.4913069163625208
77,0.53522382103818522,7.491306913606997
78,0.53522382103555655,7.4913069137596331
79,0.53522382112427347,7.4913069151285745
80,0.53522382092383891,7.4913069160572485
81,0.53522382086206555,7.4913069169845761
82,0.53522382088638065,7.4913069162478561
83,0.53522382118144662,7.4913069148199138
84,0.53522382104015664,7.4913069152601821
85,0.53522382094026799,7.4913069165320998
86,0.53522382101321297,7.4913069164215216
87,0.53522382098692645,7.4913069142222755
88,0.53522382081080688,7.4913069180007552
89,0.53522382094881105,7.4913069166196049
90,0.53522382094881105,7.4913069163347146
91,0.53522382099612675,7.4913069125786098
92,0.53522382097181176,7.4913069186438399
93,0.53522382092581033,7.4913069164988615
94,0.53522382107695776,7.4913069144386979
95,0.5352238210789293,7.4913069170401885
96,0.53522382105132837,7.4913069136809485
97,0.53522382106118582,7.4913069154596101
98,0.53522382119524703,7.4913069150654872
99,0.53522382093106768,7.4913069163414914
100,0.53522382114267397,7.4913069149447438
101,0.53522382099678389,7.4913069150776961
102,0.53522382089426657,7.4913069182056153
103,0.53522382102767052,7.4913069151251861
104,0.53522382100729848,7.4913069170720821
105,0.53522382084892239,7.4913069167756294
106,0.5352238209540684,7.4913069143823865
107,0.53522382102241328,7.4913069150356373
108,0.53522382111967337,7.4913069153910907
109,0.53522382099086951,7.4913069144902238
110,0.535223820952754,7.4913069141666631
111,0.5352238209540684,7.4913069121668459
112,0.53522382092712473,7.4913069144278346
113,0.53522382089755238,7.4913069181744207
114,0.53522382090740983,7.4913069158334018
115,0.53522382091398146,7.491306915596649
116,0.53522382070303232,7.4913069148850449
117,0.53522382064980212,7.4913069183250132
118,0.53522382094552523,7.4913069162031078
119,0.53522382117158918,7.4913069112083228
120,0.53522382102175614,7.491306916907237
121,0.53522382094486809,7.4913069180506122
122,0.5352238209192387,7.4913069164649251
123,0.53522382096326859,7.4913069173400295
124,0.53522382111244449,7.4913069121668459
125,0.53522382108615807,7.4913069147520925
126,0.53522382092646759,7.4913069149094627
127,0.53522382100861288,7.4913069140771151
128,0.53522382112295919,7.49130691492506
129,0.53522382088638065,7.4913069159344614
130,0.53522382100729848,7.4913069183297472
131,0.5352238208811233,7.4913069169648923
132,0.53522382106250022,7.4913069143219904
133,0.53522382099678389,7.4913069180007552
134,0.53522382107367195,7.4913069147900639
135,0.53522382091332432,7.4913069146204858
136,0.53522382115121714,7.4913069108684676
137,0.53522382105855726,7.4913069154141629
138,0.5352238211019299,7.4913069146062332
139,0.53522382097181176,7.4913069160206218
140,0.53522382089558085,7.4913069188683847
141,0.5352238210256991,7.4913069140893231
142,0.53522382107367195,7.4913069137684536
143,0.53522382080029229,7.4913069164500259
144,0.53522382082197872,7.4913069157947323
145,0.53522382101847032,7.4913069175544083
146,0.53522382103161359,7.4913069155471153
147,0.53522382082526454,7.4913069173332527
148,0.53522382101387012,7.4913069160406289
149,0.53522382090215248,7.4913069189592774
