epoch,acc,loss
0,0.59446968025882552,0.34269459745695335
1,0.57602646085472065,0.32982812337468909
2,0.5581742006578414,0.27007500571326293
3,0.52231973539508036,0.29673404257489078
4,0.51597794927862017,0.37858066509576982
5,0.5849614112484941,0.28048537232196974
6,0.59420507166693204,0.25063734782009889
7,0.62725468578044219,0.19973796405027958
8,0.60205512678636341,0.22725956141011833
9,0.62991841234314405,0.2297018901177876
10,0.67981477397331991,0.20989090874523353
11,0.68431312017009693,0.14881832645136078
12,0.58152149944505194,0.13116555438079391
13,0.56050275633484947,0.21413684417561615
14,0.70388533627605754,0.14475517225484008
15,0.57502976846458365,0.17062591548843536
16,0.55776846747098707,0.23639004460899848
17,0.59401984564656063,0.16731231305879657
18,0.78025137816348178,0.12234079102936274
19,0.73868136714101496,0.20070685920908701
20,0.77664388092718151,0.10124456247604784
21,0.73750826901453725,0.10716927422760332
22,0.59367585445896132,0.17939162768943639
23,0.64544211686354092,0.19093695209914247
24,0.68663285557043463,0.11428908369470543
25,0.67407276735863064,0.086694797273427493
26,0.7849878721074206,0.12331077149240537
27,0.74271223814143106,0.09721482937003649
28,0.6670782800462044,0.071132312202735262
29,0.65708489526172453,0.094475823663051892
30,0.67324366042054085,0.080295201998723559
31,0.61377728776395513,0.1223979762391061
32,0.66331201763794467,0.10337149257654819
33,0.68723263505669652,0.19081473786351419
34,0.83366703417913657,0.14096852587260381
35,0.76014994486689957,0.14482081610487638
36,0.67780374862340742,0.11815263662781349
37,0.56613009923190505,0.11493727916071669
38,0.57338037485824001,0.12010609046841922
39,0.63027122380846523,0.12963753912684148
40,0.72100551267180191,0.13684451317247887
41,0.6780242557841073,0.23005094457741482
42,0.64895259096236058,0.1699244359400916
43,0.82735170893106602,0.12915375617754574
44,0.82295038588386127,0.11433062357344596
45,0.85457993384837583,0.13957384084119198
46,0.86946857773140485,0.13455784290659323
47,0.82627563395074344,0.13361467697679003
48,0.89170452039743864,0.13091174163264782
49,0.88351047408252203,0.16712009384653551
50,0.8704388092623524,0.12831493747877132
51,0.87730099228330061,0.13846281985032485
52,0.79960308709638783,0.1711161604686553
53,0.70489084895627108,0.19622297812012704
54,0.74676957000313937,0.21440383583284112
55,0.93753472987083508,0.15168525386187878
56,0.9570981256811989,0.10260681534508836
57,0.75997353914212495,0.099763925707173073
58,0.82874531421535202,0.20955256235595204
59,0.81825799337952776,0.096817912130685399
60,0.71973539139627751,0.08919461944070671
61,0.64512458654117688,0.098497130412863038
62,0.65271885336536295,0.089340257680609353
63,0.67913561190843841,0.1091444540736476
64,0.76220507166745777,0.10644320470405909
65,0.69465931643093826,0.084036549452682519
66,0.75113561190896416,0.12824241645492063
67,0.84791179712552089,0.16379038118881553
68,0.80462183020159583,0.17051512719552794
69,0.77114002205281962,0.18716600640856404
70,0.73602646085314349,0.14443129416125342
71,0.59804189636268323,0.16281918328988973
72,0.70574641675171013,0.091149215020151567
73,0.76822050716858581,0.091357455981603705
74,0.76867034178032501,0.18788535681557908
75,0.78340022050979519,0.10653616938840232
76,0.74721058434057397,0.087698404755927994
77,0.82027783902293394,0.097251936013269202
78,0.77486218302357679,0.10640155038737477
79,0.88737375963982834,0.17154035946421012
80,0.90340904079382578,0.1845227631929309
81,0.93231312016957124,0.088356841587205859
82,0.92022050716806014,0.1133348594803667
83,0.89372436603769057,0.14210727686568675
84,0.62978610804456858,0.20037575250777775
85,0.68671223814353399,0.20264389440263139
86,0.62940683572584111,0.19971321526486036
87,0.68142888644248933,0.1136369388230415
88,0.5488952590985493,0.17150061538372016
89,0.5273914002236616,0.087267242542680826
90,0.52901433296108979,0.088952292473263805
91,0.57640573318291133,0.11363052219227447
92,0.54415876515566186,0.11160670356813238
93,0.57120176405154888,0.085460930857107625
94,0.66071003306924048,0.084239195851970552
95,0.69319514883708011,0.084905668465819012
96,0.57749062843859,0.080321445601402919
97,0.60479823593846227,0.083457466346425827
98,0.54971554575260839,0.11812201675775953
99,0.63245865490313002,0.1625149691899111
100,0.59643660419226485,0.18622852321435351
101,0.61443880925709515,0.095865712225828126
102,0.51799779492518083,0.10754438578068097
103,0.52122601984249062,0.10765288371509998
104,0.49186328555310049,0.13431389757619541
105,0.47905622932324732,0.22292325116134923
106,0.48484233737175886,0.2146486349484045
107,0.46599338477974822,0.25108110809940515
108,0.50265931643041251,0.16960982278807143
109,0.51896802645717988,0.2259684541386392
110,0.53142227121855745,0.23619316197058363
111,0.51812127894419424,0.23705352690376039
112,0.77257772877776243,0.23216658502379706
113,0.7060992282280717,0.23024340141532609
114,0.61820507166114902,0.22953644964054418
115,0.58935391400588522,0.24106767414409852
116,0.52551267915786692,0.22185144390819991
117,0.54604630650022989,0.12971279433559393
118,0.54063065049929548,0.12115739891882533
119,0.5246130099186167,0.11511428047656856
120,0.61832855567963674,0.16294495675551202
121,0.72011466372026234,0.23673922907673706
122,0.70386769569590446,0.23106190981011315
123,0.5649481808158765,0.23103453706861848
124,0.8433869900708687,0.15758200840062186
125,0.70099228225127597,0.15071525842570335
126,0.66737816978710096,0.2166157456623265
127,0.55583682469049389,0.17665429447076253
128,0.53008158764634139,0.17808948265151414
129,0.56774421168740552,0.1390240520505828
130,0.90162734288916957,0.12241348060553785
131,0.8277662623966936,0.17293446437300664
132,0.78928335170998198,0.17715192549141554
133,0.78684895259201071,0.17351227297594971
134,0.850557883124893,0.23794887674395548
135,0.85622050716753439,0.23034977262278211
136,0.9473164277849544,0.2287501362267278
137,0.88990518191893808,0.22976946605724932
138,0.78700771775345557,0.23375283157125593
139,0.56780595368771203,0.23246197087602338
140,0.49999558985299025,0.23313197948157482
141,0.58284454244289796,0.24319966129630358
142,0.508233737600152,0.23710647931579468
143,0.50214773979865202,0.24102820661968524
144,0.49551488422979462,0.23763044013211743
145,0.46956560088570876,0.2417397040440824
146,0.46970672546384618,0.23078940711189252
147,0.46742227122013469,0.23237885735116673
148,0.46708710032734352,0.24061217804047841
149,0.47518412348033312,0.2449251687282798
