epoch,acc,loss
0,0.62851599043233131,0.35616552469235985
1,0.51055347937667517,0.3806527293036514
2,0.56507167012780868,0.27843188544062625
3,0.5789548013655853,0.25774014566001302
4,0.58059537421710694,0.29713083477349816
5,0.59148842794169665,0.28578603006175607
6,0.75569569927066271,0.14494744680242982
7,0.76607717602755032,0.1236249177326316
8,0.66200661790410376,0.15731519168488028
9,0.66259757716968537,0.16531377192053118
10,0.57345976298738599,0.1832052621338279
11,0.61025799785651336,0.20461524418632487
12,0.64691510825922105,0.27590274584098246
13,0.65176626556632011,0.15286984308028667
14,0.65432414873695166,0.18898850567023387
15,0.66206836029739335,0.16098923359514611
16,0.64452481078733548,0.15202733710069419
17,0.75057993283148239,0.19373617021694858
18,0.66415876816099773,0.15636728198682898
19,0.62871003689090366,0.22452304598587219
20,0.84661520961232595,0.16831877459138456
21,0.86764277221480957,0.18105081025318745
22,0.88790297091861548,0.20311918089012601
23,0.89217198879150994,0.22885289980985055
24,0.77438588525060781,0.27139418337469617
25,0.69333627358555394,0.28138088297517988
26,0.7452524786858995,0.27885447584080331
27,0.68291951712791821,0.25481140765320021
28,0.55707167055338724,0.25637644578821944
29,0.54891290554663841,0.28437399518140855
30,0.62995369745391727,0.16915559013674641
31,0.55194708341734677,0.19621329526779649
32,0.64746196476469497,0.16612244764183037
33,0.5737684717278233,0.17960490966245379
34,0.5621697956087045,0.212412025485059
35,0.63560749994880439,0.24975627054453667
36,0.88721498856076597,0.20279736346199434
37,0.87717750321806731,0.2086742299629562
38,0.56440132745439975,0.28718315963298019
39,0.47979714007072699,0.28895739094258416
40,0.55944432628457053,0.27561748490267929
41,0.51093275101077074,0.28792888089679253
42,0.55635722597352466,0.27267363271272937
43,0.8613450877590243,0.17899211233486698
44,0.66640793927186381,0.19059739470132556
45,0.58721058900787393,0.28635512760814652
46,0.53436825321816817,0.28720307054393363
47,0.48870562936991552,0.28245443863053793
48,0.51963837420335812,0.27943995028940605
49,0.51816538638750542,0.26065969359882185
50,0.5108004468055124,0.28203642056979944
51,0.71801543456059702,0.26846855591881497
52,0.76218742892195401,0.2825733493398766
53,0.81201322773128515,0.26625680115058614
54,0.53365380904114623,0.27420985431529021
55,0.69001102505537215,0.2737426559524766
56,0.71736273350762958,0.24837809484472756
57,0.53375965230454425,0.27626001255436433
58,0.75277618362661758,0.25104039964618141
59,0.84533626816895724,0.23037388186353827
60,0.65075193138146215,0.20891973245356696
61,0.9178125635522203,0.22068151325054428
62,0.86707827461659581,0.23689616776662001
63,0.79461080238600945,0.2406099982611021
64,0.8067034141362831,0.25513915649047364
65,0.56037045615904912,0.28549911278752949
66,0.72790297593802311,0.27844612815559844
67,0.70316207271032327,0.26957566999660526
68,0.61387431390427438,0.27602443309680191
69,0.61229548205351492,0.26145903614367527
70,0.7438853349588409,0.28728253487234567
71,0.72228445277258735,0.27816521718665732
72,0.81530319337019452,0.25767497200114975
73,0.91101212205605575,0.25758388315141956
74,0.84247849600580582,0.28573191317942698
75,0.77929878494245342,0.26421906193372419
76,0.89479161535891838,0.20311376870354103
77,0.69996913009993689,0.26327318222875323
78,0.62418522941698185,0.25914848191966111
79,0.66333848139088369,0.1765821406762858
80,0.61839030159676356,0.20203250481895116
81,0.69951929520088629,0.24372798704297144
82,0.84399558702863697,0.24613043668964232
83,0.95357882554239315,0.25799691289559229
84,0.75847409092538809,0.24508823756834389
85,0.6076736531151169,0.26052466364687671
86,0.88142006301695874,0.28215789169733824
87,0.810910693088992,0.26153671128524092
88,0.82918632744954202,0.24000623811933389
89,0.95126791199355032,0.20560081082179582
90,0.91447849592011188,0.17775634504273199
91,0.89300991892814641,0.19075241893634731
92,0.74871003272186432,0.2727707167968263
93,0.71678941614112623,0.26747123526834687
94,0.89115766002495733,0.24079748199802145
95,0.96000881652716374,0.19569245647242009
96,0.97185446122646857,0.21227133405130622
97,0.88841455099206779,0.19989005958542969
98,0.95022711881860478,0.23903793643382493
99,0.9416890816480874,0.21726084264302808
100,0.98060418588455356,0.24113818620504815
101,0.79813891961135575,0.25873528690538
102,0.94451157322989276,0.21229196766628594
103,0.68089967124188744,0.25859364891157083
104,0.65689085150501036,0.32726281516888484
105,0.94607276355944236,0.22624993073476488
106,0.94211245402743038,0.24998057814502875
107,0.97582359025339049,0.26046361240381
108,0.9627519260857833,0.21835693252591257
109,0.80075854400815616,0.26074372300129522
110,0.73410363880447149,0.24257744841839027
111,0.86316207004092893,0.25416962676007221
112,0.81648511450372163,0.23692499315226045
113,0.77245424460155565,0.26589096557810182
114,0.96426019462755785,0.18224149506210061
115,0.89713781490084088,0.26328756733690228
116,0.6397883167097298,0.26746229040566893
117,0.5672679209676309,0.26607241142574234
118,0.84262844450090002,0.26465793400995075
119,0.90318853138628707,0.2467887596330586
120,0.97836383307650443,0.22349615220653987
121,0.78359426680249966,0.25779161781291854
122,0.72088203013863295,0.26874914622425494
123,0.61912238472548975,0.26334988571392737
124,0.97551488013619758,0.21729448581810548
125,0.96414553015734161,0.24294226894638338
126,0.91873869491122917,0.26205375600080671
127,0.8045512676850175,0.26211792886630636
128,0.71981477505185509,0.26297518991542024
129,0.4721940530365068,0.27270674139798007
130,0.47128556346420153,0.26637156420940122
131,0.94758103223790668,0.22136100652554494
132,0.90115986469627873,0.26116464453321148
133,0.8116074954241087,0.17855640566377351
134,0.92564497897091358,0.23369656874986391
135,0.70660198549582909,0.26693412114436582
136,0.93929878151600787,0.17126006311720854
137,0.82607276513728967,0.23180356821495474
138,0.81511796981457707,0.23350318740493395
139,0.71410804895410995,0.25693075614255612
140,0.46168909168690281,0.27540949064891351
141,0.55711577088856512,0.27142034615325161
142,0.46437927901941989,0.27959714436942928
143,0.46779272995026661,0.27938529949597674
144,0.45564719502691925,0.27546602723971586
145,0.46525248722901286,0.27097436223262367
146,0.61734950768645303,0.25702235995533568
147,0.61913120454766657,0.26638698451054227
148,0.49141345680680004,0.29618834939326033
149,0.64882910812637118,0.28294996180878568
