epoch,acc,loss
0,0.57299228792548051,0.38236695512343166
1,0.54915987349397688,0.37363547625896226
2,0.5724542499810884,0.25920776991428279
3,0.62586990477691806,0.22986525041342268
4,0.71104740939106148,0.2238845097372047
5,0.78738698863536283,0.22684169731121454
6,0.61367144877224533,0.23499851478810935
7,0.57555017067881376,0.23968041648600577
8,0.69093715736135231,0.17800745760718015
9,0.80949062540749339,0.21947309352738814
10,0.80987871691173863,0.20307255775515026
11,0.66563175472429859,0.23676340098878937
12,0.71361411297203026,0.25949953016586125
13,0.90382358805215868,0.17701735859826526
14,0.73916648238010152,0.25740858141700435
15,0.6585402451256801,0.27415400518911537
16,0.72013230463241396,0.2216535854376798
17,0.72440132290026316,0.17819300452955317
18,0.89546195782794968,0.17501866085846374
19,0.87360528817776151,0.15235846360156072
20,0.79239691078202856,0.15219371012511337
21,0.67487541561681352,0.15556222543463136
22,0.74388533594918482,0.14211016102462709
23,0.84162292885018031,0.16596401282013726
24,0.7839294358420924,0.18701745860097926
25,0.5482602038608233,0.26764819691474223
26,0.66831312189094283,0.21717132364691905
27,0.67021830368002566,0.14845615597827658
28,0.68912017660800784,0.2570965921034094
29,0.79948842037604684,0.1775057273517697
30,0.66417640804653,0.22284491010727855
31,0.51916207875345877,0.25549510431159045
32,0.54302095392770255,0.28057140214288923
33,0.57857552886469232,0.26998768427412129
34,0.77112237985762377,0.23496191479712406
35,0.69510915121340833,0.16195494588863879
36,0.57812569318164675,0.17059537012389711
37,0.64864388310856702,0.15476600789744593
38,0.73932524716840953,0.17174830817130007
39,0.68974641731187558,0.22734764754598158
40,0.56844101847269568,0.24087811277116417
41,0.51785667631105659,0.17041827428658302
42,0.65155457814972617,0.17442028730753684
43,0.64082910920056912,0.21778516312609125
44,0.6311091535659189,0.24109537252077287
45,0.79146196125820689,0.2624564848447582
46,0.82610804510747449,0.22084777838804304
47,0.56951709427079134,0.25223161223410595
48,0.65417420220940226,0.27178596822302836
49,0.65207497482657306,0.24262396046101461
50,0.6126130134208988,0.18948610981393144
51,0.68347519369017595,0.36153176873507581
52,0.66043660570597307,0.26624792534650232
53,0.65199559084241421,0.28771114711844142
54,0.57370672942785073,0.27249641105896505
55,0.59762734629747749,0.27070202480612876
56,0.58137155821002695,0.29615408804376064
57,0.57376847168445066,0.23942197907673279
58,0.64125248275820446,0.15461054786588843
59,0.70175082661416854,0.18089831768743628
60,0.59047409430031217,0.20927820882575598
61,0.53165160415585277,0.19782116992139967
62,0.68205512759572484,0.19506904441490225
63,0.7118324143147915,0.1536146492908865
64,0.72607717778874603,0.15832780829738094
65,0.59229989440661934,0.23113864625124234
66,0.58659316885300483,0.23784493502952006
67,0.68042337561652577,0.13220633870200035
68,0.49807277365779667,0.13998816058770355
69,0.54547299316134445,0.17117766804067866
70,0.49155458214527453,0.27678263597966024
71,0.70118632781203294,0.2613546279589905
72,0.77328334866837078,0.2123481091292575
73,0.77292171723721703,0.18870281777053707
74,0.52112900256847727,0.25775757423564521
75,0.50933627979692309,0.23297756139509343
76,0.49684675416320795,0.26805169949385199
77,0.48106726143102529,0.26380695482985939
78,0.49771114185797471,0.25943206430165505
79,0.58302095180506741,0.28397164023975729
80,0.70317971351916897,0.15759142676082871
81,0.59938258378810627,0.18471454509291502
82,0.56462183438890434,0.21799787087489689
83,0.54601984993559782,0.31438772089998279
84,0.51401103091870803,0.30755464678915012
85,0.61518853592373179,0.27889299311111609
86,0.69512679150506707,0.28369185861129786
87,0.69097243650942675,0.28845470530110412
88,0.6435016554659756,0.26022770926827871
89,0.55999118374358725,0.28193860671793386
90,0.78155677718653571,0.27444397549143851
91,0.70634619537761478,0.27294266828085001
92,0.70590518089810173,0.27260563206059507
93,0.50601985127160931,0.28499947182817098
94,0.48338699642655081,0.27609787607391717
95,0.58029548326361402,0.22525322931708924
96,0.53895480070776558,0.27410528351896168
97,0.63203528361783134,0.26166320448736652
98,0.59128556056217163,0.26839403010722462
99,0.60060860233900959,0.28390569358558992
100,0.68377508316965319,0.27451006088790803
101,0.57114002649878715,0.29040576225070913
102,0.60835281390733731,0.25676578992332139
103,0.50842778996438154,0.25684695411095565
104,0.47080926790849903,0.25821767914682148
105,0.49493275137497017,0.30452856639931269
106,0.59944432456674757,0.32879498493077008
107,0.45879603737901564,0.30987159021599747
108,0.55354355478234174,0.27217188563804595
109,0.5862315368343477,0.28868229101628279
110,0.5037706788490468,0.25984854336569985
111,0.51056229931451258,0.28221482472740972
112,0.49767586070949738,0.26455496943170281
113,0.56382800967585556,0.29489526285190548
114,0.51736274036117791,0.28182358829663562
115,0.4949680329801755,0.2764938577577381
116,0.49529438347182964,0.27692316103650888
117,0.47095921281351405,0.26269205078484148
118,0.47349945525153075,0.28155598124374226
119,0.46801323712923559,0.27130613019408645
120,0.50159206802553225,0.29007342283553406
121,0.46111577295087269,0.28161590720894825
122,0.54498787668468929,0.26700703692301797
123,0.48458655533677558,0.27593892583653146
124,0.48227564064644135,0.28517315032736018
125,0.46081588316055749,0.28635949588874132
126,0.48396913514444823,0.27905786988233111
127,0.4634884301948442,0.26973235928194739
128,0.46692834176525655,0.29440988992947043
129,0.45769350175557877,0.2696849949908941
130,0.46696362293082011,0.25814046856796835
131,0.49179272951535641,0.26977123723593632
132,0.5008952650562537,0.27012549089798732
133,0.56791180190532708,0.2674295893741358
134,0.48358986315548486,0.26446400535382752
135,0.45766704073157305,0.30253031635548161
136,0.46183903641119811,0.29384073832543689
137,0.46686659985300988,0.28960018302419127
138,0.46590518860398999,0.29655399748411543
139,0.4841808225820714,0.27511532604473526
140,0.46331202434073998,0.25262301266264597
141,0.46894818747056755,0.27108345915185167
142,0.50492613609728243,0.26272444727909161
143,0.60483352050957373,0.24790406116341554
144,0.6105843475753443,0.2588908084960605
145,0.54534950891495282,0.27956653993869524
146,0.8099845602796254,0.17116901430591303
147,0.56543330050487373,0.25476097928190689
148,0.58992723666188995,0.25768372761376118
149,0.54721058910907694,0.27014825695962341
