epoch,acc,loss
0,0.57830209481492723,0.30881262945038779
1,0.52754134508977257,0.30501061280599107
2,0.57418302094239781,0.23466502070903383
3,0.63132083793091276,0.16643290694641172
4,0.65225137816637324,0.21307108899261781
5,0.66362072767575231,0.22054861224249678
6,0.86534950385940113,0.12965583287472729
7,0.83120617419277554,0.14820973733923468
8,0.91450496140335991,0.18567100696209837
9,0.7855435501611745,0.21223076264612795
10,0.55484895258754197,0.20190777129833529
11,0.70432635059903448,0.17972834809603788
12,0.77891069459126561,0.26441358025653378
13,0.79617199559038243,0.27239314823059413
14,0.88728555677270937,0.24319303987255728
15,0.95639250274845367,0.16400568475803851
16,0.82720176405207457,0.15963831073915649
17,0.92030871003360182,0.19308867423694742
18,0.78803087100698777,0.25207879623798646
19,0.60629768466896894,0.28374947781823862
20,0.63365821388774568,0.26248959571303843
21,0.58885115765868101,0.24266202866340666
22,0.56550385887173338,0.24040252661064285
23,0.59170893053288232,0.24932781111199692
24,0.61966041895941049,0.2650288382997118
25,0.65734950385466961,0.26391142932259887
26,0.62297684674357634,0.23722577633139449
27,0.62303858874887719,0.22392651991143231
28,0.60032635060744621,0.23381208395659758
29,0.79547519293903912,0.20526128311058078
30,0.6008820286619887,0.2393915494307465
31,0.62368246967632168,0.19359699373042505
32,0.56028224916836655,0.14104031742301737
33,0.54835722160733658,0.14192400039081454
34,0.58396471885546564,0.25624212896175347
35,0.58609040793300071,0.13432011142378014
36,0.62204189635479723,0.16700750493349009
37,0.89352149944978354,0.12700054849490375
38,0.79001543549744802,0.15178851232201254
39,0.8793472987793246,0.13170025435398111
40,0.87115325247334541,0.25428690829597078
41,0.79677177508374164,0.23777291555014307
42,0.60986990077492942,0.23901836503128693
43,0.74923925027195382,0.29632049437433217
44,0.74715766262456096,0.26781822894483831
45,0.7930584343938607,0.23779604963886386
46,0.83715986769675155,0.2495011273318575
47,0.85276295479708231,0.19578458823088676
48,0.86564057331074695,0.22307229576568718
49,0.87361411245129472,0.20007780669779901
50,0.77794928334487445,0.20968716813377059
51,0.77834619625348112,0.2049162173202865
52,0.83630429988974642,0.17577036081606065
53,0.95901212789468226,0.12280498999136252
54,0.94123042998161444,0.123876743646316
55,0.87024476295059017,0.17079287098147294
56,0.54823373759279181,0.21588218835883496
57,0.48840573318291131,0.24362823330400646
58,0.62214773979760063,0.24169364210990152
59,0.69214553472462137,0.20304579978119766
60,0.67429327452563925,0.1525851121814521
61,0.53016097022680098,0.1333064292610357
62,0.54490848952170379,0.19465914943807641
63,0.50382359426313361,0.22936146557113501
64,0.49058434398644812,0.23150072533558938
65,0.53249834619993153,0.23596689298521326
66,0.54128335170209607,0.2301630102408169
67,0.54839250275239659,0.22938707793786683
68,0.5169128996650334,0.22423419627738253
69,0.61154575523178789,0.24065479237429158
70,0.88124366041948932,0.15602809545865884
71,0.93226901874363488,0.12118220536828313
72,0.88176405733291474,0.22524692796098117
73,0.91544873207590682,0.22947679741636984
74,0.89685556780595366,0.24418084894309372
75,0.85870782800546164,0.21848690522025219
76,0.66335611906756109,0.2421764293983055
77,0.5235104740869907,0.23181846726895078
78,0.49365380374546747,0.24386822189490465
79,0.74825137816243026,0.21152469507655461
80,0.83633076074341561,0.12522113486296804
81,0.86403528113927708,0.12240257696777274
82,0.88460418962932863,0.11108793797103078
83,0.76490407938468286,0.087442306924950183
84,0.67582800441329771,0.088538123331936294
85,0.7057993384806035,0.17903101834967886
86,0.73310694597048687,0.2033860770989499
87,0.66255347298997502,0.15561498645812175
88,0.71319955898934717,0.14854882969060973
89,0.6828401323000941,0.16870851491948605
90,0.69223373759174034,0.091615468793598956
91,0.65098125688743169,0.14788969479739469
92,0.6211069459694355,0.1375582759381922
93,0.73784343990496259,0.097223887833613132
94,0.69621168688087509,0.092111020610042948
95,0.77271003306871477,0.13793901363506764
96,0.74744873208694707,0.093188459221030306
97,0.59762734288443808,0.073476180231524163
98,0.56609481807527884,0.071253536197067313
99,0.53300992282617188,0.11437354233613302
100,0.56680044101012717,0.13622225043234285
101,0.5781256890812152,0.096590339289815655
102,0.56989636163490742,0.099919928310625877
103,0.54947739801017825,0.21052402907932771
104,0.55302315324774909,0.16249363961256014
105,0.54901874310573384,0.090477689563208938
106,0.50087761851918478,0.17913123253692245
107,0.57369790517666108,0.16734561033401785
108,0.63404630650759009,0.10243801953197511
109,0.56929658214259959,0.16945051199981231
110,0.53022271223289041,0.17527649524608399
111,0.48665049613744449,0.19087066075287756
112,0.51955898566230263,0.16394877024319654
113,0.52087320838295248,0.18459579191685324
114,0.54804851157189471,0.17454720122028089
115,0.52732083792407825,0.26754499864073206
116,0.4972171995626658,0.18768281377840385
117,0.50260639470441071,0.21296647724276074
118,0.49077839029190162,0.1856260578078536
119,0.53535611906992697,0.17678648900316848
120,0.54292392502467191,0.095297704675996756
121,0.53918412348769329,0.11124179040484029
122,0.646059536937579,0.19067683521744896
123,0.62624035280673485,0.15521593716245735
124,0.56655347298314052,0.17577492351090185
125,0.55827122380793948,0.1896211753808113
126,0.59064167585814542,0.19217956515657844
127,0.54789856669816051,0.17196388418910266
128,0.50564939360240069,0.1912846489244725
129,0.50430871003623046,0.2047144463708693
130,0.66983020948338534,0.18425371203736954
131,0.61450937154984397,0.1948057943539524
132,0.56117309812148319,0.19564182181531706
133,0.58652260197983297,0.20145738383903464
134,0.55474310915420177,0.24606884648842745
135,0.75735391400378227,0.17975924255145054
136,0.81085777287867,0.18903709399413168
137,0.79611907386306624,0.1809537973497222
138,0.71343770672652007,0.074866801991533019
139,0.66428224916678935,0.13642148218149486
140,0.5531289966884495,0.17488967287771623
141,0.58043660419331622,0.17654732944991583
142,0.57075192944138686,0.17749226757691086
143,0.59535170892659728,0.16061668239460072
144,0.56402205071270528,0.18504611570517868
145,0.62471444322045611,0.18932044531426534
146,0.79135611907492132,0.17615471269883157
147,0.81122822491100111,0.17113229517131334
148,0.75985887540714214,0.15757747930941371
149,0.73008158764581566,0.16800397826789118
150,0.64422491730508102,0.17752352593750195
151,0.5734244762912738,0.10257526509764053
152,0.58297684674173622,0.15356599387160041
153,0.57361852259804158,0.16799370444852338
154,0.60682690186905364,0.095515975376344778
155,0.62239470783168449,0.11562729240328745
156,0.54360308710401084,0.17948864685034926
157,0.57832855567175079,0.16854510437119588
158,0.8445689084832172,0.14725149800559062
159,0.69837265710609886,0.13363459868360231
160,0.65428004409670171,0.070653109496004479
161,0.74684895258412476,0.11644831596848852
162,0.65371554575155688,0.072026621194489798
163,0.56525689085210695,0.10163427570283098
164,0.55560749723998026,0.099987588904437111
165,0.54563175302671629,0.076572975267326537
166,0.54351488423584049,0.15221374884250538
167,0.52131422270645511,0.15215469328335066
168,0.52830871002834445,0.084823236017039991
169,0.48876736493541756,0.15656697692728705
170,0.48071444322203327,0.25712286778759003
171,0.53002866593374565,0.27349195779856167
172,0.51287320837664363,0.29634609878323126
173,0.46924807055992751,0.30388179860251641
174,0.46120396912689376,0.28287495297222409
175,0.46900992281776016,0.24128792627586568
176,0.49981918411822673,0.20003836490269936
177,0.5184299889704358,0.17022826732214141
178,0.50880705622538447,0.11422379740535989
179,0.47803307607181805,0.17804285522330349
180,0.48461300992650258,0.19016801292981642
181,0.59658654906652464,0.18198482207245528
182,0.62139801543918172,0.19456024078182699
183,0.61559426680736273,0.15133241496084807
184,0.62251819183597756,0.084911177561789869
185,0.55997353913634196,0.15176701108504409
186,0.60352811466582945,0.11719253800734888
187,0.51730981256575415,0.14082467746510002
188,0.52986108048090996,0.12696210538830208
189,0.50939801543077012,0.073579163440343251
190,0.51652480705254922,0.12973380643585922
191,0.50999779492544361,0.1755770699271805
192,0.51261742006878075,0.18783036021708102
193,0.53025799338110491,0.19207332988929127
194,0.49823153252007546,0.21146737526231146
195,0.50263285556438875,0.10914719315478591
196,0.50670782800020431,0.16298271533682129
197,0.50416758544232121,0.14606798198934395
198,0.49893715546123246,0.13692108059657301
199,0.57633517088832242,0.091896303037996147
200,0.66298566703049855,0.16394520417098424
201,0.4967497243628875,0.18840491607747542
202,0.53821389194728253,0.19244796792719124
203,0.54138919514542505,0.1799412881954226
204,0.48240793825483902,0.17869223042631902
205,0.55334068356801025,0.19985370186956566
206,0.52247850055442224,0.18500175785853207
207,0.51151488422979463,0.17829582868295679
208,0.51413450937365746,0.19116662022090991
209,0.53808158765265013,0.17933814864360975
210,0.6914575523736064,0.18670594574777971
211,0.61797574420695534,0.17979388859854856
212,0.76063506063211062,0.17103269762165388
213,0.79085336273744322,0.19522312247811877
214,0.58304740904394825,0.18009129869176616
215,0.49690848952196659,0.18722982924381351
216,0.47812127893788547,0.18169913675716928
217,0.47997353913476476,0.19433048799145214
218,0.47106504961148382,0.20161684595225451
219,0.47091510473696108,0.18970559032037987
220,0.47241455346930777,0.18053284874197112
221,0.49904299889273257,0.17070479785654818
222,0.51279382579565835,0.20074673582751371
223,0.50922160970494401,0.1913962494677057
224,0.51948842337691403,0.18373252192218126
225,0.47102094817818724,0.2681861424648897
226,0.4753958103664655,0.24297748022007293
227,0.54903638367905239,0.20052627905563794
228,0.49868136714127781,0.25212110171637353
229,0.50927453141701395,0.23073020253645907
230,0.60366923924712124,0.22527606669796765
231,0.50689305402136431,0.21973304376521974
232,0.49611466372446822,0.24687724301329997
233,0.4699977949243922,0.25915591708337093
234,0.47461962513413686,0.30301613392154164
235,0.47175303196933333,0.18234790483478402
236,0.5090628445382418,0.15803647044792057
237,0.46646968026171709,0.20071689522005912
238,0.47142668136372717,0.21736349471981159
239,0.47464608600094932,0.2612771960608592
240,0.47082690187746529,0.25275398026696222
241,0.47207938257704235,0.20917476426099751
242,0.48944652700871066,0.20013778889346467
243,0.46969790518296989,0.18057259430241379
244,0.51386990076835781,0.1976063163223572
245,0.4934156560048773,0.23832931140261315
246,0.48643880925814659,0.25818986387397552
247,0.50882469679791453,0.273991415455003
248,0.48768246967684736,0.26651359500917782
249,0.47181477398330873,0.23607288863438813
250,0.55446085998110362,0.23763787720270035
251,0.48314884233343297,0.25467528571856846
252,0.45963395809969537,0.26156714049621876
253,0.51752149945083503,0.2531191694458198
254,0.48311356118653287,0.24788883485004951
255,0.46692833516721294,0.24879366780653556
256,0.47657772877145366,0.24776300326634565
257,0.49039029768073178,0.22652806537426595
258,0.52403969129312133,0.14937847546045982
259,0.48232855567490518,0.20245204108508916
260,0.46072767364597633,0.20359463764527938
261,0.4751135611878472,0.19080010596113997
262,0.4661080485078965,0.19063955073248079
263,0.47566041896046196,0.19033565871545591
264,0.47205292171680152,0.20586350979508683
265,0.46230650495720543,0.24573809226105209
266,0.53559426680841415,0.24026416605133347
267,0.53827563395389777,0.20010446008788821
268,0.56581256890428366,0.15631629650878912
269,0.58739581036120814,0.1116884499359623
270,0.57570893053629957,0.12123672786623242
271,0.55122381476924853,0.20091295707999146
272,0.62836604190004175,0.10621418237083391
273,0.73056670341207808,0.17096476283551851
274,0.69929878721373873,0.10481437576095479
275,0.62418522601563975,0.2074031736399676
276,0.54602866592796262,0.13665423830094758
277,0.49253362733815709,0.18916889901826356
278,0.60921719955320264,0.16944018819167939
279,0.78680485115030241,0.14552947418787235
280,0.67895920616894334,0.060530484042673083
281,0.55769790517666107,0.064943389231037346
282,0.59508710033338941,0.074958469426376462
283,0.63125027563001512,0.18564893915335484
284,0.49450055126265891,0.18244147576832973
285,0.52886438808867009,0.078320592451234822
286,0.50085997794560322,0.10794220364193036
287,0.52195810364099693,0.12663608367062987
288,0.55549283352076939,0.16570826748005743
289,0.50474972436867049,0.24359603753240491
290,0.47308489526172459,0.18337738556686614
291,0.4909283351674758,0.17952480462787823
292,0.53314222712501014,0.19043336893500074
293,0.50747519293982768,0.26276009620213137
294,0.49474751929017124,0.19524853944806847
295,0.48253142226806944,0.21620709057364815
296,0.48949062844253294,0.23236178250800738
297,0.51140904079698013,0.26750424758051145
298,0.51712458654380555,0.17155100879132493
299,0.47634840131988859,0.16709121276023531
300,0.4860418963576888,0.19498531194899932
301,0.69846968026723721,0.18014112341249786
302,0.53112238147345503,0.19178023173682296
303,0.57459757441591142,0.20627665406244572
304,0.49549724365568737,0.19884818391831102
305,0.53320396913215107,0.20422598142765386
306,0.5291289966871352,0.21218536655134332
307,0.63892392502966633,0.19419731437199253
308,0.63065049614322755,0.208323368833633
309,0.70632855567411656,0.1851278707820109
310,0.52666813671076307,0.18281677918333181
311,0.5383550165401404,0.21416673178160445
312,0.60006174200083218,0.18129990277978011
313,0.51601323043209191,0.1542633866085463
314,0.61536493935684911,0.11328827004219932
315,0.5793869900803319,0.085761640785390336
316,0.55275854464849539,0.11659686722274679
317,0.54056890849110306,0.12713223146332112
318,0.51912679161678466,0.17947042844937591
319,0.49885777288129862,0.18437453360549844
320,0.48045865490286721,0.11659018001932964
321,0.49166041896729645,0.10865773647802891
322,0.53091951488160505,0.07036752216566905
323,0.5300022050669333,0.13710209711479748
324,0.52514222712606162,0.17941942810541525
325,0.50066593163752104,0.21592264044429474
326,0.60279603087363198,0.1414292337154259
327,0.65086659315691764,0.095992006709619507
328,0.54006615214468756,0.19446722452298587
329,0.550438809257358,0.18559002794634782
330,0.50004851157294616,0.2055680101811411
331,0.54531422270803231,0.1914922729598155
332,0.54774862182705508,0.22636077908355537
333,0.46665490628813433,0.18010994909986505
334,0.48350165380033139,0.21837086286166366
335,0.46946857772483319,0.20100333608162491
336,0.49076074972042305,0.20447747593229279
337,0.56313120176721176,0.19292501367696446
338,0.56869680264188016,0.19819939914054124
339,0.55237927232319628,0.22690534830555709
340,0.72789415656113965,0.20224528017695395
341,0.73336273428413279,0.20681362323083285
342,0.79169128996350668,0.1210875034326919
343,0.55836824696382059,0.19466291502293742
344,0.50393825799706493,0.17999912898140083
345,0.56397794927756872,0.23136808733281783
346,0.65938699007928048,0.19427898225986753
347,0.55334068357589616,0.17637478498599621
348,0.48324586548589687,0.17701956265309024
349,0.49368908489131613,0.17462923271549083
350,0.52122601984143913,0.15649551602995601
351,0.61241896361237458,0.13953580412335254
352,0.72669459757599841,0.11040147402182596
353,0.59462844542763071,0.12165107374279857
354,0.65110474090775949,0.07281283478367799
355,0.56687100330287588,0.064921497545441478
356,0.56893495038956765,0.063578766734462638
357,0.5475192943728614,0.1054999081499563
358,0.58776626240615681,0.20106117923301234
359,0.65166041896729643,0.21649330259156063
360,0.73563836824171069,0.18080341453928686
361,0.63726571113666342,0.18682056362766084
362,0.70739581036751698,0.12703700095563697
363,0.60373098125794233,0.12813076693789988
364,0.59075633957315044,0.15640188247475956
365,0.55850055127159637,0.062649954103523309
366,0.53560308709665061,0.061898560006412702
367,0.5069371554533465,0.16930535811763658
368,0.57750826901558872,0.16657118374456795
369,0.60710033075812109,0.11634618716803867
370,0.50843660418490455,0.17725686706789037
371,0.5740771775114234,0.18976974118945009
372,0.59163836824171068,0.18157428946564691
373,0.53078721058118961,0.11871831524871647
374,0.54885997794534036,0.21947755699584226
375,0.53297464167953457,0.18502141645904557
376,0.5430915104772448,0.17619545036741441
377,0.51387872106211452,0.1430344362579197
378,0.50627563395416064,0.21116275284865224
379,0.49212789415235425,0.21307656047926787
380,0.56239029768073179,0.10557035431095937
381,0.69229547959914417,0.18254894693387527
382,0.61737596471359601,0.18021965556883154
383,0.51252921719535316,0.08942104778952728
384,0.48892613009528524,0.092274626271834831
385,0.50228004409801608,0.093866769242809178
386,0.47820948180447864,0.19149301511371106
387,0.46069239249907623,0.18553363690461092
388,0.46641675854044684,0.22045704929899684
389,0.52884674751245986,0.28417102516235454
390,0.63350826902137181,0.20764977413072894
391,0.65525027562975224,0.21474687491518371
392,0.50908048511208615,0.19735681010230433
393,0.49681146637528578,0.19776950447252059
394,0.73402425578515873,0.12240670464735154
395,0.63228224916626363,0.16888577701780663
396,0.89409481807422742,0.068756343319091237
397,0.85897243660050948,0.16648815972061576
398,0.50114222711922707,0.17970574554394131
399,0.54303858875071731,0.17716990099216623
400,0.48421609702630763,0.19457746992357766
401,0.71339360528691464,0.1780504201512732
402,0.67631312016957124,0.18141073349206263
403,0.70889525909802353,0.1654752768016346
404,0.6938302094799681,0.17297278557991805
405,0.56456008819813497,0.078010366985355406
406,0.50894818081193349,0.080054939999839564
407,0.53407717750458894,0.067981338057550703
408,0.5316251378135618,0.14489683742248149
409,0.75421389195359134,0.18012548836126255
410,0.6684277838990339,0.068100101413966913
411,0.56942888643512912,0.12211045116883266
412,0.5773759647225335,0.24484668016783273
413,0.46796912899248655,0.28829294935168054
414,0.68435722160286783,0.21585205226664975
415,0.87809481808316481,0.19311157464686793
416,0.72638588754397371,0.30187644251237666
417,0.57527673649761613,0.3208998724686779
418,0.53179272326035165,0.2916585753260672
419,0.49953693494749435,0.17773999302298327
420,0.48499228224549301,0.20790761852475934
421,0.48243439912165142,0.2177805249122603
422,0.49815214994014162,0.18165216953564095
423,0.63417861080695404,0.27408562479031817
424,0.60219625137396393,0.32331009591479498
425,0.59966482910799745,0.30180153025693301
426,0.67508710033391517,0.19871026017314594
427,0.48158765159341965,0.19138924695231066
428,0.46684013230088267,0.17692104709642947
429,0.45851378169501367,0.18825752092213674
430,0.46133627342625777,0.19713423307208525
431,0.48876736493462897,0.14423457191599282
432,0.88257552370452041,0.090266308815705729
433,0.89151929436918131,0.16591650225480997
434,0.53144873207906118,0.17754386864534807
435,0.47433737596051301,0.17511964092162099
436,0.47791841235208143,0.14259288898475309
437,0.48016758544258403,0.13195809611971659
438,0.52598897463746996,0.14012190200051733
439,0.51280264608126624,0.11047346523330345
440,0.46122160970599546,0.17653568568479594
441,0.461098125686982,0.1786797958187723
442,0.49206615214468757,0.15414342431508121
443,0.50530540242163591,0.068784285327972136
444,0.47225578830996578,0.067360598116422477
445,0.48462183020475025,0.085139955287557426
446,0.69547078279702379,0.071718236022424706
447,0.51742447629258814,0.22196382866617095
448,0.49508269018322526,0.20972711365290603
449,0.51357001102115252,0.14309424334093421
450,0.47590738698613422,0.15938797012538514
451,0.52933186328240245,0.1185080182444133
452,0.47563395810100972,0.093130647643427933
453,0.65365380375125048,0.075827136220614558
454,0.65380374862393309,0.13725694270850758
455,0.69520617419382702,0.14377210453447714
456,0.77431532524333901,0.17987107702303184
457,0.55963836825064817,0.17853108343455507
458,0.50692833516616154,0.17753632578338813
459,0.46969790517823828,0.17871699541785951
460,0.46541124585865612,0.1801433259504655
461,0.69125468577097904,0.18148078151661645
462,0.58356780595737356,0.17447597502731113
463,0.46403528114295717,0.17590094301818973
464,0.56259316427836481,0.19259852728588756
465,0.67476957000629378,0.1717453205766519
466,0.65733186328082516,0.17290333287382334
467,0.53662624034913131,0.17556082881757112
468,0.57472987871737835,0.14655916005930761
469,0.62747519293851339,0.11154750202837944
470,0.56028224916941805,0.056281466516925255
471,0.55775082689661704,0.065506553615935131
472,0.51827122381109392,0.078471216200765484
473,0.50532304299469166,0.20418186706305125
474,0.73029327453194803,0.079261872723495816
475,0.93660859977528699,0.13596288021859293
476,0.58152149944084608,0.16890263336826045
477,0.68507166483278703,0.13689690099999061
478,0.77270121278573556,0.074389411763156527
479,0.63346416758150359,0.14095570202107896
480,0.62158324144798704,0.22293983787883359
481,0.83021830208850933,0.084963780133131953
482,0.91935611906598391,0.057708841441920136
483,0.95159426681367143,0.064383707378747851
484,0.91465490627656831,0.17851227150021157
485,0.90608158765265012,0.17882440945724717
486,0.87516648291174604,0.19100137140676388
487,0.74608158764818144,0.17039943528975574
488,0.63842116868798238,0.14452105863624054
489,0.98021609702315327,0.156614865919663
490,0.83894156560140776,0.19095906119802561
491,0.93617640572530036,0.13732322430527691
492,0.9451554575523704,0.18912233701128156
493,0.61233958103349218,0.22070031970729814
494,0.46867475192680907,0.33674669272589197
495,0.46793384784716363,0.33472587484057109
496,0.46111576625898626,0.33416110068357491
497,0.45785226019451347,0.33085194701112791
498,0.48297243660418965,0.31751825118918525
499,0.55542227122696919,0.23211673212841552
